mkdir -p build/devices
mkdir -p build/filesys
mkdir -p build/lib
mkdir -p build/lib/kernel
mkdir -p build/lib/user
mkdir -p build/tests/filesys/base
mkdir -p build/tests/userprog
mkdir -p build/tests/userprog/no-vm
mkdir -p build/threads
mkdir -p build/userprog
cp ../Makefile.build build/Makefile
cd build && make grade
make[1]: Entering directory '/home/team46a/pintos/src/userprog/build'
gcc-4.1 -m32 -E -nostdinc -I../.. -I../../lib -I../../lib/kernel -P ../../threads/kernel.lds.S > threads/kernel.lds.s
gcc-4.1 -m32 -c ../../threads/start.S -o threads/start.o -Wa,--gstabs -nostdinc -I../.. -I../../lib -I../../lib/kernel -DUSERPROG -DFILESYS -MMD -MF threads/start.d
gcc-4.1 -m32 -c ../../threads/init.c -o threads/init.o -g -msoft-float -O -fno-stack-protector -nostdinc -I../.. -I../../lib -I../../lib/kernel -Wall -W -Wstrict-prototypes -Wmissing-prototypes -Wsystem-headers -DUSERPROG -DFILESYS -MMD -MF threads/init.d
gcc-4.1 -m32 -c ../../threads/thread.c -o threads/thread.o -g -msoft-float -O -fno-stack-protector -nostdinc -I../.. -I../../lib -I../../lib/kernel -Wall -W -Wstrict-prototypes -Wmissing-prototypes -Wsystem-headers -DUSERPROG -DFILESYS -MMD -MF threads/thread.d
gcc-4.1 -m32 -c ../../threads/switch.S -o threads/switch.o -Wa,--gstabs -nostdinc -I../.. -I../../lib -I../../lib/kernel -DUSERPROG -DFILESYS -MMD -MF threads/switch.d
gcc-4.1 -m32 -c ../../threads/interrupt.c -o threads/interrupt.o -g -msoft-float -O -fno-stack-protector -nostdinc -I../.. -I../../lib -I../../lib/kernel -Wall -W -Wstrict-prototypes -Wmissing-prototypes -Wsystem-headers -DUSERPROG -DFILESYS -MMD -MF threads/interrupt.d
gcc-4.1 -m32 -c ../../threads/intr-stubs.S -o threads/intr-stubs.o -Wa,--gstabs -nostdinc -I../.. -I../../lib -I../../lib/kernel -DUSERPROG -DFILESYS -MMD -MF threads/intr-stubs.d
gcc-4.1 -m32 -c ../../threads/synch.c -o threads/synch.o -g -msoft-float -O -fno-stack-protector -nostdinc -I../.. -I../../lib -I../../lib/kernel -Wall -W -Wstrict-prototypes -Wmissing-prototypes -Wsystem-headers -DUSERPROG -DFILESYS -MMD -MF threads/synch.d
gcc-4.1 -m32 -c ../../threads/palloc.c -o threads/palloc.o -g -msoft-float -O -fno-stack-protector -nostdinc -I../.. -I../../lib -I../../lib/kernel -Wall -W -Wstrict-prototypes -Wmissing-prototypes -Wsystem-headers -DUSERPROG -DFILESYS -MMD -MF threads/palloc.d
gcc-4.1 -m32 -c ../../threads/malloc.c -o threads/malloc.o -g -msoft-float -O -fno-stack-protector -nostdinc -I../.. -I../../lib -I../../lib/kernel -Wall -W -Wstrict-prototypes -Wmissing-prototypes -Wsystem-headers -DUSERPROG -DFILESYS -MMD -MF threads/malloc.d
gcc-4.1 -m32 -c ../../devices/pit.c -o devices/pit.o -g -msoft-float -O -fno-stack-protector -nostdinc -I../.. -I../../lib -I../../lib/kernel -Wall -W -Wstrict-prototypes -Wmissing-prototypes -Wsystem-headers -DUSERPROG -DFILESYS -MMD -MF devices/pit.d
gcc-4.1 -m32 -c ../../devices/timer.c -o devices/timer.o -g -msoft-float -O -fno-stack-protector -nostdinc -I../.. -I../../lib -I../../lib/kernel -Wall -W -Wstrict-prototypes -Wmissing-prototypes -Wsystem-headers -DUSERPROG -DFILESYS -MMD -MF devices/timer.d
gcc-4.1 -m32 -c ../../devices/kbd.c -o devices/kbd.o -g -msoft-float -O -fno-stack-protector -nostdinc -I../.. -I../../lib -I../../lib/kernel -Wall -W -Wstrict-prototypes -Wmissing-prototypes -Wsystem-headers -DUSERPROG -DFILESYS -MMD -MF devices/kbd.d
gcc-4.1 -m32 -c ../../devices/vga.c -o devices/vga.o -g -msoft-float -O -fno-stack-protector -nostdinc -I../.. -I../../lib -I../../lib/kernel -Wall -W -Wstrict-prototypes -Wmissing-prototypes -Wsystem-headers -DUSERPROG -DFILESYS -MMD -MF devices/vga.d
gcc-4.1 -m32 -c ../../devices/serial.c -o devices/serial.o -g -msoft-float -O -fno-stack-protector -nostdinc -I../.. -I../../lib -I../../lib/kernel -Wall -W -Wstrict-prototypes -Wmissing-prototypes -Wsystem-headers -DUSERPROG -DFILESYS -MMD -MF devices/serial.d
gcc-4.1 -m32 -c ../../devices/block.c -o devices/block.o -g -msoft-float -O -fno-stack-protector -nostdinc -I../.. -I../../lib -I../../lib/kernel -Wall -W -Wstrict-prototypes -Wmissing-prototypes -Wsystem-headers -DUSERPROG -DFILESYS -MMD -MF devices/block.d
gcc-4.1 -m32 -c ../../devices/partition.c -o devices/partition.o -g -msoft-float -O -fno-stack-protector -nostdinc -I../.. -I../../lib -I../../lib/kernel -Wall -W -Wstrict-prototypes -Wmissing-prototypes -Wsystem-headers -DUSERPROG -DFILESYS -MMD -MF devices/partition.d
gcc-4.1 -m32 -c ../../devices/ide.c -o devices/ide.o -g -msoft-float -O -fno-stack-protector -nostdinc -I../.. -I../../lib -I../../lib/kernel -Wall -W -Wstrict-prototypes -Wmissing-prototypes -Wsystem-headers -DUSERPROG -DFILESYS -MMD -MF devices/ide.d
gcc-4.1 -m32 -c ../../devices/input.c -o devices/input.o -g -msoft-float -O -fno-stack-protector -nostdinc -I../.. -I../../lib -I../../lib/kernel -Wall -W -Wstrict-prototypes -Wmissing-prototypes -Wsystem-headers -DUSERPROG -DFILESYS -MMD -MF devices/input.d
gcc-4.1 -m32 -c ../../devices/intq.c -o devices/intq.o -g -msoft-float -O -fno-stack-protector -nostdinc -I../.. -I../../lib -I../../lib/kernel -Wall -W -Wstrict-prototypes -Wmissing-prototypes -Wsystem-headers -DUSERPROG -DFILESYS -MMD -MF devices/intq.d
gcc-4.1 -m32 -c ../../devices/rtc.c -o devices/rtc.o -g -msoft-float -O -fno-stack-protector -nostdinc -I../.. -I../../lib -I../../lib/kernel -Wall -W -Wstrict-prototypes -Wmissing-prototypes -Wsystem-headers -DUSERPROG -DFILESYS -MMD -MF devices/rtc.d
gcc-4.1 -m32 -c ../../devices/shutdown.c -o devices/shutdown.o -g -msoft-float -O -fno-stack-protector -nostdinc -I../.. -I../../lib -I../../lib/kernel -Wall -W -Wstrict-prototypes -Wmissing-prototypes -Wsystem-headers -DUSERPROG -DFILESYS -MMD -MF devices/shutdown.d
gcc-4.1 -m32 -c ../../devices/speaker.c -o devices/speaker.o -g -msoft-float -O -fno-stack-protector -nostdinc -I../.. -I../../lib -I../../lib/kernel -Wall -W -Wstrict-prototypes -Wmissing-prototypes -Wsystem-headers -DUSERPROG -DFILESYS -MMD -MF devices/speaker.d
gcc-4.1 -m32 -c ../../lib/debug.c -o lib/debug.o -g -msoft-float -O -fno-stack-protector -nostdinc -I../.. -I../../lib -I../../lib/kernel -Wall -W -Wstrict-prototypes -Wmissing-prototypes -Wsystem-headers -DUSERPROG -DFILESYS -MMD -MF lib/debug.d
gcc-4.1 -m32 -c ../../lib/random.c -o lib/random.o -g -msoft-float -O -fno-stack-protector -nostdinc -I../.. -I../../lib -I../../lib/kernel -Wall -W -Wstrict-prototypes -Wmissing-prototypes -Wsystem-headers -DUSERPROG -DFILESYS -MMD -MF lib/random.d
gcc-4.1 -m32 -c ../../lib/stdio.c -o lib/stdio.o -g -msoft-float -O -fno-stack-protector -nostdinc -I../.. -I../../lib -I../../lib/kernel -Wall -W -Wstrict-prototypes -Wmissing-prototypes -Wsystem-headers -DUSERPROG -DFILESYS -MMD -MF lib/stdio.d
gcc-4.1 -m32 -c ../../lib/stdlib.c -o lib/stdlib.o -g -msoft-float -O -fno-stack-protector -nostdinc -I../.. -I../../lib -I../../lib/kernel -Wall -W -Wstrict-prototypes -Wmissing-prototypes -Wsystem-headers -DUSERPROG -DFILESYS -MMD -MF lib/stdlib.d
gcc-4.1 -m32 -c ../../lib/string.c -o lib/string.o -g -msoft-float -O -fno-stack-protector -nostdinc -I../.. -I../../lib -I../../lib/kernel -Wall -W -Wstrict-prototypes -Wmissing-prototypes -Wsystem-headers -DUSERPROG -DFILESYS -MMD -MF lib/string.d
gcc-4.1 -m32 -c ../../lib/arithmetic.c -o lib/arithmetic.o -g -msoft-float -O -fno-stack-protector -nostdinc -I../.. -I../../lib -I../../lib/kernel -Wall -W -Wstrict-prototypes -Wmissing-prototypes -Wsystem-headers -DUSERPROG -DFILESYS -MMD -MF lib/arithmetic.d
gcc-4.1 -m32 -c ../../lib/ustar.c -o lib/ustar.o -g -msoft-float -O -fno-stack-protector -nostdinc -I../.. -I../../lib -I../../lib/kernel -Wall -W -Wstrict-prototypes -Wmissing-prototypes -Wsystem-headers -DUSERPROG -DFILESYS -MMD -MF lib/ustar.d
gcc-4.1 -m32 -c ../../lib/kernel/debug.c -o lib/kernel/debug.o -g -msoft-float -O -fno-stack-protector -nostdinc -I../.. -I../../lib -I../../lib/kernel -Wall -W -Wstrict-prototypes -Wmissing-prototypes -Wsystem-headers -DUSERPROG -DFILESYS -MMD -MF lib/kernel/debug.d
gcc-4.1 -m32 -c ../../lib/kernel/list.c -o lib/kernel/list.o -g -msoft-float -O -fno-stack-protector -nostdinc -I../.. -I../../lib -I../../lib/kernel -Wall -W -Wstrict-prototypes -Wmissing-prototypes -Wsystem-headers -DUSERPROG -DFILESYS -MMD -MF lib/kernel/list.d
gcc-4.1 -m32 -c ../../lib/kernel/bitmap.c -o lib/kernel/bitmap.o -g -msoft-float -O -fno-stack-protector -nostdinc -I../.. -I../../lib -I../../lib/kernel -Wall -W -Wstrict-prototypes -Wmissing-prototypes -Wsystem-headers -DUSERPROG -DFILESYS -MMD -MF lib/kernel/bitmap.d
gcc-4.1 -m32 -c ../../lib/kernel/hash.c -o lib/kernel/hash.o -g -msoft-float -O -fno-stack-protector -nostdinc -I../.. -I../../lib -I../../lib/kernel -Wall -W -Wstrict-prototypes -Wmissing-prototypes -Wsystem-headers -DUSERPROG -DFILESYS -MMD -MF lib/kernel/hash.d
gcc-4.1 -m32 -c ../../lib/kernel/console.c -o lib/kernel/console.o -g -msoft-float -O -fno-stack-protector -nostdinc -I../.. -I../../lib -I../../lib/kernel -Wall -W -Wstrict-prototypes -Wmissing-prototypes -Wsystem-headers -DUSERPROG -DFILESYS -MMD -MF lib/kernel/console.d
gcc-4.1 -m32 -c ../../userprog/process.c -o userprog/process.o -g -msoft-float -O -fno-stack-protector -nostdinc -I../.. -I../../lib -I../../lib/kernel -Wall -W -Wstrict-prototypes -Wmissing-prototypes -Wsystem-headers -DUSERPROG -DFILESYS -MMD -MF userprog/process.d
gcc-4.1 -m32 -c ../../userprog/pagedir.c -o userprog/pagedir.o -g -msoft-float -O -fno-stack-protector -nostdinc -I../.. -I../../lib -I../../lib/kernel -Wall -W -Wstrict-prototypes -Wmissing-prototypes -Wsystem-headers -DUSERPROG -DFILESYS -MMD -MF userprog/pagedir.d
gcc-4.1 -m32 -c ../../userprog/exception.c -o userprog/exception.o -g -msoft-float -O -fno-stack-protector -nostdinc -I../.. -I../../lib -I../../lib/kernel -Wall -W -Wstrict-prototypes -Wmissing-prototypes -Wsystem-headers -DUSERPROG -DFILESYS -MMD -MF userprog/exception.d
gcc-4.1 -m32 -c ../../userprog/syscall.c -o userprog/syscall.o -g -msoft-float -O -fno-stack-protector -nostdinc -I../.. -I../../lib -I../../lib/kernel -Wall -W -Wstrict-prototypes -Wmissing-prototypes -Wsystem-headers -DUSERPROG -DFILESYS -MMD -MF userprog/syscall.d
gcc-4.1 -m32 -c ../../userprog/gdt.c -o userprog/gdt.o -g -msoft-float -O -fno-stack-protector -nostdinc -I../.. -I../../lib -I../../lib/kernel -Wall -W -Wstrict-prototypes -Wmissing-prototypes -Wsystem-headers -DUSERPROG -DFILESYS -MMD -MF userprog/gdt.d
gcc-4.1 -m32 -c ../../userprog/tss.c -o userprog/tss.o -g -msoft-float -O -fno-stack-protector -nostdinc -I../.. -I../../lib -I../../lib/kernel -Wall -W -Wstrict-prototypes -Wmissing-prototypes -Wsystem-headers -DUSERPROG -DFILESYS -MMD -MF userprog/tss.d
gcc-4.1 -m32 -c ../../filesys/filesys.c -o filesys/filesys.o -g -msoft-float -O -fno-stack-protector -nostdinc -I../.. -I../../lib -I../../lib/kernel -Wall -W -Wstrict-prototypes -Wmissing-prototypes -Wsystem-headers -DUSERPROG -DFILESYS -MMD -MF filesys/filesys.d
gcc-4.1 -m32 -c ../../filesys/free-map.c -o filesys/free-map.o -g -msoft-float -O -fno-stack-protector -nostdinc -I../.. -I../../lib -I../../lib/kernel -Wall -W -Wstrict-prototypes -Wmissing-prototypes -Wsystem-headers -DUSERPROG -DFILESYS -MMD -MF filesys/free-map.d
gcc-4.1 -m32 -c ../../filesys/file.c -o filesys/file.o -g -msoft-float -O -fno-stack-protector -nostdinc -I../.. -I../../lib -I../../lib/kernel -Wall -W -Wstrict-prototypes -Wmissing-prototypes -Wsystem-headers -DUSERPROG -DFILESYS -MMD -MF filesys/file.d
gcc-4.1 -m32 -c ../../filesys/directory.c -o filesys/directory.o -g -msoft-float -O -fno-stack-protector -nostdinc -I../.. -I../../lib -I../../lib/kernel -Wall -W -Wstrict-prototypes -Wmissing-prototypes -Wsystem-headers -DUSERPROG -DFILESYS -MMD -MF filesys/directory.d
gcc-4.1 -m32 -c ../../filesys/inode.c -o filesys/inode.o -g -msoft-float -O -fno-stack-protector -nostdinc -I../.. -I../../lib -I../../lib/kernel -Wall -W -Wstrict-prototypes -Wmissing-prototypes -Wsystem-headers -DUSERPROG -DFILESYS -MMD -MF filesys/inode.d
gcc-4.1 -m32 -c ../../filesys/fsutil.c -o filesys/fsutil.o -g -msoft-float -O -fno-stack-protector -nostdinc -I../.. -I../../lib -I../../lib/kernel -Wall -W -Wstrict-prototypes -Wmissing-prototypes -Wsystem-headers -DUSERPROG -DFILESYS -MMD -MF filesys/fsutil.d
ld -melf_i386 -T threads/kernel.lds.s -o kernel.o threads/start.o threads/init.o threads/thread.o threads/switch.o threads/interrupt.o threads/intr-stubs.o threads/synch.o threads/palloc.o threads/malloc.o devices/pit.o devices/timer.o devices/kbd.o devices/vga.o devices/serial.o devices/block.o devices/partition.o devices/ide.o devices/input.o devices/intq.o devices/rtc.o devices/shutdown.o devices/speaker.o lib/debug.o lib/random.o lib/stdio.o lib/stdlib.o lib/string.o lib/arithmetic.o lib/ustar.o lib/kernel/debug.o lib/kernel/list.o lib/kernel/bitmap.o lib/kernel/hash.o lib/kernel/console.o userprog/process.o userprog/pagedir.o userprog/exception.o userprog/syscall.o userprog/gdt.o userprog/tss.o filesys/filesys.o filesys/free-map.o filesys/file.o filesys/directory.o filesys/inode.o filesys/fsutil.o
objcopy -R .note -R .comment -S kernel.o kernel.bin
gcc-4.1 -m32 -c ../../threads/loader.S -o threads/loader.o -Wa,--gstabs -nostdinc -I../.. -I../../lib 
ld -melf_i386 -N -e 0 -Ttext 0x7c00 --oformat binary -o loader.bin threads/loader.o
gcc-4.1 -m32 -c ../../tests/userprog/args.c -o tests/userprog/args.o -g -msoft-float -O -fno-stack-protector -nostdinc -I../.. -I../../lib -I../../lib/user -I. -Wall -W -Wstrict-prototypes -Wmissing-prototypes -Wsystem-headers  -MMD -MF tests/userprog/args.d
gcc-4.1 -m32 -c ../../tests/lib.c -o tests/lib.o -g -msoft-float -O -fno-stack-protector -nostdinc -I../.. -I../../lib -I../../lib/user -I. -Wall -W -Wstrict-prototypes -Wmissing-prototypes -Wsystem-headers  -MMD -MF tests/lib.d
gcc-4.1 -m32 -c ../../lib/user/entry.c -o lib/user/entry.o -g -msoft-float -O -fno-stack-protector -nostdinc -I../.. -I../../lib -I../../lib/user -I. -Wall -W -Wstrict-prototypes -Wmissing-prototypes -Wsystem-headers  -MMD -MF lib/user/entry.d
gcc-4.1 -m32 -c ../../lib/user/debug.c -o lib/user/debug.o -g -msoft-float -O -fno-stack-protector -nostdinc -I../.. -I../../lib -I../../lib/user -I. -Wall -W -Wstrict-prototypes -Wmissing-prototypes -Wsystem-headers  -MMD -MF lib/user/debug.d
gcc-4.1 -m32 -c ../../lib/user/syscall.c -o lib/user/syscall.o -g -msoft-float -O -fno-stack-protector -nostdinc -I../.. -I../../lib -I../../lib/user -I. -Wall -W -Wstrict-prototypes -Wmissing-prototypes -Wsystem-headers  -MMD -MF lib/user/syscall.d
gcc-4.1 -m32 -c ../../lib/user/console.c -o lib/user/console.o -g -msoft-float -O -fno-stack-protector -nostdinc -I../.. -I../../lib -I../../lib/user -I. -Wall -W -Wstrict-prototypes -Wmissing-prototypes -Wsystem-headers  -MMD -MF lib/user/console.d
rm -f libc.a
ar r libc.a lib/debug.o lib/random.o lib/stdio.o lib/stdlib.o lib/string.o lib/arithmetic.o lib/ustar.o lib/user/debug.o lib/user/syscall.o lib/user/console.o
ranlib libc.a
gcc-4.1 -m32  -Wl,--build-id=none -nostdlib -static -Wl,-T,../../lib/user/user.lds tests/userprog/args.o tests/lib.o lib/user/entry.o libc.a -o tests/userprog/args-none
pintos -v -k -T 60 --qemu  --filesys-size=2 -p tests/userprog/args-none -a args-none -- -q  -f run args-none < /dev/null 2> tests/userprog/args-none.errors > tests/userprog/args-none.output
perl -I../.. ../../tests/userprog/args-none.ck tests/userprog/args-none tests/userprog/args-none.result
FAIL tests/userprog/args-none
Run didn't produce any output
gcc-4.1 -m32  -Wl,--build-id=none -nostdlib -static -Wl,-T,../../lib/user/user.lds tests/userprog/args.o tests/lib.o lib/user/entry.o libc.a -o tests/userprog/args-single
pintos -v -k -T 60 --qemu  --filesys-size=2 -p tests/userprog/args-single -a args-single -- -q  -f run 'args-single onearg' < /dev/null 2> tests/userprog/args-single.errors > tests/userprog/args-single.output
perl -I../.. ../../tests/userprog/args-single.ck tests/userprog/args-single tests/userprog/args-single.result
FAIL tests/userprog/args-single
Run didn't produce any output
gcc-4.1 -m32  -Wl,--build-id=none -nostdlib -static -Wl,-T,../../lib/user/user.lds tests/userprog/args.o tests/lib.o lib/user/entry.o libc.a -o tests/userprog/args-multiple
pintos -v -k -T 60 --qemu  --filesys-size=2 -p tests/userprog/args-multiple -a args-multiple -- -q  -f run 'args-multiple some arguments for you!' < /dev/null 2> tests/userprog/args-multiple.errors > tests/userprog/args-multiple.output
perl -I../.. ../../tests/userprog/args-multiple.ck tests/userprog/args-multiple tests/userprog/args-multiple.result
FAIL tests/userprog/args-multiple
Run didn't produce any output
gcc-4.1 -m32  -Wl,--build-id=none -nostdlib -static -Wl,-T,../../lib/user/user.lds tests/userprog/args.o tests/lib.o lib/user/entry.o libc.a -o tests/userprog/args-many
pintos -v -k -T 60 --qemu  --filesys-size=2 -p tests/userprog/args-many -a args-many -- -q  -f run 'args-many a b c d e f g h i j k l m n o p q r s t u v' < /dev/null 2> tests/userprog/args-many.errors > tests/userprog/args-many.output
perl -I../.. ../../tests/userprog/args-many.ck tests/userprog/args-many tests/userprog/args-many.result
FAIL tests/userprog/args-many
Run didn't produce any output
gcc-4.1 -m32  -Wl,--build-id=none -nostdlib -static -Wl,-T,../../lib/user/user.lds tests/userprog/args.o tests/lib.o lib/user/entry.o libc.a -o tests/userprog/args-dbl-space
pintos -v -k -T 60 --qemu  --filesys-size=2 -p tests/userprog/args-dbl-space -a args-dbl-space -- -q  -f run 'args-dbl-space two  spaces!' < /dev/null 2> tests/userprog/args-dbl-space.errors > tests/userprog/args-dbl-space.output
perl -I../.. ../../tests/userprog/args-dbl-space.ck tests/userprog/args-dbl-space tests/userprog/args-dbl-space.result
FAIL tests/userprog/args-dbl-space
Run didn't produce any output
gcc-4.1 -m32 -c ../../tests/userprog/sc-bad-sp.c -o tests/userprog/sc-bad-sp.o -g -msoft-float -O -fno-stack-protector -nostdinc -I../.. -I../../lib -I../../lib/user -I. -Wall -W -Wstrict-prototypes -Wmissing-prototypes -Wsystem-headers  -MMD -MF tests/userprog/sc-bad-sp.d
gcc-4.1 -m32 -c ../../tests/main.c -o tests/main.o -g -msoft-float -O -fno-stack-protector -nostdinc -I../.. -I../../lib -I../../lib/user -I. -Wall -W -Wstrict-prototypes -Wmissing-prototypes -Wsystem-headers  -MMD -MF tests/main.d
gcc-4.1 -m32  -Wl,--build-id=none -nostdlib -static -Wl,-T,../../lib/user/user.lds tests/userprog/sc-bad-sp.o tests/main.o tests/lib.o lib/user/entry.o libc.a -o tests/userprog/sc-bad-sp
pintos -v -k -T 60 --qemu  --filesys-size=2 -p tests/userprog/sc-bad-sp -a sc-bad-sp -- -q  -f run sc-bad-sp < /dev/null 2> tests/userprog/sc-bad-sp.errors > tests/userprog/sc-bad-sp.output
perl -I../.. ../../tests/userprog/sc-bad-sp.ck tests/userprog/sc-bad-sp tests/userprog/sc-bad-sp.result
FAIL tests/userprog/sc-bad-sp
Run didn't produce any output
gcc-4.1 -m32 -c ../../tests/userprog/sc-bad-arg.c -o tests/userprog/sc-bad-arg.o -g -msoft-float -O -fno-stack-protector -nostdinc -I../.. -I../../lib -I../../lib/user -I. -Wall -W -Wstrict-prototypes -Wmissing-prototypes -Wsystem-headers  -MMD -MF tests/userprog/sc-bad-arg.d
gcc-4.1 -m32  -Wl,--build-id=none -nostdlib -static -Wl,-T,../../lib/user/user.lds tests/userprog/sc-bad-arg.o tests/main.o tests/lib.o lib/user/entry.o libc.a -o tests/userprog/sc-bad-arg
pintos -v -k -T 60 --qemu  --filesys-size=2 -p tests/userprog/sc-bad-arg -a sc-bad-arg -- -q  -f run sc-bad-arg < /dev/null 2> tests/userprog/sc-bad-arg.errors > tests/userprog/sc-bad-arg.output
perl -I../.. ../../tests/userprog/sc-bad-arg.ck tests/userprog/sc-bad-arg tests/userprog/sc-bad-arg.result
FAIL tests/userprog/sc-bad-arg
Run didn't produce any output
gcc-4.1 -m32 -c ../../tests/userprog/sc-boundary.c -o tests/userprog/sc-boundary.o -g -msoft-float -O -fno-stack-protector -nostdinc -I../.. -I../../lib -I../../lib/user -I. -Wall -W -Wstrict-prototypes -Wmissing-prototypes -Wsystem-headers  -MMD -MF tests/userprog/sc-boundary.d
gcc-4.1 -m32 -c ../../tests/userprog/boundary.c -o tests/userprog/boundary.o -g -msoft-float -O -fno-stack-protector -nostdinc -I../.. -I../../lib -I../../lib/user -I. -Wall -W -Wstrict-prototypes -Wmissing-prototypes -Wsystem-headers  -MMD -MF tests/userprog/boundary.d
gcc-4.1 -m32  -Wl,--build-id=none -nostdlib -static -Wl,-T,../../lib/user/user.lds tests/userprog/sc-boundary.o tests/userprog/boundary.o tests/main.o tests/lib.o lib/user/entry.o libc.a -o tests/userprog/sc-boundary
pintos -v -k -T 60 --qemu  --filesys-size=2 -p tests/userprog/sc-boundary -a sc-boundary -- -q  -f run sc-boundary < /dev/null 2> tests/userprog/sc-boundary.errors > tests/userprog/sc-boundary.output
perl -I../.. ../../tests/userprog/sc-boundary.ck tests/userprog/sc-boundary tests/userprog/sc-boundary.result
FAIL tests/userprog/sc-boundary
Run didn't produce any output
gcc-4.1 -m32 -c ../../tests/userprog/sc-boundary-2.c -o tests/userprog/sc-boundary-2.o -g -msoft-float -O -fno-stack-protector -nostdinc -I../.. -I../../lib -I../../lib/user -I. -Wall -W -Wstrict-prototypes -Wmissing-prototypes -Wsystem-headers  -MMD -MF tests/userprog/sc-boundary-2.d
gcc-4.1 -m32  -Wl,--build-id=none -nostdlib -static -Wl,-T,../../lib/user/user.lds tests/userprog/sc-boundary-2.o tests/userprog/boundary.o tests/main.o tests/lib.o lib/user/entry.o libc.a -o tests/userprog/sc-boundary-2
pintos -v -k -T 60 --qemu  --filesys-size=2 -p tests/userprog/sc-boundary-2 -a sc-boundary-2 -- -q  -f run sc-boundary-2 < /dev/null 2> tests/userprog/sc-boundary-2.errors > tests/userprog/sc-boundary-2.output
perl -I../.. ../../tests/userprog/sc-boundary-2.ck tests/userprog/sc-boundary-2 tests/userprog/sc-boundary-2.result
FAIL tests/userprog/sc-boundary-2
Run didn't produce any output
gcc-4.1 -m32 -c ../../tests/userprog/halt.c -o tests/userprog/halt.o -g -msoft-float -O -fno-stack-protector -nostdinc -I../.. -I../../lib -I../../lib/user -I. -Wall -W -Wstrict-prototypes -Wmissing-prototypes -Wsystem-headers  -MMD -MF tests/userprog/halt.d
gcc-4.1 -m32  -Wl,--build-id=none -nostdlib -static -Wl,-T,../../lib/user/user.lds tests/userprog/halt.o tests/main.o tests/lib.o lib/user/entry.o libc.a -o tests/userprog/halt
pintos -v -k -T 60 --qemu  --filesys-size=2 -p tests/userprog/halt -a halt -- -q  -f run halt < /dev/null 2> tests/userprog/halt.errors > tests/userprog/halt.output
perl -I../.. ../../tests/userprog/halt.ck tests/userprog/halt tests/userprog/halt.result
FAIL tests/userprog/halt
missing 'begin' message
gcc-4.1 -m32 -c ../../tests/userprog/exit.c -o tests/userprog/exit.o -g -msoft-float -O -fno-stack-protector -nostdinc -I../.. -I../../lib -I../../lib/user -I. -Wall -W -Wstrict-prototypes -Wmissing-prototypes -Wsystem-headers  -MMD -MF tests/userprog/exit.d
gcc-4.1 -m32  -Wl,--build-id=none -nostdlib -static -Wl,-T,../../lib/user/user.lds tests/userprog/exit.o tests/main.o tests/lib.o lib/user/entry.o libc.a -o tests/userprog/exit
pintos -v -k -T 60 --qemu  --filesys-size=2 -p tests/userprog/exit -a exit -- -q  -f run exit < /dev/null 2> tests/userprog/exit.errors > tests/userprog/exit.output
perl -I../.. ../../tests/userprog/exit.ck tests/userprog/exit tests/userprog/exit.result
FAIL tests/userprog/exit
Run didn't produce any output
gcc-4.1 -m32 -c ../../tests/userprog/create-normal.c -o tests/userprog/create-normal.o -g -msoft-float -O -fno-stack-protector -nostdinc -I../.. -I../../lib -I../../lib/user -I. -Wall -W -Wstrict-prototypes -Wmissing-prototypes -Wsystem-headers  -MMD -MF tests/userprog/create-normal.d
gcc-4.1 -m32  -Wl,--build-id=none -nostdlib -static -Wl,-T,../../lib/user/user.lds tests/userprog/create-normal.o tests/main.o tests/lib.o lib/user/entry.o libc.a -o tests/userprog/create-normal
pintos -v -k -T 60 --qemu  --filesys-size=2 -p tests/userprog/create-normal -a create-normal -- -q  -f run create-normal < /dev/null 2> tests/userprog/create-normal.errors > tests/userprog/create-normal.output
perl -I../.. ../../tests/userprog/create-normal.ck tests/userprog/create-normal tests/userprog/create-normal.result
FAIL tests/userprog/create-normal
Run didn't produce any output
gcc-4.1 -m32 -c ../../tests/userprog/create-empty.c -o tests/userprog/create-empty.o -g -msoft-float -O -fno-stack-protector -nostdinc -I../.. -I../../lib -I../../lib/user -I. -Wall -W -Wstrict-prototypes -Wmissing-prototypes -Wsystem-headers  -MMD -MF tests/userprog/create-empty.d
gcc-4.1 -m32  -Wl,--build-id=none -nostdlib -static -Wl,-T,../../lib/user/user.lds tests/userprog/create-empty.o tests/main.o tests/lib.o lib/user/entry.o libc.a -o tests/userprog/create-empty
pintos -v -k -T 60 --qemu  --filesys-size=2 -p tests/userprog/create-empty -a create-empty -- -q  -f run create-empty < /dev/null 2> tests/userprog/create-empty.errors > tests/userprog/create-empty.output
perl -I../.. ../../tests/userprog/create-empty.ck tests/userprog/create-empty tests/userprog/create-empty.result
FAIL tests/userprog/create-empty
Run didn't produce any output
gcc-4.1 -m32 -c ../../tests/userprog/create-null.c -o tests/userprog/create-null.o -g -msoft-float -O -fno-stack-protector -nostdinc -I../.. -I../../lib -I../../lib/user -I. -Wall -W -Wstrict-prototypes -Wmissing-prototypes -Wsystem-headers  -MMD -MF tests/userprog/create-null.d
gcc-4.1 -m32  -Wl,--build-id=none -nostdlib -static -Wl,-T,../../lib/user/user.lds tests/userprog/create-null.o tests/main.o tests/lib.o lib/user/entry.o libc.a -o tests/userprog/create-null
pintos -v -k -T 60 --qemu  --filesys-size=2 -p tests/userprog/create-null -a create-null -- -q  -f run create-null < /dev/null 2> tests/userprog/create-null.errors > tests/userprog/create-null.output
perl -I../.. ../../tests/userprog/create-null.ck tests/userprog/create-null tests/userprog/create-null.result
FAIL tests/userprog/create-null
Run didn't produce any output
gcc-4.1 -m32 -c ../../tests/userprog/create-bad-ptr.c -o tests/userprog/create-bad-ptr.o -g -msoft-float -O -fno-stack-protector -nostdinc -I../.. -I../../lib -I../../lib/user -I. -Wall -W -Wstrict-prototypes -Wmissing-prototypes -Wsystem-headers  -MMD -MF tests/userprog/create-bad-ptr.d
gcc-4.1 -m32  -Wl,--build-id=none -nostdlib -static -Wl,-T,../../lib/user/user.lds tests/userprog/create-bad-ptr.o tests/main.o tests/lib.o lib/user/entry.o libc.a -o tests/userprog/create-bad-ptr
pintos -v -k -T 60 --qemu  --filesys-size=2 -p tests/userprog/create-bad-ptr -a create-bad-ptr -- -q  -f run create-bad-ptr < /dev/null 2> tests/userprog/create-bad-ptr.errors > tests/userprog/create-bad-ptr.output
perl -I../.. ../../tests/userprog/create-bad-ptr.ck tests/userprog/create-bad-ptr tests/userprog/create-bad-ptr.result
FAIL tests/userprog/create-bad-ptr
Run didn't produce any output
gcc-4.1 -m32 -c ../../tests/userprog/create-long.c -o tests/userprog/create-long.o -g -msoft-float -O -fno-stack-protector -nostdinc -I../.. -I../../lib -I../../lib/user -I. -Wall -W -Wstrict-prototypes -Wmissing-prototypes -Wsystem-headers  -MMD -MF tests/userprog/create-long.d
gcc-4.1 -m32  -Wl,--build-id=none -nostdlib -static -Wl,-T,../../lib/user/user.lds tests/userprog/create-long.o tests/main.o tests/lib.o lib/user/entry.o libc.a -o tests/userprog/create-long
pintos -v -k -T 60 --qemu  --filesys-size=2 -p tests/userprog/create-long -a create-long -- -q  -f run create-long < /dev/null 2> tests/userprog/create-long.errors > tests/userprog/create-long.output
perl -I../.. ../../tests/userprog/create-long.ck tests/userprog/create-long tests/userprog/create-long.result
FAIL tests/userprog/create-long
Run didn't produce any output
gcc-4.1 -m32 -c ../../tests/userprog/create-exists.c -o tests/userprog/create-exists.o -g -msoft-float -O -fno-stack-protector -nostdinc -I../.. -I../../lib -I../../lib/user -I. -Wall -W -Wstrict-prototypes -Wmissing-prototypes -Wsystem-headers  -MMD -MF tests/userprog/create-exists.d
gcc-4.1 -m32  -Wl,--build-id=none -nostdlib -static -Wl,-T,../../lib/user/user.lds tests/userprog/create-exists.o tests/main.o tests/lib.o lib/user/entry.o libc.a -o tests/userprog/create-exists
pintos -v -k -T 60 --qemu  --filesys-size=2 -p tests/userprog/create-exists -a create-exists -- -q  -f run create-exists < /dev/null 2> tests/userprog/create-exists.errors > tests/userprog/create-exists.output
perl -I../.. ../../tests/userprog/create-exists.ck tests/userprog/create-exists tests/userprog/create-exists.result
FAIL tests/userprog/create-exists
Run didn't produce any output
gcc-4.1 -m32 -c ../../tests/userprog/create-bound.c -o tests/userprog/create-bound.o -g -msoft-float -O -fno-stack-protector -nostdinc -I../.. -I../../lib -I../../lib/user -I. -Wall -W -Wstrict-prototypes -Wmissing-prototypes -Wsystem-headers  -MMD -MF tests/userprog/create-bound.d
gcc-4.1 -m32  -Wl,--build-id=none -nostdlib -static -Wl,-T,../../lib/user/user.lds tests/userprog/create-bound.o tests/userprog/boundary.o tests/main.o tests/lib.o lib/user/entry.o libc.a -o tests/userprog/create-bound
pintos -v -k -T 60 --qemu  --filesys-size=2 -p tests/userprog/create-bound -a create-bound -- -q  -f run create-bound < /dev/null 2> tests/userprog/create-bound.errors > tests/userprog/create-bound.output
perl -I../.. ../../tests/userprog/create-bound.ck tests/userprog/create-bound tests/userprog/create-bound.result
FAIL tests/userprog/create-bound
Run didn't produce any output
gcc-4.1 -m32 -c ../../tests/userprog/open-normal.c -o tests/userprog/open-normal.o -g -msoft-float -O -fno-stack-protector -nostdinc -I../.. -I../../lib -I../../lib/user -I. -Wall -W -Wstrict-prototypes -Wmissing-prototypes -Wsystem-headers  -MMD -MF tests/userprog/open-normal.d
gcc-4.1 -m32  -Wl,--build-id=none -nostdlib -static -Wl,-T,../../lib/user/user.lds tests/userprog/open-normal.o tests/main.o tests/lib.o lib/user/entry.o libc.a -o tests/userprog/open-normal
pintos -v -k -T 60 --qemu  --filesys-size=2 -p tests/userprog/open-normal -a open-normal -p ../../tests/userprog/sample.txt -a sample.txt -- -q  -f run open-normal < /dev/null 2> tests/userprog/open-normal.errors > tests/userprog/open-normal.output
perl -I../.. ../../tests/userprog/open-normal.ck tests/userprog/open-normal tests/userprog/open-normal.result
FAIL tests/userprog/open-normal
Run didn't produce any output
gcc-4.1 -m32 -c ../../tests/userprog/open-missing.c -o tests/userprog/open-missing.o -g -msoft-float -O -fno-stack-protector -nostdinc -I../.. -I../../lib -I../../lib/user -I. -Wall -W -Wstrict-prototypes -Wmissing-prototypes -Wsystem-headers  -MMD -MF tests/userprog/open-missing.d
gcc-4.1 -m32  -Wl,--build-id=none -nostdlib -static -Wl,-T,../../lib/user/user.lds tests/userprog/open-missing.o tests/main.o tests/lib.o lib/user/entry.o libc.a -o tests/userprog/open-missing
pintos -v -k -T 60 --qemu  --filesys-size=2 -p tests/userprog/open-missing -a open-missing -- -q  -f run open-missing < /dev/null 2> tests/userprog/open-missing.errors > tests/userprog/open-missing.output
perl -I../.. ../../tests/userprog/open-missing.ck tests/userprog/open-missing tests/userprog/open-missing.result
FAIL tests/userprog/open-missing
Run didn't produce any output
gcc-4.1 -m32 -c ../../tests/userprog/open-boundary.c -o tests/userprog/open-boundary.o -g -msoft-float -O -fno-stack-protector -nostdinc -I../.. -I../../lib -I../../lib/user -I. -Wall -W -Wstrict-prototypes -Wmissing-prototypes -Wsystem-headers  -MMD -MF tests/userprog/open-boundary.d
gcc-4.1 -m32  -Wl,--build-id=none -nostdlib -static -Wl,-T,../../lib/user/user.lds tests/userprog/open-boundary.o tests/userprog/boundary.o tests/main.o tests/lib.o lib/user/entry.o libc.a -o tests/userprog/open-boundary
pintos -v -k -T 60 --qemu  --filesys-size=2 -p tests/userprog/open-boundary -a open-boundary -p ../../tests/userprog/sample.txt -a sample.txt -- -q  -f run open-boundary < /dev/null 2> tests/userprog/open-boundary.errors > tests/userprog/open-boundary.output
perl -I../.. ../../tests/userprog/open-boundary.ck tests/userprog/open-boundary tests/userprog/open-boundary.result
FAIL tests/userprog/open-boundary
Run didn't produce any output
gcc-4.1 -m32 -c ../../tests/userprog/open-empty.c -o tests/userprog/open-empty.o -g -msoft-float -O -fno-stack-protector -nostdinc -I../.. -I../../lib -I../../lib/user -I. -Wall -W -Wstrict-prototypes -Wmissing-prototypes -Wsystem-headers  -MMD -MF tests/userprog/open-empty.d
gcc-4.1 -m32  -Wl,--build-id=none -nostdlib -static -Wl,-T,../../lib/user/user.lds tests/userprog/open-empty.o tests/main.o tests/lib.o lib/user/entry.o libc.a -o tests/userprog/open-empty
pintos -v -k -T 60 --qemu  --filesys-size=2 -p tests/userprog/open-empty -a open-empty -- -q  -f run open-empty < /dev/null 2> tests/userprog/open-empty.errors > tests/userprog/open-empty.output
perl -I../.. ../../tests/userprog/open-empty.ck tests/userprog/open-empty tests/userprog/open-empty.result
FAIL tests/userprog/open-empty
Run didn't produce any output
gcc-4.1 -m32 -c ../../tests/userprog/open-null.c -o tests/userprog/open-null.o -g -msoft-float -O -fno-stack-protector -nostdinc -I../.. -I../../lib -I../../lib/user -I. -Wall -W -Wstrict-prototypes -Wmissing-prototypes -Wsystem-headers  -MMD -MF tests/userprog/open-null.d
gcc-4.1 -m32  -Wl,--build-id=none -nostdlib -static -Wl,-T,../../lib/user/user.lds tests/userprog/open-null.o tests/main.o tests/lib.o lib/user/entry.o libc.a -o tests/userprog/open-null
pintos -v -k -T 60 --qemu  --filesys-size=2 -p tests/userprog/open-null -a open-null -- -q  -f run open-null < /dev/null 2> tests/userprog/open-null.errors > tests/userprog/open-null.output
perl -I../.. ../../tests/userprog/open-null.ck tests/userprog/open-null tests/userprog/open-null.result
FAIL tests/userprog/open-null
Run didn't produce any output
gcc-4.1 -m32 -c ../../tests/userprog/open-bad-ptr.c -o tests/userprog/open-bad-ptr.o -g -msoft-float -O -fno-stack-protector -nostdinc -I../.. -I../../lib -I../../lib/user -I. -Wall -W -Wstrict-prototypes -Wmissing-prototypes -Wsystem-headers  -MMD -MF tests/userprog/open-bad-ptr.d
gcc-4.1 -m32  -Wl,--build-id=none -nostdlib -static -Wl,-T,../../lib/user/user.lds tests/userprog/open-bad-ptr.o tests/main.o tests/lib.o lib/user/entry.o libc.a -o tests/userprog/open-bad-ptr
pintos -v -k -T 60 --qemu  --filesys-size=2 -p tests/userprog/open-bad-ptr -a open-bad-ptr -- -q  -f run open-bad-ptr < /dev/null 2> tests/userprog/open-bad-ptr.errors > tests/userprog/open-bad-ptr.output
perl -I../.. ../../tests/userprog/open-bad-ptr.ck tests/userprog/open-bad-ptr tests/userprog/open-bad-ptr.result
FAIL tests/userprog/open-bad-ptr
Run didn't produce any output
gcc-4.1 -m32 -c ../../tests/userprog/open-twice.c -o tests/userprog/open-twice.o -g -msoft-float -O -fno-stack-protector -nostdinc -I../.. -I../../lib -I../../lib/user -I. -Wall -W -Wstrict-prototypes -Wmissing-prototypes -Wsystem-headers  -MMD -MF tests/userprog/open-twice.d
gcc-4.1 -m32  -Wl,--build-id=none -nostdlib -static -Wl,-T,../../lib/user/user.lds tests/userprog/open-twice.o tests/main.o tests/lib.o lib/user/entry.o libc.a -o tests/userprog/open-twice
pintos -v -k -T 60 --qemu  --filesys-size=2 -p tests/userprog/open-twice -a open-twice -p ../../tests/userprog/sample.txt -a sample.txt -- -q  -f run open-twice < /dev/null 2> tests/userprog/open-twice.errors > tests/userprog/open-twice.output
perl -I../.. ../../tests/userprog/open-twice.ck tests/userprog/open-twice tests/userprog/open-twice.result
FAIL tests/userprog/open-twice
Run didn't produce any output
gcc-4.1 -m32 -c ../../tests/userprog/close-normal.c -o tests/userprog/close-normal.o -g -msoft-float -O -fno-stack-protector -nostdinc -I../.. -I../../lib -I../../lib/user -I. -Wall -W -Wstrict-prototypes -Wmissing-prototypes -Wsystem-headers  -MMD -MF tests/userprog/close-normal.d
gcc-4.1 -m32  -Wl,--build-id=none -nostdlib -static -Wl,-T,../../lib/user/user.lds tests/userprog/close-normal.o tests/main.o tests/lib.o lib/user/entry.o libc.a -o tests/userprog/close-normal
pintos -v -k -T 60 --qemu  --filesys-size=2 -p tests/userprog/close-normal -a close-normal -p ../../tests/userprog/sample.txt -a sample.txt -- -q  -f run close-normal < /dev/null 2> tests/userprog/close-normal.errors > tests/userprog/close-normal.output
perl -I../.. ../../tests/userprog/close-normal.ck tests/userprog/close-normal tests/userprog/close-normal.result
FAIL tests/userprog/close-normal
Run didn't produce any output
gcc-4.1 -m32 -c ../../tests/userprog/close-twice.c -o tests/userprog/close-twice.o -g -msoft-float -O -fno-stack-protector -nostdinc -I../.. -I../../lib -I../../lib/user -I. -Wall -W -Wstrict-prototypes -Wmissing-prototypes -Wsystem-headers  -MMD -MF tests/userprog/close-twice.d
gcc-4.1 -m32  -Wl,--build-id=none -nostdlib -static -Wl,-T,../../lib/user/user.lds tests/userprog/close-twice.o tests/main.o tests/lib.o lib/user/entry.o libc.a -o tests/userprog/close-twice
pintos -v -k -T 60 --qemu  --filesys-size=2 -p tests/userprog/close-twice -a close-twice -p ../../tests/userprog/sample.txt -a sample.txt -- -q  -f run close-twice < /dev/null 2> tests/userprog/close-twice.errors > tests/userprog/close-twice.output
perl -I../.. ../../tests/userprog/close-twice.ck tests/userprog/close-twice tests/userprog/close-twice.result
FAIL tests/userprog/close-twice
Run didn't produce any output
gcc-4.1 -m32 -c ../../tests/userprog/close-stdin.c -o tests/userprog/close-stdin.o -g -msoft-float -O -fno-stack-protector -nostdinc -I../.. -I../../lib -I../../lib/user -I. -Wall -W -Wstrict-prototypes -Wmissing-prototypes -Wsystem-headers  -MMD -MF tests/userprog/close-stdin.d
gcc-4.1 -m32  -Wl,--build-id=none -nostdlib -static -Wl,-T,../../lib/user/user.lds tests/userprog/close-stdin.o tests/main.o tests/lib.o lib/user/entry.o libc.a -o tests/userprog/close-stdin
pintos -v -k -T 60 --qemu  --filesys-size=2 -p tests/userprog/close-stdin -a close-stdin -- -q  -f run close-stdin < /dev/null 2> tests/userprog/close-stdin.errors > tests/userprog/close-stdin.output
perl -I../.. ../../tests/userprog/close-stdin.ck tests/userprog/close-stdin tests/userprog/close-stdin.result
FAIL tests/userprog/close-stdin
Run didn't produce any output
gcc-4.1 -m32 -c ../../tests/userprog/close-stdout.c -o tests/userprog/close-stdout.o -g -msoft-float -O -fno-stack-protector -nostdinc -I../.. -I../../lib -I../../lib/user -I. -Wall -W -Wstrict-prototypes -Wmissing-prototypes -Wsystem-headers  -MMD -MF tests/userprog/close-stdout.d
gcc-4.1 -m32  -Wl,--build-id=none -nostdlib -static -Wl,-T,../../lib/user/user.lds tests/userprog/close-stdout.o tests/main.o tests/lib.o lib/user/entry.o libc.a -o tests/userprog/close-stdout
pintos -v -k -T 60 --qemu  --filesys-size=2 -p tests/userprog/close-stdout -a close-stdout -- -q  -f run close-stdout < /dev/null 2> tests/userprog/close-stdout.errors > tests/userprog/close-stdout.output
perl -I../.. ../../tests/userprog/close-stdout.ck tests/userprog/close-stdout tests/userprog/close-stdout.result
FAIL tests/userprog/close-stdout
Run didn't produce any output
gcc-4.1 -m32 -c ../../tests/userprog/close-bad-fd.c -o tests/userprog/close-bad-fd.o -g -msoft-float -O -fno-stack-protector -nostdinc -I../.. -I../../lib -I../../lib/user -I. -Wall -W -Wstrict-prototypes -Wmissing-prototypes -Wsystem-headers  -MMD -MF tests/userprog/close-bad-fd.d
gcc-4.1 -m32  -Wl,--build-id=none -nostdlib -static -Wl,-T,../../lib/user/user.lds tests/userprog/close-bad-fd.o tests/main.o tests/lib.o lib/user/entry.o libc.a -o tests/userprog/close-bad-fd
pintos -v -k -T 60 --qemu  --filesys-size=2 -p tests/userprog/close-bad-fd -a close-bad-fd -- -q  -f run close-bad-fd < /dev/null 2> tests/userprog/close-bad-fd.errors > tests/userprog/close-bad-fd.output
perl -I../.. ../../tests/userprog/close-bad-fd.ck tests/userprog/close-bad-fd tests/userprog/close-bad-fd.result
FAIL tests/userprog/close-bad-fd
Run didn't produce any output
gcc-4.1 -m32 -c ../../tests/userprog/read-normal.c -o tests/userprog/read-normal.o -g -msoft-float -O -fno-stack-protector -nostdinc -I../.. -I../../lib -I../../lib/user -I. -Wall -W -Wstrict-prototypes -Wmissing-prototypes -Wsystem-headers  -MMD -MF tests/userprog/read-normal.d
gcc-4.1 -m32  -Wl,--build-id=none -nostdlib -static -Wl,-T,../../lib/user/user.lds tests/userprog/read-normal.o tests/main.o tests/lib.o lib/user/entry.o libc.a -o tests/userprog/read-normal
pintos -v -k -T 60 --qemu  --filesys-size=2 -p tests/userprog/read-normal -a read-normal -p ../../tests/userprog/sample.txt -a sample.txt -- -q  -f run read-normal < /dev/null 2> tests/userprog/read-normal.errors > tests/userprog/read-normal.output
perl -I../.. ../../tests/userprog/read-normal.ck tests/userprog/read-normal tests/userprog/read-normal.result
FAIL tests/userprog/read-normal
Run didn't produce any output
gcc-4.1 -m32 -c ../../tests/userprog/read-bad-ptr.c -o tests/userprog/read-bad-ptr.o -g -msoft-float -O -fno-stack-protector -nostdinc -I../.. -I../../lib -I../../lib/user -I. -Wall -W -Wstrict-prototypes -Wmissing-prototypes -Wsystem-headers  -MMD -MF tests/userprog/read-bad-ptr.d
gcc-4.1 -m32  -Wl,--build-id=none -nostdlib -static -Wl,-T,../../lib/user/user.lds tests/userprog/read-bad-ptr.o tests/main.o tests/lib.o lib/user/entry.o libc.a -o tests/userprog/read-bad-ptr
pintos -v -k -T 60 --qemu  --filesys-size=2 -p tests/userprog/read-bad-ptr -a read-bad-ptr -p ../../tests/userprog/sample.txt -a sample.txt -- -q  -f run read-bad-ptr < /dev/null 2> tests/userprog/read-bad-ptr.errors > tests/userprog/read-bad-ptr.output
perl -I../.. ../../tests/userprog/read-bad-ptr.ck tests/userprog/read-bad-ptr tests/userprog/read-bad-ptr.result
FAIL tests/userprog/read-bad-ptr
Run didn't produce any output
gcc-4.1 -m32 -c ../../tests/userprog/read-boundary.c -o tests/userprog/read-boundary.o -g -msoft-float -O -fno-stack-protector -nostdinc -I../.. -I../../lib -I../../lib/user -I. -Wall -W -Wstrict-prototypes -Wmissing-prototypes -Wsystem-headers  -MMD -MF tests/userprog/read-boundary.d
gcc-4.1 -m32  -Wl,--build-id=none -nostdlib -static -Wl,-T,../../lib/user/user.lds tests/userprog/read-boundary.o tests/userprog/boundary.o tests/main.o tests/lib.o lib/user/entry.o libc.a -o tests/userprog/read-boundary
pintos -v -k -T 60 --qemu  --filesys-size=2 -p tests/userprog/read-boundary -a read-boundary -p ../../tests/userprog/sample.txt -a sample.txt -- -q  -f run read-boundary < /dev/null 2> tests/userprog/read-boundary.errors > tests/userprog/read-boundary.output
perl -I../.. ../../tests/userprog/read-boundary.ck tests/userprog/read-boundary tests/userprog/read-boundary.result
FAIL tests/userprog/read-boundary
Run didn't produce any output
gcc-4.1 -m32 -c ../../tests/userprog/read-zero.c -o tests/userprog/read-zero.o -g -msoft-float -O -fno-stack-protector -nostdinc -I../.. -I../../lib -I../../lib/user -I. -Wall -W -Wstrict-prototypes -Wmissing-prototypes -Wsystem-headers  -MMD -MF tests/userprog/read-zero.d
gcc-4.1 -m32  -Wl,--build-id=none -nostdlib -static -Wl,-T,../../lib/user/user.lds tests/userprog/read-zero.o tests/main.o tests/lib.o lib/user/entry.o libc.a -o tests/userprog/read-zero
pintos -v -k -T 60 --qemu  --filesys-size=2 -p tests/userprog/read-zero -a read-zero -p ../../tests/userprog/sample.txt -a sample.txt -- -q  -f run read-zero < /dev/null 2> tests/userprog/read-zero.errors > tests/userprog/read-zero.output
perl -I../.. ../../tests/userprog/read-zero.ck tests/userprog/read-zero tests/userprog/read-zero.result
FAIL tests/userprog/read-zero
Run didn't produce any output
gcc-4.1 -m32 -c ../../tests/userprog/read-stdout.c -o tests/userprog/read-stdout.o -g -msoft-float -O -fno-stack-protector -nostdinc -I../.. -I../../lib -I../../lib/user -I. -Wall -W -Wstrict-prototypes -Wmissing-prototypes -Wsystem-headers  -MMD -MF tests/userprog/read-stdout.d
gcc-4.1 -m32  -Wl,--build-id=none -nostdlib -static -Wl,-T,../../lib/user/user.lds tests/userprog/read-stdout.o tests/main.o tests/lib.o lib/user/entry.o libc.a -o tests/userprog/read-stdout
pintos -v -k -T 60 --qemu  --filesys-size=2 -p tests/userprog/read-stdout -a read-stdout -- -q  -f run read-stdout < /dev/null 2> tests/userprog/read-stdout.errors > tests/userprog/read-stdout.output
perl -I../.. ../../tests/userprog/read-stdout.ck tests/userprog/read-stdout tests/userprog/read-stdout.result
FAIL tests/userprog/read-stdout
Run didn't produce any output
gcc-4.1 -m32 -c ../../tests/userprog/read-bad-fd.c -o tests/userprog/read-bad-fd.o -g -msoft-float -O -fno-stack-protector -nostdinc -I../.. -I../../lib -I../../lib/user -I. -Wall -W -Wstrict-prototypes -Wmissing-prototypes -Wsystem-headers  -MMD -MF tests/userprog/read-bad-fd.d
gcc-4.1 -m32  -Wl,--build-id=none -nostdlib -static -Wl,-T,../../lib/user/user.lds tests/userprog/read-bad-fd.o tests/main.o tests/lib.o lib/user/entry.o libc.a -o tests/userprog/read-bad-fd
pintos -v -k -T 60 --qemu  --filesys-size=2 -p tests/userprog/read-bad-fd -a read-bad-fd -- -q  -f run read-bad-fd < /dev/null 2> tests/userprog/read-bad-fd.errors > tests/userprog/read-bad-fd.output
perl -I../.. ../../tests/userprog/read-bad-fd.ck tests/userprog/read-bad-fd tests/userprog/read-bad-fd.result
FAIL tests/userprog/read-bad-fd
Run didn't produce any output
gcc-4.1 -m32 -c ../../tests/userprog/write-normal.c -o tests/userprog/write-normal.o -g -msoft-float -O -fno-stack-protector -nostdinc -I../.. -I../../lib -I../../lib/user -I. -Wall -W -Wstrict-prototypes -Wmissing-prototypes -Wsystem-headers  -MMD -MF tests/userprog/write-normal.d
gcc-4.1 -m32  -Wl,--build-id=none -nostdlib -static -Wl,-T,../../lib/user/user.lds tests/userprog/write-normal.o tests/main.o tests/lib.o lib/user/entry.o libc.a -o tests/userprog/write-normal
pintos -v -k -T 60 --qemu  --filesys-size=2 -p tests/userprog/write-normal -a write-normal -p ../../tests/userprog/sample.txt -a sample.txt -- -q  -f run write-normal < /dev/null 2> tests/userprog/write-normal.errors > tests/userprog/write-normal.output
perl -I../.. ../../tests/userprog/write-normal.ck tests/userprog/write-normal tests/userprog/write-normal.result
FAIL tests/userprog/write-normal
Run didn't produce any output
gcc-4.1 -m32 -c ../../tests/userprog/write-bad-ptr.c -o tests/userprog/write-bad-ptr.o -g -msoft-float -O -fno-stack-protector -nostdinc -I../.. -I../../lib -I../../lib/user -I. -Wall -W -Wstrict-prototypes -Wmissing-prototypes -Wsystem-headers  -MMD -MF tests/userprog/write-bad-ptr.d
gcc-4.1 -m32  -Wl,--build-id=none -nostdlib -static -Wl,-T,../../lib/user/user.lds tests/userprog/write-bad-ptr.o tests/main.o tests/lib.o lib/user/entry.o libc.a -o tests/userprog/write-bad-ptr
pintos -v -k -T 60 --qemu  --filesys-size=2 -p tests/userprog/write-bad-ptr -a write-bad-ptr -p ../../tests/userprog/sample.txt -a sample.txt -- -q  -f run write-bad-ptr < /dev/null 2> tests/userprog/write-bad-ptr.errors > tests/userprog/write-bad-ptr.output
perl -I../.. ../../tests/userprog/write-bad-ptr.ck tests/userprog/write-bad-ptr tests/userprog/write-bad-ptr.result
FAIL tests/userprog/write-bad-ptr
Run didn't produce any output
gcc-4.1 -m32 -c ../../tests/userprog/write-boundary.c -o tests/userprog/write-boundary.o -g -msoft-float -O -fno-stack-protector -nostdinc -I../.. -I../../lib -I../../lib/user -I. -Wall -W -Wstrict-prototypes -Wmissing-prototypes -Wsystem-headers  -MMD -MF tests/userprog/write-boundary.d
gcc-4.1 -m32  -Wl,--build-id=none -nostdlib -static -Wl,-T,../../lib/user/user.lds tests/userprog/write-boundary.o tests/userprog/boundary.o tests/main.o tests/lib.o lib/user/entry.o libc.a -o tests/userprog/write-boundary
pintos -v -k -T 60 --qemu  --filesys-size=2 -p tests/userprog/write-boundary -a write-boundary -p ../../tests/userprog/sample.txt -a sample.txt -- -q  -f run write-boundary < /dev/null 2> tests/userprog/write-boundary.errors > tests/userprog/write-boundary.output
perl -I../.. ../../tests/userprog/write-boundary.ck tests/userprog/write-boundary tests/userprog/write-boundary.result
FAIL tests/userprog/write-boundary
Run didn't produce any output
gcc-4.1 -m32 -c ../../tests/userprog/write-zero.c -o tests/userprog/write-zero.o -g -msoft-float -O -fno-stack-protector -nostdinc -I../.. -I../../lib -I../../lib/user -I. -Wall -W -Wstrict-prototypes -Wmissing-prototypes -Wsystem-headers  -MMD -MF tests/userprog/write-zero.d
gcc-4.1 -m32  -Wl,--build-id=none -nostdlib -static -Wl,-T,../../lib/user/user.lds tests/userprog/write-zero.o tests/main.o tests/lib.o lib/user/entry.o libc.a -o tests/userprog/write-zero
pintos -v -k -T 60 --qemu  --filesys-size=2 -p tests/userprog/write-zero -a write-zero -p ../../tests/userprog/sample.txt -a sample.txt -- -q  -f run write-zero < /dev/null 2> tests/userprog/write-zero.errors > tests/userprog/write-zero.output
perl -I../.. ../../tests/userprog/write-zero.ck tests/userprog/write-zero tests/userprog/write-zero.result
FAIL tests/userprog/write-zero
Run didn't produce any output
gcc-4.1 -m32 -c ../../tests/userprog/write-stdin.c -o tests/userprog/write-stdin.o -g -msoft-float -O -fno-stack-protector -nostdinc -I../.. -I../../lib -I../../lib/user -I. -Wall -W -Wstrict-prototypes -Wmissing-prototypes -Wsystem-headers  -MMD -MF tests/userprog/write-stdin.d
gcc-4.1 -m32  -Wl,--build-id=none -nostdlib -static -Wl,-T,../../lib/user/user.lds tests/userprog/write-stdin.o tests/main.o tests/lib.o lib/user/entry.o libc.a -o tests/userprog/write-stdin
pintos -v -k -T 60 --qemu  --filesys-size=2 -p tests/userprog/write-stdin -a write-stdin -- -q  -f run write-stdin < /dev/null 2> tests/userprog/write-stdin.errors > tests/userprog/write-stdin.output
perl -I../.. ../../tests/userprog/write-stdin.ck tests/userprog/write-stdin tests/userprog/write-stdin.result
FAIL tests/userprog/write-stdin
Run didn't produce any output
gcc-4.1 -m32 -c ../../tests/userprog/write-bad-fd.c -o tests/userprog/write-bad-fd.o -g -msoft-float -O -fno-stack-protector -nostdinc -I../.. -I../../lib -I../../lib/user -I. -Wall -W -Wstrict-prototypes -Wmissing-prototypes -Wsystem-headers  -MMD -MF tests/userprog/write-bad-fd.d
gcc-4.1 -m32  -Wl,--build-id=none -nostdlib -static -Wl,-T,../../lib/user/user.lds tests/userprog/write-bad-fd.o tests/main.o tests/lib.o lib/user/entry.o libc.a -o tests/userprog/write-bad-fd
pintos -v -k -T 60 --qemu  --filesys-size=2 -p tests/userprog/write-bad-fd -a write-bad-fd -- -q  -f run write-bad-fd < /dev/null 2> tests/userprog/write-bad-fd.errors > tests/userprog/write-bad-fd.output
perl -I../.. ../../tests/userprog/write-bad-fd.ck tests/userprog/write-bad-fd tests/userprog/write-bad-fd.result
FAIL tests/userprog/write-bad-fd
Run didn't produce any output
gcc-4.1 -m32 -c ../../tests/userprog/exec-once.c -o tests/userprog/exec-once.o -g -msoft-float -O -fno-stack-protector -nostdinc -I../.. -I../../lib -I../../lib/user -I. -Wall -W -Wstrict-prototypes -Wmissing-prototypes -Wsystem-headers  -MMD -MF tests/userprog/exec-once.d
gcc-4.1 -m32  -Wl,--build-id=none -nostdlib -static -Wl,-T,../../lib/user/user.lds tests/userprog/exec-once.o tests/main.o tests/lib.o lib/user/entry.o libc.a -o tests/userprog/exec-once
gcc-4.1 -m32 -c ../../tests/userprog/child-simple.c -o tests/userprog/child-simple.o -g -msoft-float -O -fno-stack-protector -nostdinc -I../.. -I../../lib -I../../lib/user -I. -Wall -W -Wstrict-prototypes -Wmissing-prototypes -Wsystem-headers  -MMD -MF tests/userprog/child-simple.d
gcc-4.1 -m32  -Wl,--build-id=none -nostdlib -static -Wl,-T,../../lib/user/user.lds tests/userprog/child-simple.o tests/lib.o lib/user/entry.o libc.a -o tests/userprog/child-simple
pintos -v -k -T 60 --qemu  --filesys-size=2 -p tests/userprog/exec-once -a exec-once -p tests/userprog/child-simple -a child-simple -- -q  -f run exec-once < /dev/null 2> tests/userprog/exec-once.errors > tests/userprog/exec-once.output
perl -I../.. ../../tests/userprog/exec-once.ck tests/userprog/exec-once tests/userprog/exec-once.result
FAIL tests/userprog/exec-once
Run didn't produce any output
gcc-4.1 -m32 -c ../../tests/userprog/exec-arg.c -o tests/userprog/exec-arg.o -g -msoft-float -O -fno-stack-protector -nostdinc -I../.. -I../../lib -I../../lib/user -I. -Wall -W -Wstrict-prototypes -Wmissing-prototypes -Wsystem-headers  -MMD -MF tests/userprog/exec-arg.d
gcc-4.1 -m32  -Wl,--build-id=none -nostdlib -static -Wl,-T,../../lib/user/user.lds tests/userprog/exec-arg.o tests/main.o tests/lib.o lib/user/entry.o libc.a -o tests/userprog/exec-arg
gcc-4.1 -m32  -Wl,--build-id=none -nostdlib -static -Wl,-T,../../lib/user/user.lds tests/userprog/args.o tests/lib.o lib/user/entry.o libc.a -o tests/userprog/child-args
pintos -v -k -T 60 --qemu  --filesys-size=2 -p tests/userprog/exec-arg -a exec-arg -p tests/userprog/child-args -a child-args -- -q  -f run exec-arg < /dev/null 2> tests/userprog/exec-arg.errors > tests/userprog/exec-arg.output
perl -I../.. ../../tests/userprog/exec-arg.ck tests/userprog/exec-arg tests/userprog/exec-arg.result
FAIL tests/userprog/exec-arg
Run didn't produce any output
gcc-4.1 -m32 -c ../../tests/userprog/exec-multiple.c -o tests/userprog/exec-multiple.o -g -msoft-float -O -fno-stack-protector -nostdinc -I../.. -I../../lib -I../../lib/user -I. -Wall -W -Wstrict-prototypes -Wmissing-prototypes -Wsystem-headers  -MMD -MF tests/userprog/exec-multiple.d
gcc-4.1 -m32  -Wl,--build-id=none -nostdlib -static -Wl,-T,../../lib/user/user.lds tests/userprog/exec-multiple.o tests/main.o tests/lib.o lib/user/entry.o libc.a -o tests/userprog/exec-multiple
pintos -v -k -T 60 --qemu  --filesys-size=2 -p tests/userprog/exec-multiple -a exec-multiple -p tests/userprog/child-simple -a child-simple -- -q  -f run exec-multiple < /dev/null 2> tests/userprog/exec-multiple.errors > tests/userprog/exec-multiple.output
perl -I../.. ../../tests/userprog/exec-multiple.ck tests/userprog/exec-multiple tests/userprog/exec-multiple.result
FAIL tests/userprog/exec-multiple
Run didn't produce any output
gcc-4.1 -m32 -c ../../tests/userprog/exec-missing.c -o tests/userprog/exec-missing.o -g -msoft-float -O -fno-stack-protector -nostdinc -I../.. -I../../lib -I../../lib/user -I. -Wall -W -Wstrict-prototypes -Wmissing-prototypes -Wsystem-headers  -MMD -MF tests/userprog/exec-missing.d
gcc-4.1 -m32  -Wl,--build-id=none -nostdlib -static -Wl,-T,../../lib/user/user.lds tests/userprog/exec-missing.o tests/main.o tests/lib.o lib/user/entry.o libc.a -o tests/userprog/exec-missing
pintos -v -k -T 60 --qemu  --filesys-size=2 -p tests/userprog/exec-missing -a exec-missing -- -q  -f run exec-missing < /dev/null 2> tests/userprog/exec-missing.errors > tests/userprog/exec-missing.output
perl -I../.. ../../tests/userprog/exec-missing.ck tests/userprog/exec-missing tests/userprog/exec-missing.result
FAIL tests/userprog/exec-missing
Run didn't produce any output
gcc-4.1 -m32 -c ../../tests/userprog/exec-bad-ptr.c -o tests/userprog/exec-bad-ptr.o -g -msoft-float -O -fno-stack-protector -nostdinc -I../.. -I../../lib -I../../lib/user -I. -Wall -W -Wstrict-prototypes -Wmissing-prototypes -Wsystem-headers  -MMD -MF tests/userprog/exec-bad-ptr.d
gcc-4.1 -m32  -Wl,--build-id=none -nostdlib -static -Wl,-T,../../lib/user/user.lds tests/userprog/exec-bad-ptr.o tests/main.o tests/lib.o lib/user/entry.o libc.a -o tests/userprog/exec-bad-ptr
pintos -v -k -T 60 --qemu  --filesys-size=2 -p tests/userprog/exec-bad-ptr -a exec-bad-ptr -- -q  -f run exec-bad-ptr < /dev/null 2> tests/userprog/exec-bad-ptr.errors > tests/userprog/exec-bad-ptr.output
perl -I../.. ../../tests/userprog/exec-bad-ptr.ck tests/userprog/exec-bad-ptr tests/userprog/exec-bad-ptr.result
FAIL tests/userprog/exec-bad-ptr
Run didn't produce any output
gcc-4.1 -m32 -c ../../tests/userprog/wait-simple.c -o tests/userprog/wait-simple.o -g -msoft-float -O -fno-stack-protector -nostdinc -I../.. -I../../lib -I../../lib/user -I. -Wall -W -Wstrict-prototypes -Wmissing-prototypes -Wsystem-headers  -MMD -MF tests/userprog/wait-simple.d
gcc-4.1 -m32  -Wl,--build-id=none -nostdlib -static -Wl,-T,../../lib/user/user.lds tests/userprog/wait-simple.o tests/main.o tests/lib.o lib/user/entry.o libc.a -o tests/userprog/wait-simple
pintos -v -k -T 60 --qemu  --filesys-size=2 -p tests/userprog/wait-simple -a wait-simple -p tests/userprog/child-simple -a child-simple -- -q  -f run wait-simple < /dev/null 2> tests/userprog/wait-simple.errors > tests/userprog/wait-simple.output
perl -I../.. ../../tests/userprog/wait-simple.ck tests/userprog/wait-simple tests/userprog/wait-simple.result
FAIL tests/userprog/wait-simple
Run didn't produce any output
gcc-4.1 -m32 -c ../../tests/userprog/wait-twice.c -o tests/userprog/wait-twice.o -g -msoft-float -O -fno-stack-protector -nostdinc -I../.. -I../../lib -I../../lib/user -I. -Wall -W -Wstrict-prototypes -Wmissing-prototypes -Wsystem-headers  -MMD -MF tests/userprog/wait-twice.d
gcc-4.1 -m32  -Wl,--build-id=none -nostdlib -static -Wl,-T,../../lib/user/user.lds tests/userprog/wait-twice.o tests/main.o tests/lib.o lib/user/entry.o libc.a -o tests/userprog/wait-twice
pintos -v -k -T 60 --qemu  --filesys-size=2 -p tests/userprog/wait-twice -a wait-twice -p tests/userprog/child-simple -a child-simple -- -q  -f run wait-twice < /dev/null 2> tests/userprog/wait-twice.errors > tests/userprog/wait-twice.output
perl -I../.. ../../tests/userprog/wait-twice.ck tests/userprog/wait-twice tests/userprog/wait-twice.result
FAIL tests/userprog/wait-twice
Run didn't produce any output
gcc-4.1 -m32 -c ../../tests/userprog/wait-killed.c -o tests/userprog/wait-killed.o -g -msoft-float -O -fno-stack-protector -nostdinc -I../.. -I../../lib -I../../lib/user -I. -Wall -W -Wstrict-prototypes -Wmissing-prototypes -Wsystem-headers  -MMD -MF tests/userprog/wait-killed.d
gcc-4.1 -m32  -Wl,--build-id=none -nostdlib -static -Wl,-T,../../lib/user/user.lds tests/userprog/wait-killed.o tests/main.o tests/lib.o lib/user/entry.o libc.a -o tests/userprog/wait-killed
gcc-4.1 -m32 -c ../../tests/userprog/child-bad.c -o tests/userprog/child-bad.o -g -msoft-float -O -fno-stack-protector -nostdinc -I../.. -I../../lib -I../../lib/user -I. -Wall -W -Wstrict-prototypes -Wmissing-prototypes -Wsystem-headers  -MMD -MF tests/userprog/child-bad.d
gcc-4.1 -m32  -Wl,--build-id=none -nostdlib -static -Wl,-T,../../lib/user/user.lds tests/userprog/child-bad.o tests/main.o tests/lib.o lib/user/entry.o libc.a -o tests/userprog/child-bad
pintos -v -k -T 60 --qemu  --filesys-size=2 -p tests/userprog/wait-killed -a wait-killed -p tests/userprog/child-bad -a child-bad -- -q  -f run wait-killed < /dev/null 2> tests/userprog/wait-killed.errors > tests/userprog/wait-killed.output
perl -I../.. ../../tests/userprog/wait-killed.ck tests/userprog/wait-killed tests/userprog/wait-killed.result
FAIL tests/userprog/wait-killed
Run didn't produce any output
gcc-4.1 -m32 -c ../../tests/userprog/wait-bad-pid.c -o tests/userprog/wait-bad-pid.o -g -msoft-float -O -fno-stack-protector -nostdinc -I../.. -I../../lib -I../../lib/user -I. -Wall -W -Wstrict-prototypes -Wmissing-prototypes -Wsystem-headers  -MMD -MF tests/userprog/wait-bad-pid.d
gcc-4.1 -m32  -Wl,--build-id=none -nostdlib -static -Wl,-T,../../lib/user/user.lds tests/userprog/wait-bad-pid.o tests/main.o tests/lib.o lib/user/entry.o libc.a -o tests/userprog/wait-bad-pid
pintos -v -k -T 60 --qemu  --filesys-size=2 -p tests/userprog/wait-bad-pid -a wait-bad-pid -- -q  -f run wait-bad-pid < /dev/null 2> tests/userprog/wait-bad-pid.errors > tests/userprog/wait-bad-pid.output
perl -I../.. ../../tests/userprog/wait-bad-pid.ck tests/userprog/wait-bad-pid tests/userprog/wait-bad-pid.result
FAIL tests/userprog/wait-bad-pid
Run didn't produce any output
gcc-4.1 -m32 -c ../../tests/userprog/multi-recurse.c -o tests/userprog/multi-recurse.o -g -msoft-float -O -fno-stack-protector -nostdinc -I../.. -I../../lib -I../../lib/user -I. -Wall -W -Wstrict-prototypes -Wmissing-prototypes -Wsystem-headers  -MMD -MF tests/userprog/multi-recurse.d
gcc-4.1 -m32  -Wl,--build-id=none -nostdlib -static -Wl,-T,../../lib/user/user.lds tests/userprog/multi-recurse.o tests/lib.o lib/user/entry.o libc.a -o tests/userprog/multi-recurse
pintos -v -k -T 60 --qemu  --filesys-size=2 -p tests/userprog/multi-recurse -a multi-recurse -- -q  -f run 'multi-recurse 15' < /dev/null 2> tests/userprog/multi-recurse.errors > tests/userprog/multi-recurse.output
perl -I../.. ../../tests/userprog/multi-recurse.ck tests/userprog/multi-recurse tests/userprog/multi-recurse.result
FAIL tests/userprog/multi-recurse
Run didn't produce any output
gcc-4.1 -m32 -c ../../tests/userprog/multi-child-fd.c -o tests/userprog/multi-child-fd.o -g -msoft-float -O -fno-stack-protector -nostdinc -I../.. -I../../lib -I../../lib/user -I. -Wall -W -Wstrict-prototypes -Wmissing-prototypes -Wsystem-headers  -MMD -MF tests/userprog/multi-child-fd.d
gcc-4.1 -m32  -Wl,--build-id=none -nostdlib -static -Wl,-T,../../lib/user/user.lds tests/userprog/multi-child-fd.o tests/main.o tests/lib.o lib/user/entry.o libc.a -o tests/userprog/multi-child-fd
gcc-4.1 -m32 -c ../../tests/userprog/child-close.c -o tests/userprog/child-close.o -g -msoft-float -O -fno-stack-protector -nostdinc -I../.. -I../../lib -I../../lib/user -I. -Wall -W -Wstrict-prototypes -Wmissing-prototypes -Wsystem-headers  -MMD -MF tests/userprog/child-close.d
gcc-4.1 -m32  -Wl,--build-id=none -nostdlib -static -Wl,-T,../../lib/user/user.lds tests/userprog/child-close.o tests/lib.o lib/user/entry.o libc.a -o tests/userprog/child-close
pintos -v -k -T 60 --qemu  --filesys-size=2 -p tests/userprog/multi-child-fd -a multi-child-fd -p ../../tests/userprog/sample.txt -a sample.txt -p tests/userprog/child-close -a child-close -- -q  -f run multi-child-fd < /dev/null 2> tests/userprog/multi-child-fd.errors > tests/userprog/multi-child-fd.output
perl -I../.. ../../tests/userprog/multi-child-fd.ck tests/userprog/multi-child-fd tests/userprog/multi-child-fd.result
FAIL tests/userprog/multi-child-fd
Run didn't produce any output
gcc-4.1 -m32 -c ../../tests/userprog/rox-simple.c -o tests/userprog/rox-simple.o -g -msoft-float -O -fno-stack-protector -nostdinc -I../.. -I../../lib -I../../lib/user -I. -Wall -W -Wstrict-prototypes -Wmissing-prototypes -Wsystem-headers  -MMD -MF tests/userprog/rox-simple.d
gcc-4.1 -m32  -Wl,--build-id=none -nostdlib -static -Wl,-T,../../lib/user/user.lds tests/userprog/rox-simple.o tests/main.o tests/lib.o lib/user/entry.o libc.a -o tests/userprog/rox-simple
pintos -v -k -T 60 --qemu  --filesys-size=2 -p tests/userprog/rox-simple -a rox-simple -- -q  -f run rox-simple < /dev/null 2> tests/userprog/rox-simple.errors > tests/userprog/rox-simple.output
perl -I../.. ../../tests/userprog/rox-simple.ck tests/userprog/rox-simple tests/userprog/rox-simple.result
FAIL tests/userprog/rox-simple
Run didn't produce any output
gcc-4.1 -m32 -c ../../tests/userprog/rox-child.c -o tests/userprog/rox-child.o -g -msoft-float -O -fno-stack-protector -nostdinc -I../.. -I../../lib -I../../lib/user -I. -Wall -W -Wstrict-prototypes -Wmissing-prototypes -Wsystem-headers  -MMD -MF tests/userprog/rox-child.d
gcc-4.1 -m32  -Wl,--build-id=none -nostdlib -static -Wl,-T,../../lib/user/user.lds tests/userprog/rox-child.o tests/main.o tests/lib.o lib/user/entry.o libc.a -o tests/userprog/rox-child
gcc-4.1 -m32 -c ../../tests/userprog/child-rox.c -o tests/userprog/child-rox.o -g -msoft-float -O -fno-stack-protector -nostdinc -I../.. -I../../lib -I../../lib/user -I. -Wall -W -Wstrict-prototypes -Wmissing-prototypes -Wsystem-headers  -MMD -MF tests/userprog/child-rox.d
gcc-4.1 -m32  -Wl,--build-id=none -nostdlib -static -Wl,-T,../../lib/user/user.lds tests/userprog/child-rox.o tests/lib.o lib/user/entry.o libc.a -o tests/userprog/child-rox
pintos -v -k -T 60 --qemu  --filesys-size=2 -p tests/userprog/rox-child -a rox-child -p tests/userprog/child-rox -a child-rox -- -q  -f run rox-child < /dev/null 2> tests/userprog/rox-child.errors > tests/userprog/rox-child.output
perl -I../.. ../../tests/userprog/rox-child.ck tests/userprog/rox-child tests/userprog/rox-child.result
FAIL tests/userprog/rox-child
Run didn't produce any output
gcc-4.1 -m32 -c ../../tests/userprog/rox-multichild.c -o tests/userprog/rox-multichild.o -g -msoft-float -O -fno-stack-protector -nostdinc -I../.. -I../../lib -I../../lib/user -I. -Wall -W -Wstrict-prototypes -Wmissing-prototypes -Wsystem-headers  -MMD -MF tests/userprog/rox-multichild.d
gcc-4.1 -m32  -Wl,--build-id=none -nostdlib -static -Wl,-T,../../lib/user/user.lds tests/userprog/rox-multichild.o tests/main.o tests/lib.o lib/user/entry.o libc.a -o tests/userprog/rox-multichild
pintos -v -k -T 60 --qemu  --filesys-size=2 -p tests/userprog/rox-multichild -a rox-multichild -p tests/userprog/child-rox -a child-rox -- -q  -f run rox-multichild < /dev/null 2> tests/userprog/rox-multichild.errors > tests/userprog/rox-multichild.output
perl -I../.. ../../tests/userprog/rox-multichild.ck tests/userprog/rox-multichild tests/userprog/rox-multichild.result
FAIL tests/userprog/rox-multichild
Run didn't produce any output
gcc-4.1 -m32 -c ../../tests/userprog/bad-read.c -o tests/userprog/bad-read.o -g -msoft-float -O -fno-stack-protector -nostdinc -I../.. -I../../lib -I../../lib/user -I. -Wall -W -Wstrict-prototypes -Wmissing-prototypes -Wsystem-headers  -MMD -MF tests/userprog/bad-read.d
gcc-4.1 -m32  -Wl,--build-id=none -nostdlib -static -Wl,-T,../../lib/user/user.lds tests/userprog/bad-read.o tests/main.o tests/lib.o lib/user/entry.o libc.a -o tests/userprog/bad-read
pintos -v -k -T 60 --qemu  --filesys-size=2 -p tests/userprog/bad-read -a bad-read -- -q  -f run bad-read < /dev/null 2> tests/userprog/bad-read.errors > tests/userprog/bad-read.output
perl -I../.. ../../tests/userprog/bad-read.ck tests/userprog/bad-read tests/userprog/bad-read.result
FAIL tests/userprog/bad-read
Run didn't produce any output
gcc-4.1 -m32 -c ../../tests/userprog/bad-write.c -o tests/userprog/bad-write.o -g -msoft-float -O -fno-stack-protector -nostdinc -I../.. -I../../lib -I../../lib/user -I. -Wall -W -Wstrict-prototypes -Wmissing-prototypes -Wsystem-headers  -MMD -MF tests/userprog/bad-write.d
gcc-4.1 -m32  -Wl,--build-id=none -nostdlib -static -Wl,-T,../../lib/user/user.lds tests/userprog/bad-write.o tests/main.o tests/lib.o lib/user/entry.o libc.a -o tests/userprog/bad-write
pintos -v -k -T 60 --qemu  --filesys-size=2 -p tests/userprog/bad-write -a bad-write -- -q  -f run bad-write < /dev/null 2> tests/userprog/bad-write.errors > tests/userprog/bad-write.output
perl -I../.. ../../tests/userprog/bad-write.ck tests/userprog/bad-write tests/userprog/bad-write.result
FAIL tests/userprog/bad-write
Run didn't produce any output
gcc-4.1 -m32 -c ../../tests/userprog/bad-read2.c -o tests/userprog/bad-read2.o -g -msoft-float -O -fno-stack-protector -nostdinc -I../.. -I../../lib -I../../lib/user -I. -Wall -W -Wstrict-prototypes -Wmissing-prototypes -Wsystem-headers  -MMD -MF tests/userprog/bad-read2.d
gcc-4.1 -m32  -Wl,--build-id=none -nostdlib -static -Wl,-T,../../lib/user/user.lds tests/userprog/bad-read2.o tests/main.o tests/lib.o lib/user/entry.o libc.a -o tests/userprog/bad-read2
pintos -v -k -T 60 --qemu  --filesys-size=2 -p tests/userprog/bad-read2 -a bad-read2 -- -q  -f run bad-read2 < /dev/null 2> tests/userprog/bad-read2.errors > tests/userprog/bad-read2.output
perl -I../.. ../../tests/userprog/bad-read2.ck tests/userprog/bad-read2 tests/userprog/bad-read2.result
FAIL tests/userprog/bad-read2
Run didn't produce any output
gcc-4.1 -m32 -c ../../tests/userprog/bad-write2.c -o tests/userprog/bad-write2.o -g -msoft-float -O -fno-stack-protector -nostdinc -I../.. -I../../lib -I../../lib/user -I. -Wall -W -Wstrict-prototypes -Wmissing-prototypes -Wsystem-headers  -MMD -MF tests/userprog/bad-write2.d
gcc-4.1 -m32  -Wl,--build-id=none -nostdlib -static -Wl,-T,../../lib/user/user.lds tests/userprog/bad-write2.o tests/main.o tests/lib.o lib/user/entry.o libc.a -o tests/userprog/bad-write2
pintos -v -k -T 60 --qemu  --filesys-size=2 -p tests/userprog/bad-write2 -a bad-write2 -- -q  -f run bad-write2 < /dev/null 2> tests/userprog/bad-write2.errors > tests/userprog/bad-write2.output
perl -I../.. ../../tests/userprog/bad-write2.ck tests/userprog/bad-write2 tests/userprog/bad-write2.result
FAIL tests/userprog/bad-write2
Run didn't produce any output
gcc-4.1 -m32 -c ../../tests/userprog/bad-jump.c -o tests/userprog/bad-jump.o -g -msoft-float -O -fno-stack-protector -nostdinc -I../.. -I../../lib -I../../lib/user -I. -Wall -W -Wstrict-prototypes -Wmissing-prototypes -Wsystem-headers  -MMD -MF tests/userprog/bad-jump.d
gcc-4.1 -m32  -Wl,--build-id=none -nostdlib -static -Wl,-T,../../lib/user/user.lds tests/userprog/bad-jump.o tests/main.o tests/lib.o lib/user/entry.o libc.a -o tests/userprog/bad-jump
pintos -v -k -T 60 --qemu  --filesys-size=2 -p tests/userprog/bad-jump -a bad-jump -- -q  -f run bad-jump < /dev/null 2> tests/userprog/bad-jump.errors > tests/userprog/bad-jump.output
perl -I../.. ../../tests/userprog/bad-jump.ck tests/userprog/bad-jump tests/userprog/bad-jump.result
FAIL tests/userprog/bad-jump
Run didn't produce any output
gcc-4.1 -m32 -c ../../tests/userprog/bad-jump2.c -o tests/userprog/bad-jump2.o -g -msoft-float -O -fno-stack-protector -nostdinc -I../.. -I../../lib -I../../lib/user -I. -Wall -W -Wstrict-prototypes -Wmissing-prototypes -Wsystem-headers  -MMD -MF tests/userprog/bad-jump2.d
gcc-4.1 -m32  -Wl,--build-id=none -nostdlib -static -Wl,-T,../../lib/user/user.lds tests/userprog/bad-jump2.o tests/main.o tests/lib.o lib/user/entry.o libc.a -o tests/userprog/bad-jump2
pintos -v -k -T 60 --qemu  --filesys-size=2 -p tests/userprog/bad-jump2 -a bad-jump2 -- -q  -f run bad-jump2 < /dev/null 2> tests/userprog/bad-jump2.errors > tests/userprog/bad-jump2.output
perl -I../.. ../../tests/userprog/bad-jump2.ck tests/userprog/bad-jump2 tests/userprog/bad-jump2.result
FAIL tests/userprog/bad-jump2
Run didn't produce any output
gcc-4.1 -m32 -c ../../tests/userprog/no-vm/multi-oom.c -o tests/userprog/no-vm/multi-oom.o -g -msoft-float -O -fno-stack-protector -nostdinc -I../.. -I../../lib -I../../lib/user -I. -Wall -W -Wstrict-prototypes -Wmissing-prototypes -Wsystem-headers  -MMD -MF tests/userprog/no-vm/multi-oom.d
gcc-4.1 -m32  -Wl,--build-id=none -nostdlib -static -Wl,-T,../../lib/user/user.lds tests/userprog/no-vm/multi-oom.o tests/lib.o lib/user/entry.o libc.a -o tests/userprog/no-vm/multi-oom
pintos -v -k -T 360 --qemu  --filesys-size=2 -p tests/userprog/no-vm/multi-oom -a multi-oom -- -q  -f run multi-oom < /dev/null 2> tests/userprog/no-vm/multi-oom.errors > tests/userprog/no-vm/multi-oom.output
perl -I../.. ../../tests/userprog/no-vm/multi-oom.ck tests/userprog/no-vm/multi-oom tests/userprog/no-vm/multi-oom.result
FAIL tests/userprog/no-vm/multi-oom
Run didn't produce any output
gcc-4.1 -m32 -c ../../tests/filesys/base/lg-create.c -o tests/filesys/base/lg-create.o -g -msoft-float -O -fno-stack-protector -nostdinc -I../.. -I../../lib -I../../lib/user -I. -Wall -W -Wstrict-prototypes -Wmissing-prototypes -Wsystem-headers  -MMD -MF tests/filesys/base/lg-create.d
gcc-4.1 -m32 -c ../../tests/filesys/seq-test.c -o tests/filesys/seq-test.o -g -msoft-float -O -fno-stack-protector -nostdinc -I../.. -I../../lib -I../../lib/user -I. -Wall -W -Wstrict-prototypes -Wmissing-prototypes -Wsystem-headers  -MMD -MF tests/filesys/seq-test.d
gcc-4.1 -m32  -Wl,--build-id=none -nostdlib -static -Wl,-T,../../lib/user/user.lds tests/filesys/base/lg-create.o tests/lib.o tests/filesys/seq-test.o tests/main.o lib/user/entry.o libc.a -o tests/filesys/base/lg-create
pintos -v -k -T 60 --qemu  --filesys-size=2 -p tests/filesys/base/lg-create -a lg-create -- -q  -f run lg-create < /dev/null 2> tests/filesys/base/lg-create.errors > tests/filesys/base/lg-create.output
perl -I../.. ../../tests/filesys/base/lg-create.ck tests/filesys/base/lg-create tests/filesys/base/lg-create.result
FAIL tests/filesys/base/lg-create
Run didn't produce any output
gcc-4.1 -m32 -c ../../tests/filesys/base/lg-full.c -o tests/filesys/base/lg-full.o -g -msoft-float -O -fno-stack-protector -nostdinc -I../.. -I../../lib -I../../lib/user -I. -Wall -W -Wstrict-prototypes -Wmissing-prototypes -Wsystem-headers  -MMD -MF tests/filesys/base/lg-full.d
gcc-4.1 -m32  -Wl,--build-id=none -nostdlib -static -Wl,-T,../../lib/user/user.lds tests/filesys/base/lg-full.o tests/lib.o tests/filesys/seq-test.o tests/main.o lib/user/entry.o libc.a -o tests/filesys/base/lg-full
pintos -v -k -T 60 --qemu  --filesys-size=2 -p tests/filesys/base/lg-full -a lg-full -- -q  -f run lg-full < /dev/null 2> tests/filesys/base/lg-full.errors > tests/filesys/base/lg-full.output
perl -I../.. ../../tests/filesys/base/lg-full.ck tests/filesys/base/lg-full tests/filesys/base/lg-full.result
FAIL tests/filesys/base/lg-full
Run didn't produce any output
gcc-4.1 -m32 -c ../../tests/filesys/base/lg-random.c -o tests/filesys/base/lg-random.o -g -msoft-float -O -fno-stack-protector -nostdinc -I../.. -I../../lib -I../../lib/user -I. -Wall -W -Wstrict-prototypes -Wmissing-prototypes -Wsystem-headers  -MMD -MF tests/filesys/base/lg-random.d
gcc-4.1 -m32  -Wl,--build-id=none -nostdlib -static -Wl,-T,../../lib/user/user.lds tests/filesys/base/lg-random.o tests/lib.o tests/filesys/seq-test.o tests/main.o lib/user/entry.o libc.a -o tests/filesys/base/lg-random
pintos -v -k -T 60 --qemu  --filesys-size=2 -p tests/filesys/base/lg-random -a lg-random -- -q  -f run lg-random < /dev/null 2> tests/filesys/base/lg-random.errors > tests/filesys/base/lg-random.output
perl -I../.. ../../tests/filesys/base/lg-random.ck tests/filesys/base/lg-random tests/filesys/base/lg-random.result
FAIL tests/filesys/base/lg-random
Run didn't produce any output
gcc-4.1 -m32 -c ../../tests/filesys/base/lg-seq-block.c -o tests/filesys/base/lg-seq-block.o -g -msoft-float -O -fno-stack-protector -nostdinc -I../.. -I../../lib -I../../lib/user -I. -Wall -W -Wstrict-prototypes -Wmissing-prototypes -Wsystem-headers  -MMD -MF tests/filesys/base/lg-seq-block.d
gcc-4.1 -m32  -Wl,--build-id=none -nostdlib -static -Wl,-T,../../lib/user/user.lds tests/filesys/base/lg-seq-block.o tests/lib.o tests/filesys/seq-test.o tests/main.o lib/user/entry.o libc.a -o tests/filesys/base/lg-seq-block
pintos -v -k -T 60 --qemu  --filesys-size=2 -p tests/filesys/base/lg-seq-block -a lg-seq-block -- -q  -f run lg-seq-block < /dev/null 2> tests/filesys/base/lg-seq-block.errors > tests/filesys/base/lg-seq-block.output
perl -I../.. ../../tests/filesys/base/lg-seq-block.ck tests/filesys/base/lg-seq-block tests/filesys/base/lg-seq-block.result
FAIL tests/filesys/base/lg-seq-block
Run didn't produce any output
gcc-4.1 -m32 -c ../../tests/filesys/base/lg-seq-random.c -o tests/filesys/base/lg-seq-random.o -g -msoft-float -O -fno-stack-protector -nostdinc -I../.. -I../../lib -I../../lib/user -I. -Wall -W -Wstrict-prototypes -Wmissing-prototypes -Wsystem-headers  -MMD -MF tests/filesys/base/lg-seq-random.d
gcc-4.1 -m32  -Wl,--build-id=none -nostdlib -static -Wl,-T,../../lib/user/user.lds tests/filesys/base/lg-seq-random.o tests/lib.o tests/filesys/seq-test.o tests/main.o lib/user/entry.o libc.a -o tests/filesys/base/lg-seq-random
pintos -v -k -T 60 --qemu  --filesys-size=2 -p tests/filesys/base/lg-seq-random -a lg-seq-random -- -q  -f run lg-seq-random < /dev/null 2> tests/filesys/base/lg-seq-random.errors > tests/filesys/base/lg-seq-random.output
perl -I../.. ../../tests/filesys/base/lg-seq-random.ck tests/filesys/base/lg-seq-random tests/filesys/base/lg-seq-random.result
FAIL tests/filesys/base/lg-seq-random
Run didn't produce any output
gcc-4.1 -m32 -c ../../tests/filesys/base/sm-create.c -o tests/filesys/base/sm-create.o -g -msoft-float -O -fno-stack-protector -nostdinc -I../.. -I../../lib -I../../lib/user -I. -Wall -W -Wstrict-prototypes -Wmissing-prototypes -Wsystem-headers  -MMD -MF tests/filesys/base/sm-create.d
gcc-4.1 -m32  -Wl,--build-id=none -nostdlib -static -Wl,-T,../../lib/user/user.lds tests/filesys/base/sm-create.o tests/lib.o tests/filesys/seq-test.o tests/main.o lib/user/entry.o libc.a -o tests/filesys/base/sm-create
pintos -v -k -T 60 --qemu  --filesys-size=2 -p tests/filesys/base/sm-create -a sm-create -- -q  -f run sm-create < /dev/null 2> tests/filesys/base/sm-create.errors > tests/filesys/base/sm-create.output
perl -I../.. ../../tests/filesys/base/sm-create.ck tests/filesys/base/sm-create tests/filesys/base/sm-create.result
FAIL tests/filesys/base/sm-create
Run didn't produce any output
gcc-4.1 -m32 -c ../../tests/filesys/base/sm-full.c -o tests/filesys/base/sm-full.o -g -msoft-float -O -fno-stack-protector -nostdinc -I../.. -I../../lib -I../../lib/user -I. -Wall -W -Wstrict-prototypes -Wmissing-prototypes -Wsystem-headers  -MMD -MF tests/filesys/base/sm-full.d
gcc-4.1 -m32  -Wl,--build-id=none -nostdlib -static -Wl,-T,../../lib/user/user.lds tests/filesys/base/sm-full.o tests/lib.o tests/filesys/seq-test.o tests/main.o lib/user/entry.o libc.a -o tests/filesys/base/sm-full
pintos -v -k -T 60 --qemu  --filesys-size=2 -p tests/filesys/base/sm-full -a sm-full -- -q  -f run sm-full < /dev/null 2> tests/filesys/base/sm-full.errors > tests/filesys/base/sm-full.output
perl -I../.. ../../tests/filesys/base/sm-full.ck tests/filesys/base/sm-full tests/filesys/base/sm-full.result
FAIL tests/filesys/base/sm-full
Run didn't produce any output
gcc-4.1 -m32 -c ../../tests/filesys/base/sm-random.c -o tests/filesys/base/sm-random.o -g -msoft-float -O -fno-stack-protector -nostdinc -I../.. -I../../lib -I../../lib/user -I. -Wall -W -Wstrict-prototypes -Wmissing-prototypes -Wsystem-headers  -MMD -MF tests/filesys/base/sm-random.d
gcc-4.1 -m32  -Wl,--build-id=none -nostdlib -static -Wl,-T,../../lib/user/user.lds tests/filesys/base/sm-random.o tests/lib.o tests/filesys/seq-test.o tests/main.o lib/user/entry.o libc.a -o tests/filesys/base/sm-random
pintos -v -k -T 60 --qemu  --filesys-size=2 -p tests/filesys/base/sm-random -a sm-random -- -q  -f run sm-random < /dev/null 2> tests/filesys/base/sm-random.errors > tests/filesys/base/sm-random.output
perl -I../.. ../../tests/filesys/base/sm-random.ck tests/filesys/base/sm-random tests/filesys/base/sm-random.result
FAIL tests/filesys/base/sm-random
Run didn't produce any output
gcc-4.1 -m32 -c ../../tests/filesys/base/sm-seq-block.c -o tests/filesys/base/sm-seq-block.o -g -msoft-float -O -fno-stack-protector -nostdinc -I../.. -I../../lib -I../../lib/user -I. -Wall -W -Wstrict-prototypes -Wmissing-prototypes -Wsystem-headers  -MMD -MF tests/filesys/base/sm-seq-block.d
gcc-4.1 -m32  -Wl,--build-id=none -nostdlib -static -Wl,-T,../../lib/user/user.lds tests/filesys/base/sm-seq-block.o tests/lib.o tests/filesys/seq-test.o tests/main.o lib/user/entry.o libc.a -o tests/filesys/base/sm-seq-block
pintos -v -k -T 60 --qemu  --filesys-size=2 -p tests/filesys/base/sm-seq-block -a sm-seq-block -- -q  -f run sm-seq-block < /dev/null 2> tests/filesys/base/sm-seq-block.errors > tests/filesys/base/sm-seq-block.output
perl -I../.. ../../tests/filesys/base/sm-seq-block.ck tests/filesys/base/sm-seq-block tests/filesys/base/sm-seq-block.result
FAIL tests/filesys/base/sm-seq-block
Run didn't produce any output
gcc-4.1 -m32 -c ../../tests/filesys/base/sm-seq-random.c -o tests/filesys/base/sm-seq-random.o -g -msoft-float -O -fno-stack-protector -nostdinc -I../.. -I../../lib -I../../lib/user -I. -Wall -W -Wstrict-prototypes -Wmissing-prototypes -Wsystem-headers  -MMD -MF tests/filesys/base/sm-seq-random.d
gcc-4.1 -m32  -Wl,--build-id=none -nostdlib -static -Wl,-T,../../lib/user/user.lds tests/filesys/base/sm-seq-random.o tests/lib.o tests/filesys/seq-test.o tests/main.o lib/user/entry.o libc.a -o tests/filesys/base/sm-seq-random
pintos -v -k -T 60 --qemu  --filesys-size=2 -p tests/filesys/base/sm-seq-random -a sm-seq-random -- -q  -f run sm-seq-random < /dev/null 2> tests/filesys/base/sm-seq-random.errors > tests/filesys/base/sm-seq-random.output
perl -I../.. ../../tests/filesys/base/sm-seq-random.ck tests/filesys/base/sm-seq-random tests/filesys/base/sm-seq-random.result
FAIL tests/filesys/base/sm-seq-random
Run didn't produce any output
gcc-4.1 -m32 -c ../../tests/filesys/base/syn-read.c -o tests/filesys/base/syn-read.o -g -msoft-float -O -fno-stack-protector -nostdinc -I../.. -I../../lib -I../../lib/user -I. -Wall -W -Wstrict-prototypes -Wmissing-prototypes -Wsystem-headers  -MMD -MF tests/filesys/base/syn-read.d
gcc-4.1 -m32  -Wl,--build-id=none -nostdlib -static -Wl,-T,../../lib/user/user.lds tests/filesys/base/syn-read.o tests/lib.o tests/filesys/seq-test.o tests/main.o lib/user/entry.o libc.a -o tests/filesys/base/syn-read
gcc-4.1 -m32 -c ../../tests/filesys/base/child-syn-read.c -o tests/filesys/base/child-syn-read.o -g -msoft-float -O -fno-stack-protector -nostdinc -I../.. -I../../lib -I../../lib/user -I. -Wall -W -Wstrict-prototypes -Wmissing-prototypes -Wsystem-headers  -MMD -MF tests/filesys/base/child-syn-read.d
gcc-4.1 -m32  -Wl,--build-id=none -nostdlib -static -Wl,-T,../../lib/user/user.lds tests/filesys/base/child-syn-read.o tests/lib.o tests/filesys/seq-test.o lib/user/entry.o libc.a -o tests/filesys/base/child-syn-read
pintos -v -k -T 300 --qemu  --filesys-size=2 -p tests/filesys/base/syn-read -a syn-read -p tests/filesys/base/child-syn-read -a child-syn-read -- -q  -f run syn-read < /dev/null 2> tests/filesys/base/syn-read.errors > tests/filesys/base/syn-read.output
perl -I../.. ../../tests/filesys/base/syn-read.ck tests/filesys/base/syn-read tests/filesys/base/syn-read.result
FAIL tests/filesys/base/syn-read
Run didn't produce any output
gcc-4.1 -m32 -c ../../tests/filesys/base/syn-remove.c -o tests/filesys/base/syn-remove.o -g -msoft-float -O -fno-stack-protector -nostdinc -I../.. -I../../lib -I../../lib/user -I. -Wall -W -Wstrict-prototypes -Wmissing-prototypes -Wsystem-headers  -MMD -MF tests/filesys/base/syn-remove.d
gcc-4.1 -m32  -Wl,--build-id=none -nostdlib -static -Wl,-T,../../lib/user/user.lds tests/filesys/base/syn-remove.o tests/lib.o tests/filesys/seq-test.o tests/main.o lib/user/entry.o libc.a -o tests/filesys/base/syn-remove
pintos -v -k -T 60 --qemu  --filesys-size=2 -p tests/filesys/base/syn-remove -a syn-remove -- -q  -f run syn-remove < /dev/null 2> tests/filesys/base/syn-remove.errors > tests/filesys/base/syn-remove.output
perl -I../.. ../../tests/filesys/base/syn-remove.ck tests/filesys/base/syn-remove tests/filesys/base/syn-remove.result
FAIL tests/filesys/base/syn-remove
Run didn't produce any output
gcc-4.1 -m32 -c ../../tests/filesys/base/syn-write.c -o tests/filesys/base/syn-write.o -g -msoft-float -O -fno-stack-protector -nostdinc -I../.. -I../../lib -I../../lib/user -I. -Wall -W -Wstrict-prototypes -Wmissing-prototypes -Wsystem-headers  -MMD -MF tests/filesys/base/syn-write.d
gcc-4.1 -m32  -Wl,--build-id=none -nostdlib -static -Wl,-T,../../lib/user/user.lds tests/filesys/base/syn-write.o tests/lib.o tests/filesys/seq-test.o tests/main.o lib/user/entry.o libc.a -o tests/filesys/base/syn-write
gcc-4.1 -m32 -c ../../tests/filesys/base/child-syn-wrt.c -o tests/filesys/base/child-syn-wrt.o -g -msoft-float -O -fno-stack-protector -nostdinc -I../.. -I../../lib -I../../lib/user -I. -Wall -W -Wstrict-prototypes -Wmissing-prototypes -Wsystem-headers  -MMD -MF tests/filesys/base/child-syn-wrt.d
gcc-4.1 -m32  -Wl,--build-id=none -nostdlib -static -Wl,-T,../../lib/user/user.lds tests/filesys/base/child-syn-wrt.o tests/lib.o tests/filesys/seq-test.o lib/user/entry.o libc.a -o tests/filesys/base/child-syn-wrt
pintos -v -k -T 60 --qemu  --filesys-size=2 -p tests/filesys/base/syn-write -a syn-write -p tests/filesys/base/child-syn-wrt -a child-syn-wrt -- -q  -f run syn-write < /dev/null 2> tests/filesys/base/syn-write.errors > tests/filesys/base/syn-write.output
perl -I../.. ../../tests/filesys/base/syn-write.ck tests/filesys/base/syn-write tests/filesys/base/syn-write.result
FAIL tests/filesys/base/syn-write
Run didn't produce any output
../../tests/make-grade ../.. results ../../tests/userprog/Grading | tee grade
TOTAL TESTING SCORE: 0.0%

- - - - - - - - - - - - - - - - - - - - - - - - - - - - - - - - - - - - - - 

SUMMARY BY TEST SET

Test Set                                      Pts Max  % Ttl  % Max
--------------------------------------------- --- --- ------ ------
tests/userprog/Rubric.functionality             0/108   0.0%/ 35.0%
tests/userprog/Rubric.robustness                0/ 88   0.0%/ 25.0%
tests/userprog/no-vm/Rubric                     0/  1   0.0%/ 10.0%
tests/filesys/base/Rubric                       0/ 30   0.0%/ 30.0%
--------------------------------------------- --- --- ------ ------
Total                                                   0.0%/100.0%

- - - - - - - - - - - - - - - - - - - - - - - - - - - - - - - - - - - - - - 

SUMMARY OF INDIVIDUAL TESTS

Functionality of system calls (tests/userprog/Rubric.functionality):
	- Test argument passing on Pintos command line.
	  ** 0/ 3 tests/userprog/args-none
	  ** 0/ 3 tests/userprog/args-single
	  ** 0/ 3 tests/userprog/args-multiple
	  ** 0/ 3 tests/userprog/args-many
	  ** 0/ 3 tests/userprog/args-dbl-space

	- Test "create" system call.
	  ** 0/ 3 tests/userprog/create-empty
	  ** 0/ 3 tests/userprog/create-long
	  ** 0/ 3 tests/userprog/create-normal
	  ** 0/ 3 tests/userprog/create-exists

	- Test "open" system call.
	  ** 0/ 3 tests/userprog/open-missing
	  ** 0/ 3 tests/userprog/open-normal
	  ** 0/ 3 tests/userprog/open-twice

	- Test "read" system call.
	  ** 0/ 3 tests/userprog/read-normal
	  ** 0/ 3 tests/userprog/read-zero

	- Test "write" system call.
	  ** 0/ 3 tests/userprog/write-normal
	  ** 0/ 3 tests/userprog/write-zero

	- Test "close" system call.
	  ** 0/ 3 tests/userprog/close-normal

	- Test "exec" system call.
	  ** 0/ 5 tests/userprog/exec-once
	  ** 0/ 5 tests/userprog/exec-multiple
	  ** 0/ 5 tests/userprog/exec-arg

	- Test "wait" system call.
	  ** 0/ 5 tests/userprog/wait-simple
	  ** 0/ 5 tests/userprog/wait-twice

	- Test "exit" system call.
	  ** 0/ 5 tests/userprog/exit

	- Test "halt" system call.
	  ** 0/ 3 tests/userprog/halt

	- Test recursive execution of user programs.
	  ** 0/15 tests/userprog/multi-recurse

	- Test read-only executable feature.
	  ** 0/ 3 tests/userprog/rox-simple
	  ** 0/ 3 tests/userprog/rox-child
	  ** 0/ 3 tests/userprog/rox-multichild

	- Section summary.
	      0/ 28 tests passed
	      0/108 points subtotal

Robustness of system calls (tests/userprog/Rubric.robustness):
	- Test robustness of file descriptor handling.
	  ** 0/ 2 tests/userprog/close-stdin
	  ** 0/ 2 tests/userprog/close-stdout
	  ** 0/ 2 tests/userprog/close-bad-fd
	  ** 0/ 2 tests/userprog/close-twice
	  ** 0/ 2 tests/userprog/read-bad-fd
	  ** 0/ 2 tests/userprog/read-stdout
	  ** 0/ 2 tests/userprog/write-bad-fd
	  ** 0/ 2 tests/userprog/write-stdin
	  ** 0/ 2 tests/userprog/multi-child-fd

	- Test robustness of pointer handling.
	  ** 0/ 3 tests/userprog/create-bad-ptr
	  ** 0/ 3 tests/userprog/exec-bad-ptr
	  ** 0/ 3 tests/userprog/open-bad-ptr
	  ** 0/ 3 tests/userprog/read-bad-ptr
	  ** 0/ 3 tests/userprog/write-bad-ptr

	- Test robustness of buffer copying across page boundaries.
	  ** 0/ 3 tests/userprog/create-bound
	  ** 0/ 3 tests/userprog/open-boundary
	  ** 0/ 3 tests/userprog/read-boundary
	  ** 0/ 3 tests/userprog/write-boundary

	- Test handling of null pointer and empty strings.
	  ** 0/ 2 tests/userprog/create-null
	  ** 0/ 2 tests/userprog/open-null
	  ** 0/ 2 tests/userprog/open-empty

	- Test robustness of system call implementation.
	  ** 0/ 3 tests/userprog/sc-bad-arg
	  ** 0/ 3 tests/userprog/sc-bad-sp
	  ** 0/ 5 tests/userprog/sc-boundary
	  ** 0/ 5 tests/userprog/sc-boundary-2

	- Test robustness of "exec" and "wait" system calls.
	  ** 0/ 5 tests/userprog/exec-missing
	  ** 0/ 5 tests/userprog/wait-bad-pid
	  ** 0/ 5 tests/userprog/wait-killed

	- Test robustness of exception handling.
	  ** 0/ 1 tests/userprog/bad-read
	  ** 0/ 1 tests/userprog/bad-write
	  ** 0/ 1 tests/userprog/bad-jump
	  ** 0/ 1 tests/userprog/bad-read2
	  ** 0/ 1 tests/userprog/bad-write2
	  ** 0/ 1 tests/userprog/bad-jump2

	- Section summary.
	      0/ 34 tests passed
	      0/ 88 points subtotal

Functionality of features that VM might break (tests/userprog/no-vm/Rubric):

	  ** 0/ 1 tests/userprog/no-vm/multi-oom

	- Section summary.
	      0/  1 tests passed
	      0/  1 points subtotal

Functionality of base file system (tests/filesys/base/Rubric):
	- Test basic support for small files.
	  ** 0/ 1 tests/filesys/base/sm-create
	  ** 0/ 2 tests/filesys/base/sm-full
	  ** 0/ 2 tests/filesys/base/sm-random
	  ** 0/ 2 tests/filesys/base/sm-seq-block
	  ** 0/ 3 tests/filesys/base/sm-seq-random

	- Test basic support for large files.
	  ** 0/ 1 tests/filesys/base/lg-create
	  ** 0/ 2 tests/filesys/base/lg-full
	  ** 0/ 2 tests/filesys/base/lg-random
	  ** 0/ 2 tests/filesys/base/lg-seq-block
	  ** 0/ 3 tests/filesys/base/lg-seq-random

	- Test synchronized multiprogram access to files.
	  ** 0/ 4 tests/filesys/base/syn-read
	  ** 0/ 4 tests/filesys/base/syn-write
	  ** 0/ 2 tests/filesys/base/syn-remove

	- Section summary.
	      0/ 13 tests passed
	      0/ 30 points subtotal


- - - - - - - - - - - - - - - - - - - - - - - - - - - - - - - - - - - - - - 

DETAILS OF tests/userprog/args-none FAILURE:

Run didn't produce any output

OUTPUT FROM tests/userprog/args-none:

Copying tests/userprog/args-none to scratch partition...
qemu -hda /tmp/user/1002/hv9qYoEzTD.dsk -m 4 -net none -nographic -monitor null
PiLo hda1
Loading.........
Kernel command line: -q -f extract run args-none
Pintos booting with 3,968 kB RAM...
367 pages available in kernel pool.
367 pages available in user pool.
Calibrating timer...  314,163,200 loops/s.
hda: 5,040 sectors (2 MB), model "QM00001", serial "QEMU HARDDISK"
hda1: 147 sectors (73 kB), Pintos OS kernel (20)
hda2: 4,096 sectors (2 MB), Pintos file system (21)
hda3: 107 sectors (53 kB), Pintos scratch (22)
filesys: using hda2
scratch: using hda3
Formatting file system...done.
Boot complete.
Extracting ustar archive from scratch device into file system...
Putting 'args-none' into the file system...
Erasing ustar archive...
Executing 'args-none':
Execution of 'args-none' complete.
Timer: 80 ticks
Thread: 0 idle ticks, 0 kernel ticks, 0 user ticks
hda2 (filesys): 26 reads, 218 writes
hda3 (scratch): 106 reads, 2 writes
Console: 831 characters output
Keyboard: 0 keys pressed
Exception: 0 page faults
Powering off...

- - - - - - - - - - - - - - - - - - - - - - - - - - - - - - - - - - - - - - 

DETAILS OF tests/userprog/args-single FAILURE:

Run didn't produce any output

OUTPUT FROM tests/userprog/args-single:

Copying tests/userprog/args-single to scratch partition...
qemu -hda /tmp/user/1002/Nzph25HtHJ.dsk -m 4 -net none -nographic -monitor null
PiLo hda1
Loading.........
Kernel command line: -q -f extract run 'args-single onearg'
Pintos booting with 3,968 kB RAM...
367 pages available in kernel pool.
367 pages available in user pool.
Calibrating timer...  235,520,000 loops/s.
hda: 5,040 sectors (2 MB), model "QM00001", serial "QEMU HARDDISK"
hda1: 147 sectors (73 kB), Pintos OS kernel (20)
hda2: 4,096 sectors (2 MB), Pintos file system (21)
hda3: 107 sectors (53 kB), Pintos scratch (22)
filesys: using hda2
scratch: using hda3
Formatting file system...done.
Boot complete.
Extracting ustar archive from scratch device into file system...
Putting 'args-single' into the file system...
Erasing ustar archive...
Executing 'args-single onearg':
Execution of 'args-single' complete.
Timer: 84 ticks
Thread: 0 idle ticks, 0 kernel ticks, 0 user ticks
hda2 (filesys): 26 reads, 218 writes
hda3 (scratch): 106 reads, 2 writes
Console: 855 characters output
Keyboard: 0 keys pressed
Exception: 0 page faults
Powering off...

- - - - - - - - - - - - - - - - - - - - - - - - - - - - - - - - - - - - - - 

DETAILS OF tests/userprog/args-multiple FAILURE:

Run didn't produce any output

OUTPUT FROM tests/userprog/args-multiple:

Copying tests/userprog/args-multiple to scratch partition...
qemu -hda /tmp/user/1002/1GkRY81aAK.dsk -m 4 -net none -nographic -monitor null
PiLo hda1
Loading.........
Kernel command line: -q -f extract run 'args-multiple some arguments for you!'
Pintos booting with 3,968 kB RAM...
367 pages available in kernel pool.
367 pages available in user pool.
Calibrating timer...  314,163,200 loops/s.
hda: 5,040 sectors (2 MB), model "QM00001", serial "QEMU HARDDISK"
hda1: 147 sectors (73 kB), Pintos OS kernel (20)
hda2: 4,096 sectors (2 MB), Pintos file system (21)
hda3: 107 sectors (53 kB), Pintos scratch (22)
filesys: using hda2
scratch: using hda3
Formatting file system...done.
Boot complete.
Extracting ustar archive from scratch device into file system...
Putting 'args-multiple' into the file system...
Erasing ustar archive...
Executing 'args-multiple some arguments for you!':
Execution of 'args-multiple' complete.
Timer: 83 ticks
Thread: 0 idle ticks, 0 kernel ticks, 0 user ticks
hda2 (filesys): 26 reads, 218 writes
hda3 (scratch): 106 reads, 2 writes
Console: 897 characters output
Keyboard: 0 keys pressed
Exception: 0 page faults
Powering off...

- - - - - - - - - - - - - - - - - - - - - - - - - - - - - - - - - - - - - - 

DETAILS OF tests/userprog/args-many FAILURE:

Run didn't produce any output

OUTPUT FROM tests/userprog/args-many:

Copying tests/userprog/args-many to scratch partition...
qemu -hda /tmp/user/1002/wkfHTIvdji.dsk -m 4 -net none -nographic -monitor null
PiLo hda1
Loading.........
Kernel command line: -q -f extract run 'args-many a b c d e f g h i j k l m n o p q r s t u v'
Pintos booting with 3,968 kB RAM...
367 pages available in kernel pool.
367 pages available in user pool.
Calibrating timer...  314,163,200 loops/s.
hda: 5,040 sectors (2 MB), model "QM00001", serial "QEMU HARDDISK"
hda1: 147 sectors (73 kB), Pintos OS kernel (20)
hda2: 4,096 sectors (2 MB), Pintos file system (21)
hda3: 107 sectors (53 kB), Pintos scratch (22)
filesys: using hda2
scratch: using hda3
Formatting file system...done.
Boot complete.
Extracting ustar archive from scratch device into file system...
Putting 'args-many' into the file system...
Erasing ustar archive...
Executing 'args-many a b c d e f g h i j k l m n o p q r s t u v':
Execution of 'args-many' complete.
Timer: 84 ticks
Thread: 0 idle ticks, 0 kernel ticks, 0 user ticks
hda2 (filesys): 26 reads, 218 writes
hda3 (scratch): 106 reads, 2 writes
Console: 921 characters output
Keyboard: 0 keys pressed
Exception: 0 page faults
Powering off...

- - - - - - - - - - - - - - - - - - - - - - - - - - - - - - - - - - - - - - 

DETAILS OF tests/userprog/args-dbl-space FAILURE:

Run didn't produce any output

OUTPUT FROM tests/userprog/args-dbl-space:

Copying tests/userprog/args-dbl-space to scratch partition...
qemu -hda /tmp/user/1002/fcef9T1IK4.dsk -m 4 -net none -nographic -monitor null
PiLo hda1
Loading.........
Kernel command line: -q -f extract run 'args-dbl-space two  spaces!'
Pintos booting with 3,968 kB RAM...
367 pages available in kernel pool.
367 pages available in user pool.
Calibrating timer...  314,163,200 loops/s.
hda: 5,040 sectors (2 MB), model "QM00001", serial "QEMU HARDDISK"
hda1: 147 sectors (73 kB), Pintos OS kernel (20)
hda2: 4,096 sectors (2 MB), Pintos file system (21)
hda3: 107 sectors (53 kB), Pintos scratch (22)
filesys: using hda2
scratch: using hda3
Formatting file system...done.
Boot complete.
Extracting ustar archive from scratch device into file system...
Putting 'args-dbl-space' into the file system...
Erasing ustar archive...
Executing 'args-dbl-space two  spaces!':
Execution of 'args-dbl-space' complete.
Timer: 80 ticks
Thread: 0 idle ticks, 0 kernel ticks, 0 user ticks
hda2 (filesys): 26 reads, 218 writes
hda3 (scratch): 106 reads, 2 writes
Console: 879 characters output
Keyboard: 0 keys pressed
Exception: 0 page faults
Powering off...

- - - - - - - - - - - - - - - - - - - - - - - - - - - - - - - - - - - - - - 

DETAILS OF tests/userprog/create-empty FAILURE:

Run didn't produce any output

OUTPUT FROM tests/userprog/create-empty:

Copying tests/userprog/create-empty to scratch partition...
qemu -hda /tmp/user/1002/vnxXP_Ze5T.dsk -m 4 -net none -nographic -monitor null
PiLo hda1
Loading.........
Kernel command line: -q -f extract run create-empty
Pintos booting with 3,968 kB RAM...
367 pages available in kernel pool.
367 pages available in user pool.
Calibrating timer...  314,163,200 loops/s.
hda: 5,040 sectors (2 MB), model "QM00001", serial "QEMU HARDDISK"
hda1: 147 sectors (73 kB), Pintos OS kernel (20)
hda2: 4,096 sectors (2 MB), Pintos file system (21)
hda3: 107 sectors (53 kB), Pintos scratch (22)
filesys: using hda2
scratch: using hda3
Formatting file system...done.
Boot complete.
Extracting ustar archive from scratch device into file system...
Putting 'create-empty' into the file system...
Erasing ustar archive...
Executing 'create-empty':
Execution of 'create-empty' complete.
Timer: 85 ticks
Thread: 0 idle ticks, 0 kernel ticks, 0 user ticks
hda2 (filesys): 26 reads, 218 writes
hda3 (scratch): 106 reads, 2 writes
Console: 843 characters output
Keyboard: 0 keys pressed
Exception: 0 page faults
Powering off...

- - - - - - - - - - - - - - - - - - - - - - - - - - - - - - - - - - - - - - 

DETAILS OF tests/userprog/create-long FAILURE:

Run didn't produce any output

OUTPUT FROM tests/userprog/create-long:

Copying tests/userprog/create-long to scratch partition...
qemu -hda /tmp/user/1002/1fTPJ_peUK.dsk -m 4 -net none -nographic -monitor null
PiLo hda1
Loading.........
Kernel command line: -q -f extract run create-long
Pintos booting with 3,968 kB RAM...
367 pages available in kernel pool.
367 pages available in user pool.
Calibrating timer...  314,163,200 loops/s.
hda: 5,040 sectors (2 MB), model "QM00001", serial "QEMU HARDDISK"
hda1: 147 sectors (73 kB), Pintos OS kernel (20)
hda2: 4,096 sectors (2 MB), Pintos file system (21)
hda3: 107 sectors (53 kB), Pintos scratch (22)
filesys: using hda2
scratch: using hda3
Formatting file system...done.
Boot complete.
Extracting ustar archive from scratch device into file system...
Putting 'create-long' into the file system...
Erasing ustar archive...
Executing 'create-long':
Execution of 'create-long' complete.
Timer: 83 ticks
Thread: 0 idle ticks, 0 kernel ticks, 0 user ticks
hda2 (filesys): 26 reads, 218 writes
hda3 (scratch): 106 reads, 2 writes
Console: 839 characters output
Keyboard: 0 keys pressed
Exception: 0 page faults
Powering off...

- - - - - - - - - - - - - - - - - - - - - - - - - - - - - - - - - - - - - - 

DETAILS OF tests/userprog/create-normal FAILURE:

Run didn't produce any output

OUTPUT FROM tests/userprog/create-normal:

Copying tests/userprog/create-normal to scratch partition...
qemu -hda /tmp/user/1002/rJiYHeeP_a.dsk -m 4 -net none -nographic -monitor null
PiLo hda1
Loading.........
Kernel command line: -q -f extract run create-normal
Pintos booting with 3,968 kB RAM...
367 pages available in kernel pool.
367 pages available in user pool.
Calibrating timer...  314,163,200 loops/s.
hda: 5,040 sectors (2 MB), model "QM00001", serial "QEMU HARDDISK"
hda1: 147 sectors (73 kB), Pintos OS kernel (20)
hda2: 4,096 sectors (2 MB), Pintos file system (21)
hda3: 107 sectors (53 kB), Pintos scratch (22)
filesys: using hda2
scratch: using hda3
Formatting file system...done.
Boot complete.
Extracting ustar archive from scratch device into file system...
Putting 'create-normal' into the file system...
Erasing ustar archive...
Executing 'create-normal':
Execution of 'create-normal' complete.
Timer: 85 ticks
Thread: 0 idle ticks, 0 kernel ticks, 0 user ticks
hda2 (filesys): 26 reads, 218 writes
hda3 (scratch): 106 reads, 2 writes
Console: 847 characters output
Keyboard: 0 keys pressed
Exception: 0 page faults
Powering off...

- - - - - - - - - - - - - - - - - - - - - - - - - - - - - - - - - - - - - - 

DETAILS OF tests/userprog/create-exists FAILURE:

Run didn't produce any output

OUTPUT FROM tests/userprog/create-exists:

Copying tests/userprog/create-exists to scratch partition...
qemu -hda /tmp/user/1002/8N42SaTWOk.dsk -m 4 -net none -nographic -monitor null
PiLo hda1
Loading.........
Kernel command line: -q -f extract run create-exists
Pintos booting with 3,968 kB RAM...
367 pages available in kernel pool.
367 pages available in user pool.
Calibrating timer...  314,163,200 loops/s.
hda: 5,040 sectors (2 MB), model "QM00001", serial "QEMU HARDDISK"
hda1: 147 sectors (73 kB), Pintos OS kernel (20)
hda2: 4,096 sectors (2 MB), Pintos file system (21)
hda3: 108 sectors (54 kB), Pintos scratch (22)
filesys: using hda2
scratch: using hda3
Formatting file system...done.
Boot complete.
Extracting ustar archive from scratch device into file system...
Putting 'create-exists' into the file system...
Erasing ustar archive...
Executing 'create-exists':
Execution of 'create-exists' complete.
Timer: 86 ticks
Thread: 0 idle ticks, 0 kernel ticks, 0 user ticks
hda2 (filesys): 26 reads, 220 writes
hda3 (scratch): 107 reads, 2 writes
Console: 847 characters output
Keyboard: 0 keys pressed
Exception: 0 page faults
Powering off...

- - - - - - - - - - - - - - - - - - - - - - - - - - - - - - - - - - - - - - 

DETAILS OF tests/userprog/open-missing FAILURE:

Run didn't produce any output

OUTPUT FROM tests/userprog/open-missing:

Copying tests/userprog/open-missing to scratch partition...
qemu -hda /tmp/user/1002/9jibXATRJM.dsk -m 4 -net none -nographic -monitor null
PiLo hda1
Loading.........
Kernel command line: -q -f extract run open-missing
Pintos booting with 3,968 kB RAM...
367 pages available in kernel pool.
367 pages available in user pool.
Calibrating timer...  314,163,200 loops/s.
hda: 5,040 sectors (2 MB), model "QM00001", serial "QEMU HARDDISK"
hda1: 147 sectors (73 kB), Pintos OS kernel (20)
hda2: 4,096 sectors (2 MB), Pintos file system (21)
hda3: 107 sectors (53 kB), Pintos scratch (22)
filesys: using hda2
scratch: using hda3
Formatting file system...done.
Boot complete.
Extracting ustar archive from scratch device into file system...
Putting 'open-missing' into the file system...
Erasing ustar archive...
Executing 'open-missing':
Execution of 'open-missing' complete.
Timer: 86 ticks
Thread: 0 idle ticks, 0 kernel ticks, 0 user ticks
hda2 (filesys): 26 reads, 218 writes
hda3 (scratch): 106 reads, 2 writes
Console: 843 characters output
Keyboard: 0 keys pressed
Exception: 0 page faults
Powering off...

- - - - - - - - - - - - - - - - - - - - - - - - - - - - - - - - - - - - - - 

DETAILS OF tests/userprog/open-normal FAILURE:

Run didn't produce any output

OUTPUT FROM tests/userprog/open-normal:

Copying tests/userprog/open-normal to scratch partition...
Copying ../../tests/userprog/sample.txt to scratch partition...
qemu -hda /tmp/user/1002/M0EwNBCFyk.dsk -m 4 -net none -nographic -monitor null
PiLo hda1
Loading.........
Kernel command line: -q -f extract run open-normal
Pintos booting with 3,968 kB RAM...
367 pages available in kernel pool.
367 pages available in user pool.
Calibrating timer...  314,163,200 loops/s.
hda: 5,040 sectors (2 MB), model "QM00001", serial "QEMU HARDDISK"
hda1: 147 sectors (73 kB), Pintos OS kernel (20)
hda2: 4,096 sectors (2 MB), Pintos file system (21)
hda3: 109 sectors (54 kB), Pintos scratch (22)
filesys: using hda2
scratch: using hda3
Formatting file system...done.
Boot complete.
Extracting ustar archive from scratch device into file system...
Putting 'open-normal' into the file system...
Putting 'sample.txt' into the file system...
Erasing ustar archive...
Executing 'open-normal':
Execution of 'open-normal' complete.
Timer: 86 ticks
Thread: 0 idle ticks, 0 kernel ticks, 0 user ticks
hda2 (filesys): 51 reads, 224 writes
hda3 (scratch): 108 reads, 2 writes
Console: 884 characters output
Keyboard: 0 keys pressed
Exception: 0 page faults
Powering off...

- - - - - - - - - - - - - - - - - - - - - - - - - - - - - - - - - - - - - - 

DETAILS OF tests/userprog/open-twice FAILURE:

Run didn't produce any output

OUTPUT FROM tests/userprog/open-twice:

Copying tests/userprog/open-twice to scratch partition...
Copying ../../tests/userprog/sample.txt to scratch partition...
qemu -hda /tmp/user/1002/fyDKQVRNeF.dsk -m 4 -net none -nographic -monitor null
PiLo hda1
Loading.........
Kernel command line: -q -f extract run open-twice
Pintos booting with 3,968 kB RAM...
367 pages available in kernel pool.
367 pages available in user pool.
Calibrating timer...  314,163,200 loops/s.
hda: 5,040 sectors (2 MB), model "QM00001", serial "QEMU HARDDISK"
hda1: 147 sectors (73 kB), Pintos OS kernel (20)
hda2: 4,096 sectors (2 MB), Pintos file system (21)
hda3: 110 sectors (55 kB), Pintos scratch (22)
filesys: using hda2
scratch: using hda3
Formatting file system...done.
Boot complete.
Extracting ustar archive from scratch device into file system...
Putting 'open-twice' into the file system...
Putting 'sample.txt' into the file system...
Erasing ustar archive...
Executing 'open-twice':
Execution of 'open-twice' complete.
Timer: 88 ticks
Thread: 0 idle ticks, 0 kernel ticks, 0 user ticks
hda2 (filesys): 51 reads, 226 writes
hda3 (scratch): 109 reads, 2 writes
Console: 880 characters output
Keyboard: 0 keys pressed
Exception: 0 page faults
Powering off...

- - - - - - - - - - - - - - - - - - - - - - - - - - - - - - - - - - - - - - 

DETAILS OF tests/userprog/read-normal FAILURE:

Run didn't produce any output

OUTPUT FROM tests/userprog/read-normal:

Copying tests/userprog/read-normal to scratch partition...
Copying ../../tests/userprog/sample.txt to scratch partition...
qemu -hda /tmp/user/1002/Sty879tKA8.dsk -m 4 -net none -nographic -monitor null
PiLo hda1
Loading.........
Kernel command line: -q -f extract run read-normal
Pintos booting with 3,968 kB RAM...
367 pages available in kernel pool.
367 pages available in user pool.
Calibrating timer...  314,163,200 loops/s.
hda: 5,040 sectors (2 MB), model "QM00001", serial "QEMU HARDDISK"
hda1: 147 sectors (73 kB), Pintos OS kernel (20)
hda2: 4,096 sectors (2 MB), Pintos file system (21)
hda3: 110 sectors (55 kB), Pintos scratch (22)
filesys: using hda2
scratch: using hda3
Formatting file system...done.
Boot complete.
Extracting ustar archive from scratch device into file system...
Putting 'read-normal' into the file system...
Putting 'sample.txt' into the file system...
Erasing ustar archive...
Executing 'read-normal':
Execution of 'read-normal' complete.
Timer: 89 ticks
Thread: 0 idle ticks, 0 kernel ticks, 0 user ticks
hda2 (filesys): 51 reads, 226 writes
hda3 (scratch): 109 reads, 2 writes
Console: 884 characters output
Keyboard: 0 keys pressed
Exception: 0 page faults
Powering off...

- - - - - - - - - - - - - - - - - - - - - - - - - - - - - - - - - - - - - - 

DETAILS OF tests/userprog/read-zero FAILURE:

Run didn't produce any output

OUTPUT FROM tests/userprog/read-zero:

Copying tests/userprog/read-zero to scratch partition...
Copying ../../tests/userprog/sample.txt to scratch partition...
qemu -hda /tmp/user/1002/SJOlbE20Wj.dsk -m 4 -net none -nographic -monitor null
PiLo hda1
Loading.........
Kernel command line: -q -f extract run read-zero
Pintos booting with 3,968 kB RAM...
367 pages available in kernel pool.
367 pages available in user pool.
Calibrating timer...  314,163,200 loops/s.
hda: 5,040 sectors (2 MB), model "QM00001", serial "QEMU HARDDISK"
hda1: 147 sectors (73 kB), Pintos OS kernel (20)
hda2: 4,096 sectors (2 MB), Pintos file system (21)
hda3: 110 sectors (55 kB), Pintos scratch (22)
filesys: using hda2
scratch: using hda3
Formatting file system...done.
Boot complete.
Extracting ustar archive from scratch device into file system...
Putting 'read-zero' into the file system...
Putting 'sample.txt' into the file system...
Erasing ustar archive...
Executing 'read-zero':
Execution of 'read-zero' complete.
Timer: 83 ticks
Thread: 0 idle ticks, 0 kernel ticks, 0 user ticks
hda2 (filesys): 51 reads, 226 writes
hda3 (scratch): 109 reads, 2 writes
Console: 876 characters output
Keyboard: 0 keys pressed
Exception: 0 page faults
Powering off...

- - - - - - - - - - - - - - - - - - - - - - - - - - - - - - - - - - - - - - 

DETAILS OF tests/userprog/write-normal FAILURE:

Run didn't produce any output

OUTPUT FROM tests/userprog/write-normal:

Copying tests/userprog/write-normal to scratch partition...
Copying ../../tests/userprog/sample.txt to scratch partition...
qemu -hda /tmp/user/1002/c5ksgHe1Bq.dsk -m 4 -net none -nographic -monitor null
PiLo hda1
Loading.........
Kernel command line: -q -f extract run write-normal
Pintos booting with 3,968 kB RAM...
367 pages available in kernel pool.
367 pages available in user pool.
Calibrating timer...  314,163,200 loops/s.
hda: 5,040 sectors (2 MB), model "QM00001", serial "QEMU HARDDISK"
hda1: 147 sectors (73 kB), Pintos OS kernel (20)
hda2: 4,096 sectors (2 MB), Pintos file system (21)
hda3: 111 sectors (55 kB), Pintos scratch (22)
filesys: using hda2
scratch: using hda3
Formatting file system...done.
Boot complete.
Extracting ustar archive from scratch device into file system...
Putting 'write-normal' into the file system...
Putting 'sample.txt' into the file system...
Erasing ustar archive...
Executing 'write-normal':
Execution of 'write-normal' complete.
Timer: 84 ticks
Thread: 0 idle ticks, 0 kernel ticks, 0 user ticks
hda2 (filesys): 51 reads, 228 writes
hda3 (scratch): 110 reads, 2 writes
Console: 888 characters output
Keyboard: 0 keys pressed
Exception: 0 page faults
Powering off...

- - - - - - - - - - - - - - - - - - - - - - - - - - - - - - - - - - - - - - 

DETAILS OF tests/userprog/write-zero FAILURE:

Run didn't produce any output

OUTPUT FROM tests/userprog/write-zero:

Copying tests/userprog/write-zero to scratch partition...
Copying ../../tests/userprog/sample.txt to scratch partition...
qemu -hda /tmp/user/1002/OOscaOWlQH.dsk -m 4 -net none -nographic -monitor null
PiLo hda1
Loading.........
Kernel command line: -q -f extract run write-zero
Pintos booting with 3,968 kB RAM...
367 pages available in kernel pool.
367 pages available in user pool.
Calibrating timer...  314,163,200 loops/s.
hda: 5,040 sectors (2 MB), model "QM00001", serial "QEMU HARDDISK"
hda1: 147 sectors (73 kB), Pintos OS kernel (20)
hda2: 4,096 sectors (2 MB), Pintos file system (21)
hda3: 110 sectors (55 kB), Pintos scratch (22)
filesys: using hda2
scratch: using hda3
Formatting file system...done.
Boot complete.
Extracting ustar archive from scratch device into file system...
Putting 'write-zero' into the file system...
Putting 'sample.txt' into the file system...
Erasing ustar archive...
Executing 'write-zero':
Execution of 'write-zero' complete.
Timer: 89 ticks
Thread: 0 idle ticks, 0 kernel ticks, 0 user ticks
hda2 (filesys): 51 reads, 226 writes
hda3 (scratch): 109 reads, 2 writes
Console: 880 characters output
Keyboard: 0 keys pressed
Exception: 0 page faults
Powering off...

- - - - - - - - - - - - - - - - - - - - - - - - - - - - - - - - - - - - - - 

DETAILS OF tests/userprog/close-normal FAILURE:

Run didn't produce any output

OUTPUT FROM tests/userprog/close-normal:

Copying tests/userprog/close-normal to scratch partition...
Copying ../../tests/userprog/sample.txt to scratch partition...
qemu -hda /tmp/user/1002/XmpW8CzOgO.dsk -m 4 -net none -nographic -monitor null
PiLo hda1
Loading.........
Kernel command line: -q -f extract run close-normal
Pintos booting with 3,968 kB RAM...
367 pages available in kernel pool.
367 pages available in user pool.
Calibrating timer...  314,163,200 loops/s.
hda: 5,040 sectors (2 MB), model "QM00001", serial "QEMU HARDDISK"
hda1: 147 sectors (73 kB), Pintos OS kernel (20)
hda2: 4,096 sectors (2 MB), Pintos file system (21)
hda3: 109 sectors (54 kB), Pintos scratch (22)
filesys: using hda2
scratch: using hda3
Formatting file system...done.
Boot complete.
Extracting ustar archive from scratch device into file system...
Putting 'close-normal' into the file system...
Putting 'sample.txt' into the file system...
Erasing ustar archive...
Executing 'close-normal':
Execution of 'close-normal' complete.
Timer: 89 ticks
Thread: 0 idle ticks, 0 kernel ticks, 0 user ticks
hda2 (filesys): 51 reads, 224 writes
hda3 (scratch): 108 reads, 2 writes
Console: 888 characters output
Keyboard: 0 keys pressed
Exception: 0 page faults
Powering off...

- - - - - - - - - - - - - - - - - - - - - - - - - - - - - - - - - - - - - - 

DETAILS OF tests/userprog/exec-once FAILURE:

Run didn't produce any output

OUTPUT FROM tests/userprog/exec-once:

Copying tests/userprog/exec-once to scratch partition...
Copying tests/userprog/child-simple to scratch partition...
qemu -hda /tmp/user/1002/3KGIPRVpcx.dsk -m 4 -net none -nographic -monitor null
PiLo hda1
Loading.........
Kernel command line: -q -f extract run exec-once
Pintos booting with 3,968 kB RAM...
367 pages available in kernel pool.
367 pages available in user pool.
Calibrating timer...  314,163,200 loops/s.
hda: 5,040 sectors (2 MB), model "QM00001", serial "QEMU HARDDISK"
hda1: 147 sectors (73 kB), Pintos OS kernel (20)
hda2: 4,096 sectors (2 MB), Pintos file system (21)
hda3: 211 sectors (105 kB), Pintos scratch (22)
filesys: using hda2
scratch: using hda3
Formatting file system...done.
Boot complete.
Extracting ustar archive from scratch device into file system...
Putting 'exec-once' into the file system...
Putting 'child-simple' into the file system...
Erasing ustar archive...
Executing 'exec-once':
Execution of 'exec-once' complete.
Timer: 91 ticks
Thread: 0 idle ticks, 0 kernel ticks, 0 user ticks
hda2 (filesys): 51 reads, 428 writes
hda3 (scratch): 210 reads, 2 writes
Console: 879 characters output
Keyboard: 0 keys pressed
Exception: 0 page faults
Powering off...

- - - - - - - - - - - - - - - - - - - - - - - - - - - - - - - - - - - - - - 

DETAILS OF tests/userprog/exec-multiple FAILURE:

Run didn't produce any output

OUTPUT FROM tests/userprog/exec-multiple:

Copying tests/userprog/exec-multiple to scratch partition...
Copying tests/userprog/child-simple to scratch partition...
qemu -hda /tmp/user/1002/0VAzjysvK0.dsk -m 4 -net none -nographic -monitor null
PiLo hda1
Loading.........
Kernel command line: -q -f extract run exec-multiple
Pintos booting with 3,968 kB RAM...
367 pages available in kernel pool.
367 pages available in user pool.
Calibrating timer...  314,163,200 loops/s.
hda: 5,040 sectors (2 MB), model "QM00001", serial "QEMU HARDDISK"
hda1: 147 sectors (73 kB), Pintos OS kernel (20)
hda2: 4,096 sectors (2 MB), Pintos file system (21)
hda3: 211 sectors (105 kB), Pintos scratch (22)
filesys: using hda2
scratch: using hda3
Formatting file system...done.
Boot complete.
Extracting ustar archive from scratch device into file system...
Putting 'exec-multiple' into the file system...
Putting 'child-simple' into the file system...
Erasing ustar archive...
Executing 'exec-multiple':
Execution of 'exec-multiple' complete.
Timer: 96 ticks
Thread: 0 idle ticks, 0 kernel ticks, 0 user ticks
hda2 (filesys): 51 reads, 428 writes
hda3 (scratch): 210 reads, 2 writes
Console: 895 characters output
Keyboard: 0 keys pressed
Exception: 0 page faults
Powering off...

- - - - - - - - - - - - - - - - - - - - - - - - - - - - - - - - - - - - - - 

DETAILS OF tests/userprog/exec-arg FAILURE:

Run didn't produce any output

OUTPUT FROM tests/userprog/exec-arg:

Copying tests/userprog/exec-arg to scratch partition...
Copying tests/userprog/child-args to scratch partition...
qemu -hda /tmp/user/1002/jWj3rTq6Jv.dsk -m 4 -net none -nographic -monitor null
PiLo hda1
Loading.........
Kernel command line: -q -f extract run exec-arg
Pintos booting with 3,968 kB RAM...
367 pages available in kernel pool.
367 pages available in user pool.
Calibrating timer...  314,163,200 loops/s.
hda: 5,040 sectors (2 MB), model "QM00001", serial "QEMU HARDDISK"
hda1: 147 sectors (73 kB), Pintos OS kernel (20)
hda2: 4,096 sectors (2 MB), Pintos file system (21)
hda3: 212 sectors (106 kB), Pintos scratch (22)
filesys: using hda2
scratch: using hda3
Formatting file system...done.
Boot complete.
Extracting ustar archive from scratch device into file system...
Putting 'exec-arg' into the file system...
Putting 'child-args' into the file system...
Erasing ustar archive...
Executing 'exec-arg':
Execution of 'exec-arg' complete.
Timer: 101 ticks
Thread: 0 idle ticks, 0 kernel ticks, 0 user ticks
hda2 (filesys): 51 reads, 430 writes
hda3 (scratch): 211 reads, 2 writes
Console: 874 characters output
Keyboard: 0 keys pressed
Exception: 0 page faults
Powering off...

- - - - - - - - - - - - - - - - - - - - - - - - - - - - - - - - - - - - - - 

DETAILS OF tests/userprog/wait-simple FAILURE:

Run didn't produce any output

OUTPUT FROM tests/userprog/wait-simple:

Copying tests/userprog/wait-simple to scratch partition...
Copying tests/userprog/child-simple to scratch partition...
qemu -hda /tmp/user/1002/HWNhVRfNWI.dsk -m 4 -net none -nographic -monitor null
PiLo hda1
Loading.........
Kernel command line: -q -f extract run wait-simple
Pintos booting with 3,968 kB RAM...
367 pages available in kernel pool.
367 pages available in user pool.
Calibrating timer...  314,163,200 loops/s.
hda: 5,040 sectors (2 MB), model "QM00001", serial "QEMU HARDDISK"
hda1: 147 sectors (73 kB), Pintos OS kernel (20)
hda2: 4,096 sectors (2 MB), Pintos file system (21)
hda3: 211 sectors (105 kB), Pintos scratch (22)
filesys: using hda2
scratch: using hda3
Formatting file system...done.
Boot complete.
Extracting ustar archive from scratch device into file system...
Putting 'wait-simple' into the file system...
Putting 'child-simple' into the file system...
Erasing ustar archive...
Executing 'wait-simple':
Execution of 'wait-simple' complete.
Timer: 87 ticks
Thread: 0 idle ticks, 0 kernel ticks, 0 user ticks
hda2 (filesys): 51 reads, 428 writes
hda3 (scratch): 210 reads, 2 writes
Console: 887 characters output
Keyboard: 0 keys pressed
Exception: 0 page faults
Powering off...

- - - - - - - - - - - - - - - - - - - - - - - - - - - - - - - - - - - - - - 

DETAILS OF tests/userprog/wait-twice FAILURE:

Run didn't produce any output

OUTPUT FROM tests/userprog/wait-twice:

Copying tests/userprog/wait-twice to scratch partition...
Copying tests/userprog/child-simple to scratch partition...
qemu -hda /tmp/user/1002/7ORFh1amLR.dsk -m 4 -net none -nographic -monitor null
PiLo hda1
Loading.........
Kernel command line: -q -f extract run wait-twice
Pintos booting with 3,968 kB RAM...
367 pages available in kernel pool.
367 pages available in user pool.
Calibrating timer...  314,163,200 loops/s.
hda: 5,040 sectors (2 MB), model "QM00001", serial "QEMU HARDDISK"
hda1: 147 sectors (73 kB), Pintos OS kernel (20)
hda2: 4,096 sectors (2 MB), Pintos file system (21)
hda3: 211 sectors (105 kB), Pintos scratch (22)
filesys: using hda2
scratch: using hda3
Formatting file system...done.
Boot complete.
Extracting ustar archive from scratch device into file system...
Putting 'wait-twice' into the file system...
Putting 'child-simple' into the file system...
Erasing ustar archive...
Executing 'wait-twice':
Execution of 'wait-twice' complete.
Timer: 91 ticks
Thread: 0 idle ticks, 0 kernel ticks, 0 user ticks
hda2 (filesys): 51 reads, 428 writes
hda3 (scratch): 210 reads, 2 writes
Console: 883 characters output
Keyboard: 0 keys pressed
Exception: 0 page faults
Powering off...

- - - - - - - - - - - - - - - - - - - - - - - - - - - - - - - - - - - - - - 

DETAILS OF tests/userprog/exit FAILURE:

Run didn't produce any output

OUTPUT FROM tests/userprog/exit:

Copying tests/userprog/exit to scratch partition...
qemu -hda /tmp/user/1002/Fcy5OfiilP.dsk -m 4 -net none -nographic -monitor null
PiLo hda1
Loading.........
Kernel command line: -q -f extract run exit
Pintos booting with 3,968 kB RAM...
367 pages available in kernel pool.
367 pages available in user pool.
Calibrating timer...  314,163,200 loops/s.
hda: 5,040 sectors (2 MB), model "QM00001", serial "QEMU HARDDISK"
hda1: 147 sectors (73 kB), Pintos OS kernel (20)
hda2: 4,096 sectors (2 MB), Pintos file system (21)
hda3: 107 sectors (53 kB), Pintos scratch (22)
filesys: using hda2
scratch: using hda3
Formatting file system...done.
Boot complete.
Extracting ustar archive from scratch device into file system...
Putting 'exit' into the file system...
Erasing ustar archive...
Executing 'exit':
Execution of 'exit' complete.
Timer: 83 ticks
Thread: 0 idle ticks, 0 kernel ticks, 0 user ticks
hda2 (filesys): 26 reads, 218 writes
hda3 (scratch): 106 reads, 2 writes
Console: 811 characters output
Keyboard: 0 keys pressed
Exception: 0 page faults
Powering off...

- - - - - - - - - - - - - - - - - - - - - - - - - - - - - - - - - - - - - - 

DETAILS OF tests/userprog/halt FAILURE:

missing 'begin' message

OUTPUT FROM tests/userprog/halt:

Copying tests/userprog/halt to scratch partition...
qemu -hda /tmp/user/1002/ke4CpPkKjE.dsk -m 4 -net none -nographic -monitor null
PiLo hda1
Loading.........
Kernel command line: -q -f extract run halt
Pintos booting with 3,968 kB RAM...
367 pages available in kernel pool.
367 pages available in user pool.
Calibrating timer...  314,163,200 loops/s.
hda: 5,040 sectors (2 MB), model "QM00001", serial "QEMU HARDDISK"
hda1: 147 sectors (73 kB), Pintos OS kernel (20)
hda2: 4,096 sectors (2 MB), Pintos file system (21)
hda3: 107 sectors (53 kB), Pintos scratch (22)
filesys: using hda2
scratch: using hda3
Formatting file system...done.
Boot complete.
Extracting ustar archive from scratch device into file system...
Putting 'halt' into the file system...
Erasing ustar archive...
Executing 'halt':
Execution of 'halt' complete.
Timer: 80 ticks
Thread: 0 idle ticks, 0 kernel ticks, 0 user ticks
hda2 (filesys): 26 reads, 218 writes
hda3 (scratch): 106 reads, 2 writes
Console: 811 characters output
Keyboard: 0 keys pressed
Exception: 0 page faults
Powering off...

- - - - - - - - - - - - - - - - - - - - - - - - - - - - - - - - - - - - - - 

DETAILS OF tests/userprog/multi-recurse FAILURE:

Run didn't produce any output

OUTPUT FROM tests/userprog/multi-recurse:

Copying tests/userprog/multi-recurse to scratch partition...
qemu -hda /tmp/user/1002/BkogsxRC_i.dsk -m 4 -net none -nographic -monitor null
PiLo hda1
Loading.........
Kernel command line: -q -f extract run 'multi-recurse 15'
Pintos booting with 3,968 kB RAM...
367 pages available in kernel pool.
367 pages available in user pool.
Calibrating timer...  307,609,600 loops/s.
hda: 5,040 sectors (2 MB), model "QM00001", serial "QEMU HARDDISK"
hda1: 147 sectors (73 kB), Pintos OS kernel (20)
hda2: 4,096 sectors (2 MB), Pintos file system (21)
hda3: 119 sectors (59 kB), Pintos scratch (22)
filesys: using hda2
scratch: using hda3
Formatting file system...done.
Boot complete.
Extracting ustar archive from scratch device into file system...
Putting 'multi-recurse' into the file system...
Erasing ustar archive...
Executing 'multi-recurse 15':
Execution of 'multi-recurse' complete.
Timer: 87 ticks
Thread: 0 idle ticks, 0 kernel ticks, 0 user ticks
hda2 (filesys): 26 reads, 242 writes
hda3 (scratch): 118 reads, 2 writes
Console: 855 characters output
Keyboard: 0 keys pressed
Exception: 0 page faults
Powering off...

- - - - - - - - - - - - - - - - - - - - - - - - - - - - - - - - - - - - - - 

DETAILS OF tests/userprog/rox-simple FAILURE:

Run didn't produce any output

OUTPUT FROM tests/userprog/rox-simple:

Copying tests/userprog/rox-simple to scratch partition...
qemu -hda /tmp/user/1002/phYT3blO0K.dsk -m 4 -net none -nographic -monitor null
PiLo hda1
Loading.........
Kernel command line: -q -f extract run rox-simple
Pintos booting with 3,968 kB RAM...
367 pages available in kernel pool.
367 pages available in user pool.
Calibrating timer...  313,344,000 loops/s.
hda: 5,040 sectors (2 MB), model "QM00001", serial "QEMU HARDDISK"
hda1: 147 sectors (73 kB), Pintos OS kernel (20)
hda2: 4,096 sectors (2 MB), Pintos file system (21)
hda3: 108 sectors (54 kB), Pintos scratch (22)
filesys: using hda2
scratch: using hda3
Formatting file system...done.
Boot complete.
Extracting ustar archive from scratch device into file system...
Putting 'rox-simple' into the file system...
Erasing ustar archive...
Executing 'rox-simple':
Execution of 'rox-simple' complete.
Timer: 87 ticks
Thread: 0 idle ticks, 0 kernel ticks, 0 user ticks
hda2 (filesys): 26 reads, 220 writes
hda3 (scratch): 107 reads, 2 writes
Console: 835 characters output
Keyboard: 0 keys pressed
Exception: 0 page faults
Powering off...

- - - - - - - - - - - - - - - - - - - - - - - - - - - - - - - - - - - - - - 

DETAILS OF tests/userprog/rox-child FAILURE:

Run didn't produce any output

OUTPUT FROM tests/userprog/rox-child:

Copying tests/userprog/rox-child to scratch partition...
Copying tests/userprog/child-rox to scratch partition...
qemu -hda /tmp/user/1002/rYDi8DvhU5.dsk -m 4 -net none -nographic -monitor null
PiLo hda1
Loading.........
Kernel command line: -q -f extract run rox-child
Pintos booting with 3,968 kB RAM...
367 pages available in kernel pool.
367 pages available in user pool.
Calibrating timer...  314,163,200 loops/s.
hda: 5,040 sectors (2 MB), model "QM00001", serial "QEMU HARDDISK"
hda1: 147 sectors (73 kB), Pintos OS kernel (20)
hda2: 4,096 sectors (2 MB), Pintos file system (21)
hda3: 227 sectors (113 kB), Pintos scratch (22)
filesys: using hda2
scratch: using hda3
Formatting file system...done.
Boot complete.
Extracting ustar archive from scratch device into file system...
Putting 'rox-child' into the file system...
Putting 'child-rox' into the file system...
Erasing ustar archive...
Executing 'rox-child':
Execution of 'rox-child' complete.
Timer: 94 ticks
Thread: 0 idle ticks, 0 kernel ticks, 0 user ticks
hda2 (filesys): 51 reads, 460 writes
hda3 (scratch): 226 reads, 2 writes
Console: 876 characters output
Keyboard: 0 keys pressed
Exception: 0 page faults
Powering off...

- - - - - - - - - - - - - - - - - - - - - - - - - - - - - - - - - - - - - - 

DETAILS OF tests/userprog/rox-multichild FAILURE:

Run didn't produce any output

OUTPUT FROM tests/userprog/rox-multichild:

Copying tests/userprog/rox-multichild to scratch partition...
Copying tests/userprog/child-rox to scratch partition...
qemu -hda /tmp/user/1002/KmFItj4BI0.dsk -m 4 -net none -nographic -monitor null
PiLo hda1
Loading.........
Kernel command line: -q -f extract run rox-multichild
Pintos booting with 3,968 kB RAM...
367 pages available in kernel pool.
367 pages available in user pool.
Calibrating timer...  314,163,200 loops/s.
hda: 5,040 sectors (2 MB), model "QM00001", serial "QEMU HARDDISK"
hda1: 147 sectors (73 kB), Pintos OS kernel (20)
hda2: 4,096 sectors (2 MB), Pintos file system (21)
hda3: 227 sectors (113 kB), Pintos scratch (22)
filesys: using hda2
scratch: using hda3
Formatting file system...done.
Boot complete.
Extracting ustar archive from scratch device into file system...
Putting 'rox-multichild' into the file system...
Putting 'child-rox' into the file system...
Erasing ustar archive...
Executing 'rox-multichild':
Execution of 'rox-multichild' complete.
Timer: 96 ticks
Thread: 0 idle ticks, 0 kernel ticks, 0 user ticks
hda2 (filesys): 51 reads, 460 writes
hda3 (scratch): 226 reads, 2 writes
Console: 896 characters output
Keyboard: 0 keys pressed
Exception: 0 page faults
Powering off...

- - - - - - - - - - - - - - - - - - - - - - - - - - - - - - - - - - - - - - 

DETAILS OF tests/userprog/close-stdin FAILURE:

Run didn't produce any output

OUTPUT FROM tests/userprog/close-stdin:

Copying tests/userprog/close-stdin to scratch partition...
qemu -hda /tmp/user/1002/b3D0Jvk1qb.dsk -m 4 -net none -nographic -monitor null
PiLo hda1
Loading.........
Kernel command line: -q -f extract run close-stdin
Pintos booting with 3,968 kB RAM...
367 pages available in kernel pool.
367 pages available in user pool.
Calibrating timer...  314,163,200 loops/s.
hda: 5,040 sectors (2 MB), model "QM00001", serial "QEMU HARDDISK"
hda1: 147 sectors (73 kB), Pintos OS kernel (20)
hda2: 4,096 sectors (2 MB), Pintos file system (21)
hda3: 107 sectors (53 kB), Pintos scratch (22)
filesys: using hda2
scratch: using hda3
Formatting file system...done.
Boot complete.
Extracting ustar archive from scratch device into file system...
Putting 'close-stdin' into the file system...
Erasing ustar archive...
Executing 'close-stdin':
Execution of 'close-stdin' complete.
Timer: 83 ticks
Thread: 0 idle ticks, 0 kernel ticks, 0 user ticks
hda2 (filesys): 26 reads, 218 writes
hda3 (scratch): 106 reads, 2 writes
Console: 839 characters output
Keyboard: 0 keys pressed
Exception: 0 page faults
Powering off...

- - - - - - - - - - - - - - - - - - - - - - - - - - - - - - - - - - - - - - 

DETAILS OF tests/userprog/close-stdout FAILURE:

Run didn't produce any output

OUTPUT FROM tests/userprog/close-stdout:

Copying tests/userprog/close-stdout to scratch partition...
qemu -hda /tmp/user/1002/0TnAujmlYg.dsk -m 4 -net none -nographic -monitor null
PiLo hda1
Loading.........
Kernel command line: -q -f extract run close-stdout
Pintos booting with 3,968 kB RAM...
367 pages available in kernel pool.
367 pages available in user pool.
Calibrating timer...  314,163,200 loops/s.
hda: 5,040 sectors (2 MB), model "QM00001", serial "QEMU HARDDISK"
hda1: 147 sectors (73 kB), Pintos OS kernel (20)
hda2: 4,096 sectors (2 MB), Pintos file system (21)
hda3: 107 sectors (53 kB), Pintos scratch (22)
filesys: using hda2
scratch: using hda3
Formatting file system...done.
Boot complete.
Extracting ustar archive from scratch device into file system...
Putting 'close-stdout' into the file system...
Erasing ustar archive...
Executing 'close-stdout':
Execution of 'close-stdout' complete.
Timer: 85 ticks
Thread: 0 idle ticks, 0 kernel ticks, 0 user ticks
hda2 (filesys): 26 reads, 218 writes
hda3 (scratch): 106 reads, 2 writes
Console: 843 characters output
Keyboard: 0 keys pressed
Exception: 0 page faults
Powering off...

- - - - - - - - - - - - - - - - - - - - - - - - - - - - - - - - - - - - - - 

DETAILS OF tests/userprog/close-bad-fd FAILURE:

Run didn't produce any output

OUTPUT FROM tests/userprog/close-bad-fd:

Copying tests/userprog/close-bad-fd to scratch partition...
qemu -hda /tmp/user/1002/yG43G5Kh0N.dsk -m 4 -net none -nographic -monitor null
PiLo hda1
Loading.........
Kernel command line: -q -f extract run close-bad-fd
Pintos booting with 3,968 kB RAM...
367 pages available in kernel pool.
367 pages available in user pool.
Calibrating timer...  314,163,200 loops/s.
hda: 5,040 sectors (2 MB), model "QM00001", serial "QEMU HARDDISK"
hda1: 147 sectors (73 kB), Pintos OS kernel (20)
hda2: 4,096 sectors (2 MB), Pintos file system (21)
hda3: 107 sectors (53 kB), Pintos scratch (22)
filesys: using hda2
scratch: using hda3
Formatting file system...done.
Boot complete.
Extracting ustar archive from scratch device into file system...
Putting 'close-bad-fd' into the file system...
Erasing ustar archive...
Executing 'close-bad-fd':
Execution of 'close-bad-fd' complete.
Timer: 85 ticks
Thread: 0 idle ticks, 0 kernel ticks, 0 user ticks
hda2 (filesys): 26 reads, 218 writes
hda3 (scratch): 106 reads, 2 writes
Console: 843 characters output
Keyboard: 0 keys pressed
Exception: 0 page faults
Powering off...

- - - - - - - - - - - - - - - - - - - - - - - - - - - - - - - - - - - - - - 

DETAILS OF tests/userprog/close-twice FAILURE:

Run didn't produce any output

OUTPUT FROM tests/userprog/close-twice:

Copying tests/userprog/close-twice to scratch partition...
Copying ../../tests/userprog/sample.txt to scratch partition...
qemu -hda /tmp/user/1002/q5KYjqitQN.dsk -m 4 -net none -nographic -monitor null
PiLo hda1
Loading.........
Kernel command line: -q -f extract run close-twice
Pintos booting with 3,968 kB RAM...
367 pages available in kernel pool.
367 pages available in user pool.
Calibrating timer...  314,163,200 loops/s.
hda: 5,040 sectors (2 MB), model "QM00001", serial "QEMU HARDDISK"
hda1: 147 sectors (73 kB), Pintos OS kernel (20)
hda2: 4,096 sectors (2 MB), Pintos file system (21)
hda3: 110 sectors (55 kB), Pintos scratch (22)
filesys: using hda2
scratch: using hda3
Formatting file system...done.
Boot complete.
Extracting ustar archive from scratch device into file system...
Putting 'close-twice' into the file system...
Putting 'sample.txt' into the file system...
Erasing ustar archive...
Executing 'close-twice':
Execution of 'close-twice' complete.
Timer: 85 ticks
Thread: 0 idle ticks, 0 kernel ticks, 0 user ticks
hda2 (filesys): 51 reads, 226 writes
hda3 (scratch): 109 reads, 2 writes
Console: 884 characters output
Keyboard: 0 keys pressed
Exception: 0 page faults
Powering off...

- - - - - - - - - - - - - - - - - - - - - - - - - - - - - - - - - - - - - - 

DETAILS OF tests/userprog/read-bad-fd FAILURE:

Run didn't produce any output

OUTPUT FROM tests/userprog/read-bad-fd:

Copying tests/userprog/read-bad-fd to scratch partition...
qemu -hda /tmp/user/1002/btJefq4yY3.dsk -m 4 -net none -nographic -monitor null
PiLo hda1
Loading.........
Kernel command line: -q -f extract run read-bad-fd
Pintos booting with 3,968 kB RAM...
367 pages available in kernel pool.
367 pages available in user pool.
Calibrating timer...  314,163,200 loops/s.
hda: 5,040 sectors (2 MB), model "QM00001", serial "QEMU HARDDISK"
hda1: 147 sectors (73 kB), Pintos OS kernel (20)
hda2: 4,096 sectors (2 MB), Pintos file system (21)
hda3: 108 sectors (54 kB), Pintos scratch (22)
filesys: using hda2
scratch: using hda3
Formatting file system...done.
Boot complete.
Extracting ustar archive from scratch device into file system...
Putting 'read-bad-fd' into the file system...
Erasing ustar archive...
Executing 'read-bad-fd':
Execution of 'read-bad-fd' complete.
Timer: 82 ticks
Thread: 0 idle ticks, 0 kernel ticks, 0 user ticks
hda2 (filesys): 26 reads, 220 writes
hda3 (scratch): 107 reads, 2 writes
Console: 839 characters output
Keyboard: 0 keys pressed
Exception: 0 page faults
Powering off...

- - - - - - - - - - - - - - - - - - - - - - - - - - - - - - - - - - - - - - 

DETAILS OF tests/userprog/read-stdout FAILURE:

Run didn't produce any output

OUTPUT FROM tests/userprog/read-stdout:

Copying tests/userprog/read-stdout to scratch partition...
qemu -hda /tmp/user/1002/OXgf9FE4T6.dsk -m 4 -net none -nographic -monitor null
PiLo hda1
Loading.........
Kernel command line: -q -f extract run read-stdout
Pintos booting with 3,968 kB RAM...
367 pages available in kernel pool.
367 pages available in user pool.
Calibrating timer...  314,163,200 loops/s.
hda: 5,040 sectors (2 MB), model "QM00001", serial "QEMU HARDDISK"
hda1: 147 sectors (73 kB), Pintos OS kernel (20)
hda2: 4,096 sectors (2 MB), Pintos file system (21)
hda3: 107 sectors (53 kB), Pintos scratch (22)
filesys: using hda2
scratch: using hda3
Formatting file system...done.
Boot complete.
Extracting ustar archive from scratch device into file system...
Putting 'read-stdout' into the file system...
Erasing ustar archive...
Executing 'read-stdout':
Execution of 'read-stdout' complete.
Timer: 86 ticks
Thread: 0 idle ticks, 0 kernel ticks, 0 user ticks
hda2 (filesys): 26 reads, 218 writes
hda3 (scratch): 106 reads, 2 writes
Console: 839 characters output
Keyboard: 0 keys pressed
Exception: 0 page faults
Powering off...

- - - - - - - - - - - - - - - - - - - - - - - - - - - - - - - - - - - - - - 

DETAILS OF tests/userprog/write-bad-fd FAILURE:

Run didn't produce any output

OUTPUT FROM tests/userprog/write-bad-fd:

Copying tests/userprog/write-bad-fd to scratch partition...
qemu -hda /tmp/user/1002/vbnKtANvde.dsk -m 4 -net none -nographic -monitor null
PiLo hda1
Loading.........
Kernel command line: -q -f extract run write-bad-fd
Pintos booting with 3,968 kB RAM...
367 pages available in kernel pool.
367 pages available in user pool.
Calibrating timer...  314,163,200 loops/s.
hda: 5,040 sectors (2 MB), model "QM00001", serial "QEMU HARDDISK"
hda1: 147 sectors (73 kB), Pintos OS kernel (20)
hda2: 4,096 sectors (2 MB), Pintos file system (21)
hda3: 108 sectors (54 kB), Pintos scratch (22)
filesys: using hda2
scratch: using hda3
Formatting file system...done.
Boot complete.
Extracting ustar archive from scratch device into file system...
Putting 'write-bad-fd' into the file system...
Erasing ustar archive...
Executing 'write-bad-fd':
Execution of 'write-bad-fd' complete.
Timer: 85 ticks
Thread: 0 idle ticks, 0 kernel ticks, 0 user ticks
hda2 (filesys): 26 reads, 220 writes
hda3 (scratch): 107 reads, 2 writes
Console: 843 characters output
Keyboard: 0 keys pressed
Exception: 0 page faults
Powering off...

- - - - - - - - - - - - - - - - - - - - - - - - - - - - - - - - - - - - - - 

DETAILS OF tests/userprog/write-stdin FAILURE:

Run didn't produce any output

OUTPUT FROM tests/userprog/write-stdin:

Copying tests/userprog/write-stdin to scratch partition...
qemu -hda /tmp/user/1002/XbOVGeZv1n.dsk -m 4 -net none -nographic -monitor null
PiLo hda1
Loading.........
Kernel command line: -q -f extract run write-stdin
Pintos booting with 3,968 kB RAM...
367 pages available in kernel pool.
367 pages available in user pool.
Calibrating timer...  209,510,400 loops/s.
hda: 5,040 sectors (2 MB), model "QM00001", serial "QEMU HARDDISK"
hda1: 147 sectors (73 kB), Pintos OS kernel (20)
hda2: 4,096 sectors (2 MB), Pintos file system (21)
hda3: 107 sectors (53 kB), Pintos scratch (22)
filesys: using hda2
scratch: using hda3
Formatting file system...done.
Boot complete.
Extracting ustar archive from scratch device into file system...
Putting 'write-stdin' into the file system...
Erasing ustar archive...
Executing 'write-stdin':
Execution of 'write-stdin' complete.
Timer: 83 ticks
Thread: 0 idle ticks, 0 kernel ticks, 0 user ticks
hda2 (filesys): 26 reads, 218 writes
hda3 (scratch): 106 reads, 2 writes
Console: 839 characters output
Keyboard: 0 keys pressed
Exception: 0 page faults
Powering off...

- - - - - - - - - - - - - - - - - - - - - - - - - - - - - - - - - - - - - - 

DETAILS OF tests/userprog/multi-child-fd FAILURE:

Run didn't produce any output

OUTPUT FROM tests/userprog/multi-child-fd:

Copying tests/userprog/multi-child-fd to scratch partition...
Copying ../../tests/userprog/sample.txt to scratch partition...
Copying tests/userprog/child-close to scratch partition...
qemu -hda /tmp/user/1002/p1YB1H8R5a.dsk -m 4 -net none -nographic -monitor null
PiLo hda1
Loading.........
Kernel command line: -q -f extract run multi-child-fd
Pintos booting with 3,968 kB RAM...
367 pages available in kernel pool.
367 pages available in user pool.
Calibrating timer...  314,163,200 loops/s.
hda: 5,040 sectors (2 MB), model "QM00001", serial "QEMU HARDDISK"
hda1: 147 sectors (73 kB), Pintos OS kernel (20)
hda2: 4,096 sectors (2 MB), Pintos file system (21)
hda3: 227 sectors (113 kB), Pintos scratch (22)
filesys: using hda2
scratch: using hda3
Formatting file system...done.
Boot complete.
Extracting ustar archive from scratch device into file system...
Putting 'multi-child-fd' into the file system...
Putting 'sample.txt' into the file system...
Putting 'child-close' into the file system...
Erasing ustar archive...
Executing 'multi-child-fd':
Execution of 'multi-child-fd' complete.
Timer: 88 ticks
Thread: 0 idle ticks, 0 kernel ticks, 0 user ticks
hda2 (filesys): 78 reads, 462 writes
hda3 (scratch): 226 reads, 2 writes
Console: 943 characters output
Keyboard: 0 keys pressed
Exception: 0 page faults
Powering off...

- - - - - - - - - - - - - - - - - - - - - - - - - - - - - - - - - - - - - - 

DETAILS OF tests/userprog/create-bad-ptr FAILURE:

Run didn't produce any output

OUTPUT FROM tests/userprog/create-bad-ptr:

Copying tests/userprog/create-bad-ptr to scratch partition...
qemu -hda /tmp/user/1002/K3PeELbYbs.dsk -m 4 -net none -nographic -monitor null
PiLo hda1
Loading.........
Kernel command line: -q -f extract run create-bad-ptr
Pintos booting with 3,968 kB RAM...
367 pages available in kernel pool.
367 pages available in user pool.
Calibrating timer...  235,520,000 loops/s.
hda: 5,040 sectors (2 MB), model "QM00001", serial "QEMU HARDDISK"
hda1: 147 sectors (73 kB), Pintos OS kernel (20)
hda2: 4,096 sectors (2 MB), Pintos file system (21)
hda3: 107 sectors (53 kB), Pintos scratch (22)
filesys: using hda2
scratch: using hda3
Formatting file system...done.
Boot complete.
Extracting ustar archive from scratch device into file system...
Putting 'create-bad-ptr' into the file system...
Erasing ustar archive...
Executing 'create-bad-ptr':
Execution of 'create-bad-ptr' complete.
Timer: 86 ticks
Thread: 0 idle ticks, 0 kernel ticks, 0 user ticks
hda2 (filesys): 26 reads, 218 writes
hda3 (scratch): 106 reads, 2 writes
Console: 851 characters output
Keyboard: 0 keys pressed
Exception: 0 page faults
Powering off...

- - - - - - - - - - - - - - - - - - - - - - - - - - - - - - - - - - - - - - 

DETAILS OF tests/userprog/exec-bad-ptr FAILURE:

Run didn't produce any output

OUTPUT FROM tests/userprog/exec-bad-ptr:

Copying tests/userprog/exec-bad-ptr to scratch partition...
qemu -hda /tmp/user/1002/4gkGjbDv9r.dsk -m 4 -net none -nographic -monitor null
PiLo hda1
Loading.........
Kernel command line: -q -f extract run exec-bad-ptr
Pintos booting with 3,968 kB RAM...
367 pages available in kernel pool.
367 pages available in user pool.
Calibrating timer...  314,163,200 loops/s.
hda: 5,040 sectors (2 MB), model "QM00001", serial "QEMU HARDDISK"
hda1: 147 sectors (73 kB), Pintos OS kernel (20)
hda2: 4,096 sectors (2 MB), Pintos file system (21)
hda3: 107 sectors (53 kB), Pintos scratch (22)
filesys: using hda2
scratch: using hda3
Formatting file system...done.
Boot complete.
Extracting ustar archive from scratch device into file system...
Putting 'exec-bad-ptr' into the file system...
Erasing ustar archive...
Executing 'exec-bad-ptr':
Execution of 'exec-bad-ptr' complete.
Timer: 84 ticks
Thread: 0 idle ticks, 0 kernel ticks, 0 user ticks
hda2 (filesys): 26 reads, 218 writes
hda3 (scratch): 106 reads, 2 writes
Console: 843 characters output
Keyboard: 0 keys pressed
Exception: 0 page faults
Powering off...

- - - - - - - - - - - - - - - - - - - - - - - - - - - - - - - - - - - - - - 

DETAILS OF tests/userprog/open-bad-ptr FAILURE:

Run didn't produce any output

OUTPUT FROM tests/userprog/open-bad-ptr:

Copying tests/userprog/open-bad-ptr to scratch partition...
qemu -hda /tmp/user/1002/pngaszZz3w.dsk -m 4 -net none -nographic -monitor null
PiLo hda1
Loading.........
Kernel command line: -q -f extract run open-bad-ptr
Pintos booting with 3,968 kB RAM...
367 pages available in kernel pool.
367 pages available in user pool.
Calibrating timer...  419,430,400 loops/s.
hda: 5,040 sectors (2 MB), model "QM00001", serial "QEMU HARDDISK"
hda1: 147 sectors (73 kB), Pintos OS kernel (20)
hda2: 4,096 sectors (2 MB), Pintos file system (21)
hda3: 107 sectors (53 kB), Pintos scratch (22)
filesys: using hda2
scratch: using hda3
Formatting file system...done.
Boot complete.
Extracting ustar archive from scratch device into file system...
Putting 'open-bad-ptr' into the file system...
Erasing ustar archive...
Executing 'open-bad-ptr':
Execution of 'open-bad-ptr' complete.
Timer: 96 ticks
Thread: 0 idle ticks, 0 kernel ticks, 0 user ticks
hda2 (filesys): 26 reads, 218 writes
hda3 (scratch): 106 reads, 2 writes
Console: 843 characters output
Keyboard: 0 keys pressed
Exception: 0 page faults
Powering off...

- - - - - - - - - - - - - - - - - - - - - - - - - - - - - - - - - - - - - - 

DETAILS OF tests/userprog/read-bad-ptr FAILURE:

Run didn't produce any output

OUTPUT FROM tests/userprog/read-bad-ptr:

Copying tests/userprog/read-bad-ptr to scratch partition...
Copying ../../tests/userprog/sample.txt to scratch partition...
qemu -hda /tmp/user/1002/8bNAknxzbi.dsk -m 4 -net none -nographic -monitor null
PiLo hda1
Loading.........
Kernel command line: -q -f extract run read-bad-ptr
Pintos booting with 3,968 kB RAM...
367 pages available in kernel pool.
367 pages available in user pool.
Calibrating timer...  314,163,200 loops/s.
hda: 5,040 sectors (2 MB), model "QM00001", serial "QEMU HARDDISK"
hda1: 147 sectors (73 kB), Pintos OS kernel (20)
hda2: 4,096 sectors (2 MB), Pintos file system (21)
hda3: 109 sectors (54 kB), Pintos scratch (22)
filesys: using hda2
scratch: using hda3
Formatting file system...done.
Boot complete.
Extracting ustar archive from scratch device into file system...
Putting 'read-bad-ptr' into the file system...
Putting 'sample.txt' into the file system...
Erasing ustar archive...
Executing 'read-bad-ptr':
Execution of 'read-bad-ptr' complete.
Timer: 85 ticks
Thread: 0 idle ticks, 0 kernel ticks, 0 user ticks
hda2 (filesys): 51 reads, 224 writes
hda3 (scratch): 108 reads, 2 writes
Console: 888 characters output
Keyboard: 0 keys pressed
Exception: 0 page faults
Powering off...

- - - - - - - - - - - - - - - - - - - - - - - - - - - - - - - - - - - - - - 

DETAILS OF tests/userprog/write-bad-ptr FAILURE:

Run didn't produce any output

OUTPUT FROM tests/userprog/write-bad-ptr:

Copying tests/userprog/write-bad-ptr to scratch partition...
Copying ../../tests/userprog/sample.txt to scratch partition...
qemu -hda /tmp/user/1002/Q96FLsFdot.dsk -m 4 -net none -nographic -monitor null
PiLo hda1
Loading.........
Kernel command line: -q -f extract run write-bad-ptr
Pintos booting with 3,968 kB RAM...
367 pages available in kernel pool.
367 pages available in user pool.
Calibrating timer...  314,163,200 loops/s.
hda: 5,040 sectors (2 MB), model "QM00001", serial "QEMU HARDDISK"
hda1: 147 sectors (73 kB), Pintos OS kernel (20)
hda2: 4,096 sectors (2 MB), Pintos file system (21)
hda3: 109 sectors (54 kB), Pintos scratch (22)
filesys: using hda2
scratch: using hda3
Formatting file system...done.
Boot complete.
Extracting ustar archive from scratch device into file system...
Putting 'write-bad-ptr' into the file system...
Putting 'sample.txt' into the file system...
Erasing ustar archive...
Executing 'write-bad-ptr':
Execution of 'write-bad-ptr' complete.
Timer: 87 ticks
Thread: 0 idle ticks, 0 kernel ticks, 0 user ticks
hda2 (filesys): 51 reads, 224 writes
hda3 (scratch): 108 reads, 2 writes
Console: 892 characters output
Keyboard: 0 keys pressed
Exception: 0 page faults
Powering off...

- - - - - - - - - - - - - - - - - - - - - - - - - - - - - - - - - - - - - - 

DETAILS OF tests/userprog/create-bound FAILURE:

Run didn't produce any output

OUTPUT FROM tests/userprog/create-bound:

Copying tests/userprog/create-bound to scratch partition...
qemu -hda /tmp/user/1002/uh09x7FdZA.dsk -m 4 -net none -nographic -monitor null
PiLo hda1
Loading.........
Kernel command line: -q -f extract run create-bound
Pintos booting with 3,968 kB RAM...
367 pages available in kernel pool.
367 pages available in user pool.
Calibrating timer...  314,163,200 loops/s.
hda: 5,040 sectors (2 MB), model "QM00001", serial "QEMU HARDDISK"
hda1: 147 sectors (73 kB), Pintos OS kernel (20)
hda2: 4,096 sectors (2 MB), Pintos file system (21)
hda3: 110 sectors (55 kB), Pintos scratch (22)
filesys: using hda2
scratch: using hda3
Formatting file system...done.
Boot complete.
Extracting ustar archive from scratch device into file system...
Putting 'create-bound' into the file system...
Erasing ustar archive...
Executing 'create-bound':
Execution of 'create-bound' complete.
Timer: 85 ticks
Thread: 0 idle ticks, 0 kernel ticks, 0 user ticks
hda2 (filesys): 26 reads, 224 writes
hda3 (scratch): 109 reads, 2 writes
Console: 843 characters output
Keyboard: 0 keys pressed
Exception: 0 page faults
Powering off...

- - - - - - - - - - - - - - - - - - - - - - - - - - - - - - - - - - - - - - 

DETAILS OF tests/userprog/open-boundary FAILURE:

Run didn't produce any output

OUTPUT FROM tests/userprog/open-boundary:

Copying tests/userprog/open-boundary to scratch partition...
Copying ../../tests/userprog/sample.txt to scratch partition...
qemu -hda /tmp/user/1002/x11trF3f2F.dsk -m 4 -net none -nographic -monitor null
PiLo hda1
Loading.........
Kernel command line: -q -f extract run open-boundary
Pintos booting with 3,968 kB RAM...
367 pages available in kernel pool.
367 pages available in user pool.
Calibrating timer...  314,163,200 loops/s.
hda: 5,040 sectors (2 MB), model "QM00001", serial "QEMU HARDDISK"
hda1: 147 sectors (73 kB), Pintos OS kernel (20)
hda2: 4,096 sectors (2 MB), Pintos file system (21)
hda3: 112 sectors (56 kB), Pintos scratch (22)
filesys: using hda2
scratch: using hda3
Formatting file system...done.
Boot complete.
Extracting ustar archive from scratch device into file system...
Putting 'open-boundary' into the file system...
Putting 'sample.txt' into the file system...
Erasing ustar archive...
Executing 'open-boundary':
Execution of 'open-boundary' complete.
Timer: 83 ticks
Thread: 0 idle ticks, 0 kernel ticks, 0 user ticks
hda2 (filesys): 51 reads, 230 writes
hda3 (scratch): 111 reads, 2 writes
Console: 892 characters output
Keyboard: 0 keys pressed
Exception: 0 page faults
Powering off...

- - - - - - - - - - - - - - - - - - - - - - - - - - - - - - - - - - - - - - 

DETAILS OF tests/userprog/read-boundary FAILURE:

Run didn't produce any output

OUTPUT FROM tests/userprog/read-boundary:

Copying tests/userprog/read-boundary to scratch partition...
Copying ../../tests/userprog/sample.txt to scratch partition...
qemu -hda /tmp/user/1002/eSo898DjTL.dsk -m 4 -net none -nographic -monitor null
PiLo hda1
Loading.........
Kernel command line: -q -f extract run read-boundary
Pintos booting with 3,968 kB RAM...
367 pages available in kernel pool.
367 pages available in user pool.
Calibrating timer...  274,841,600 loops/s.
hda: 5,040 sectors (2 MB), model "QM00001", serial "QEMU HARDDISK"
hda1: 147 sectors (73 kB), Pintos OS kernel (20)
hda2: 4,096 sectors (2 MB), Pintos file system (21)
hda3: 113 sectors (56 kB), Pintos scratch (22)
filesys: using hda2
scratch: using hda3
Formatting file system...done.
Boot complete.
Extracting ustar archive from scratch device into file system...
Putting 'read-boundary' into the file system...
Putting 'sample.txt' into the file system...
Erasing ustar archive...
Executing 'read-boundary':
Execution of 'read-boundary' complete.
Timer: 90 ticks
Thread: 0 idle ticks, 0 kernel ticks, 0 user ticks
hda2 (filesys): 51 reads, 232 writes
hda3 (scratch): 112 reads, 2 writes
Console: 892 characters output
Keyboard: 0 keys pressed
Exception: 0 page faults
Powering off...

- - - - - - - - - - - - - - - - - - - - - - - - - - - - - - - - - - - - - - 

DETAILS OF tests/userprog/write-boundary FAILURE:

Run didn't produce any output

OUTPUT FROM tests/userprog/write-boundary:

Copying tests/userprog/write-boundary to scratch partition...
Copying ../../tests/userprog/sample.txt to scratch partition...
qemu -hda /tmp/user/1002/wUVyOHcUgu.dsk -m 4 -net none -nographic -monitor null
PiLo hda1
Loading.........
Kernel command line: -q -f extract run write-boundary
Pintos booting with 3,968 kB RAM...
367 pages available in kernel pool.
367 pages available in user pool.
Calibrating timer...  222,412,800 loops/s.
hda: 5,040 sectors (2 MB), model "QM00001", serial "QEMU HARDDISK"
hda1: 147 sectors (73 kB), Pintos OS kernel (20)
hda2: 4,096 sectors (2 MB), Pintos file system (21)
hda3: 113 sectors (56 kB), Pintos scratch (22)
filesys: using hda2
scratch: using hda3
Formatting file system...done.
Boot complete.
Extracting ustar archive from scratch device into file system...
Putting 'write-boundary' into the file system...
Putting 'sample.txt' into the file system...
Erasing ustar archive...
Executing 'write-boundary':
Execution of 'write-boundary' complete.
Timer: 92 ticks
Thread: 0 idle ticks, 0 kernel ticks, 0 user ticks
hda2 (filesys): 51 reads, 232 writes
hda3 (scratch): 112 reads, 2 writes
Console: 896 characters output
Keyboard: 0 keys pressed
Exception: 0 page faults
Powering off...

- - - - - - - - - - - - - - - - - - - - - - - - - - - - - - - - - - - - - - 

DETAILS OF tests/userprog/create-null FAILURE:

Run didn't produce any output

OUTPUT FROM tests/userprog/create-null:

Copying tests/userprog/create-null to scratch partition...
qemu -hda /tmp/user/1002/FJVTbOguRG.dsk -m 4 -net none -nographic -monitor null
PiLo hda1
Loading.........
Kernel command line: -q -f extract run create-null
Pintos booting with 3,968 kB RAM...
367 pages available in kernel pool.
367 pages available in user pool.
Calibrating timer...  314,163,200 loops/s.
hda: 5,040 sectors (2 MB), model "QM00001", serial "QEMU HARDDISK"
hda1: 147 sectors (73 kB), Pintos OS kernel (20)
hda2: 4,096 sectors (2 MB), Pintos file system (21)
hda3: 107 sectors (53 kB), Pintos scratch (22)
filesys: using hda2
scratch: using hda3
Formatting file system...done.
Boot complete.
Extracting ustar archive from scratch device into file system...
Putting 'create-null' into the file system...
Erasing ustar archive...
Executing 'create-null':
Execution of 'create-null' complete.
Timer: 86 ticks
Thread: 0 idle ticks, 0 kernel ticks, 0 user ticks
hda2 (filesys): 26 reads, 218 writes
hda3 (scratch): 106 reads, 2 writes
Console: 839 characters output
Keyboard: 0 keys pressed
Exception: 0 page faults
Powering off...

- - - - - - - - - - - - - - - - - - - - - - - - - - - - - - - - - - - - - - 

DETAILS OF tests/userprog/open-null FAILURE:

Run didn't produce any output

OUTPUT FROM tests/userprog/open-null:

Copying tests/userprog/open-null to scratch partition...
qemu -hda /tmp/user/1002/NO2wZwx2Dv.dsk -m 4 -net none -nographic -monitor null
PiLo hda1
Loading.........
Kernel command line: -q -f extract run open-null
Pintos booting with 3,968 kB RAM...
367 pages available in kernel pool.
367 pages available in user pool.
Calibrating timer...  314,163,200 loops/s.
hda: 5,040 sectors (2 MB), model "QM00001", serial "QEMU HARDDISK"
hda1: 147 sectors (73 kB), Pintos OS kernel (20)
hda2: 4,096 sectors (2 MB), Pintos file system (21)
hda3: 107 sectors (53 kB), Pintos scratch (22)
filesys: using hda2
scratch: using hda3
Formatting file system...done.
Boot complete.
Extracting ustar archive from scratch device into file system...
Putting 'open-null' into the file system...
Erasing ustar archive...
Executing 'open-null':
Execution of 'open-null' complete.
Timer: 84 ticks
Thread: 0 idle ticks, 0 kernel ticks, 0 user ticks
hda2 (filesys): 26 reads, 218 writes
hda3 (scratch): 106 reads, 2 writes
Console: 831 characters output
Keyboard: 0 keys pressed
Exception: 0 page faults
Powering off...

- - - - - - - - - - - - - - - - - - - - - - - - - - - - - - - - - - - - - - 

DETAILS OF tests/userprog/open-empty FAILURE:

Run didn't produce any output

OUTPUT FROM tests/userprog/open-empty:

Copying tests/userprog/open-empty to scratch partition...
qemu -hda /tmp/user/1002/eMSGi69S7N.dsk -m 4 -net none -nographic -monitor null
PiLo hda1
Loading.........
Kernel command line: -q -f extract run open-empty
Pintos booting with 3,968 kB RAM...
367 pages available in kernel pool.
367 pages available in user pool.
Calibrating timer...  314,163,200 loops/s.
hda: 5,040 sectors (2 MB), model "QM00001", serial "QEMU HARDDISK"
hda1: 147 sectors (73 kB), Pintos OS kernel (20)
hda2: 4,096 sectors (2 MB), Pintos file system (21)
hda3: 107 sectors (53 kB), Pintos scratch (22)
filesys: using hda2
scratch: using hda3
Formatting file system...done.
Boot complete.
Extracting ustar archive from scratch device into file system...
Putting 'open-empty' into the file system...
Erasing ustar archive...
Executing 'open-empty':
Execution of 'open-empty' complete.
Timer: 86 ticks
Thread: 0 idle ticks, 0 kernel ticks, 0 user ticks
hda2 (filesys): 26 reads, 218 writes
hda3 (scratch): 106 reads, 2 writes
Console: 835 characters output
Keyboard: 0 keys pressed
Exception: 0 page faults
Powering off...

- - - - - - - - - - - - - - - - - - - - - - - - - - - - - - - - - - - - - - 

DETAILS OF tests/userprog/sc-bad-arg FAILURE:

Run didn't produce any output

OUTPUT FROM tests/userprog/sc-bad-arg:

Copying tests/userprog/sc-bad-arg to scratch partition...
qemu -hda /tmp/user/1002/I6dLtxX9k8.dsk -m 4 -net none -nographic -monitor null
PiLo hda1
Loading.........
Kernel command line: -q -f extract run sc-bad-arg
Pintos booting with 3,968 kB RAM...
367 pages available in kernel pool.
367 pages available in user pool.
Calibrating timer...  314,163,200 loops/s.
hda: 5,040 sectors (2 MB), model "QM00001", serial "QEMU HARDDISK"
hda1: 147 sectors (73 kB), Pintos OS kernel (20)
hda2: 4,096 sectors (2 MB), Pintos file system (21)
hda3: 107 sectors (53 kB), Pintos scratch (22)
filesys: using hda2
scratch: using hda3
Formatting file system...done.
Boot complete.
Extracting ustar archive from scratch device into file system...
Putting 'sc-bad-arg' into the file system...
Erasing ustar archive...
Executing 'sc-bad-arg':
Execution of 'sc-bad-arg' complete.
Timer: 84 ticks
Thread: 0 idle ticks, 0 kernel ticks, 0 user ticks
hda2 (filesys): 26 reads, 218 writes
hda3 (scratch): 106 reads, 2 writes
Console: 835 characters output
Keyboard: 0 keys pressed
Exception: 0 page faults
Powering off...

- - - - - - - - - - - - - - - - - - - - - - - - - - - - - - - - - - - - - - 

DETAILS OF tests/userprog/sc-bad-sp FAILURE:

Run didn't produce any output

OUTPUT FROM tests/userprog/sc-bad-sp:

Copying tests/userprog/sc-bad-sp to scratch partition...
qemu -hda /tmp/user/1002/uTGkm20gJN.dsk -m 4 -net none -nographic -monitor null
PiLo hda1
Loading.........
Kernel command line: -q -f extract run sc-bad-sp
Pintos booting with 3,968 kB RAM...
367 pages available in kernel pool.
367 pages available in user pool.
Calibrating timer...  314,163,200 loops/s.
hda: 5,040 sectors (2 MB), model "QM00001", serial "QEMU HARDDISK"
hda1: 147 sectors (73 kB), Pintos OS kernel (20)
hda2: 4,096 sectors (2 MB), Pintos file system (21)
hda3: 107 sectors (53 kB), Pintos scratch (22)
filesys: using hda2
scratch: using hda3
Formatting file system...done.
Boot complete.
Extracting ustar archive from scratch device into file system...
Putting 'sc-bad-sp' into the file system...
Erasing ustar archive...
Executing 'sc-bad-sp':
Execution of 'sc-bad-sp' complete.
Timer: 80 ticks
Thread: 0 idle ticks, 0 kernel ticks, 0 user ticks
hda2 (filesys): 26 reads, 218 writes
hda3 (scratch): 106 reads, 2 writes
Console: 831 characters output
Keyboard: 0 keys pressed
Exception: 0 page faults
Powering off...

- - - - - - - - - - - - - - - - - - - - - - - - - - - - - - - - - - - - - - 

DETAILS OF tests/userprog/sc-boundary FAILURE:

Run didn't produce any output

OUTPUT FROM tests/userprog/sc-boundary:

Copying tests/userprog/sc-boundary to scratch partition...
qemu -hda /tmp/user/1002/AKkP0aTnyt.dsk -m 4 -net none -nographic -monitor null
PiLo hda1
Loading.........
Kernel command line: -q -f extract run sc-boundary
Pintos booting with 3,968 kB RAM...
367 pages available in kernel pool.
367 pages available in user pool.
Calibrating timer...  314,163,200 loops/s.
hda: 5,040 sectors (2 MB), model "QM00001", serial "QEMU HARDDISK"
hda1: 147 sectors (73 kB), Pintos OS kernel (20)
hda2: 4,096 sectors (2 MB), Pintos file system (21)
hda3: 110 sectors (55 kB), Pintos scratch (22)
filesys: using hda2
scratch: using hda3
Formatting file system...done.
Boot complete.
Extracting ustar archive from scratch device into file system...
Putting 'sc-boundary' into the file system...
Erasing ustar archive...
Executing 'sc-boundary':
Execution of 'sc-boundary' complete.
Timer: 84 ticks
Thread: 0 idle ticks, 0 kernel ticks, 0 user ticks
hda2 (filesys): 26 reads, 224 writes
hda3 (scratch): 109 reads, 2 writes
Console: 839 characters output
Keyboard: 0 keys pressed
Exception: 0 page faults
Powering off...

- - - - - - - - - - - - - - - - - - - - - - - - - - - - - - - - - - - - - - 

DETAILS OF tests/userprog/sc-boundary-2 FAILURE:

Run didn't produce any output

OUTPUT FROM tests/userprog/sc-boundary-2:

Copying tests/userprog/sc-boundary-2 to scratch partition...
qemu -hda /tmp/user/1002/UmqGUx4eKc.dsk -m 4 -net none -nographic -monitor null
PiLo hda1
Loading.........
Kernel command line: -q -f extract run sc-boundary-2
Pintos booting with 3,968 kB RAM...
367 pages available in kernel pool.
367 pages available in user pool.
Calibrating timer...  314,163,200 loops/s.
hda: 5,040 sectors (2 MB), model "QM00001", serial "QEMU HARDDISK"
hda1: 147 sectors (73 kB), Pintos OS kernel (20)
hda2: 4,096 sectors (2 MB), Pintos file system (21)
hda3: 110 sectors (55 kB), Pintos scratch (22)
filesys: using hda2
scratch: using hda3
Formatting file system...done.
Boot complete.
Extracting ustar archive from scratch device into file system...
Putting 'sc-boundary-2' into the file system...
Erasing ustar archive...
Executing 'sc-boundary-2':
Execution of 'sc-boundary-2' complete.
Timer: 82 ticks
Thread: 0 idle ticks, 0 kernel ticks, 0 user ticks
hda2 (filesys): 26 reads, 224 writes
hda3 (scratch): 109 reads, 2 writes
Console: 847 characters output
Keyboard: 0 keys pressed
Exception: 0 page faults
Powering off...

- - - - - - - - - - - - - - - - - - - - - - - - - - - - - - - - - - - - - - 

DETAILS OF tests/userprog/exec-missing FAILURE:

Run didn't produce any output

OUTPUT FROM tests/userprog/exec-missing:

Copying tests/userprog/exec-missing to scratch partition...
qemu -hda /tmp/user/1002/PVU6pxL3Z5.dsk -m 4 -net none -nographic -monitor null
PiLo hda1
Loading.........
Kernel command line: -q -f extract run exec-missing
Pintos booting with 3,968 kB RAM...
367 pages available in kernel pool.
367 pages available in user pool.
Calibrating timer...  287,948,800 loops/s.
hda: 5,040 sectors (2 MB), model "QM00001", serial "QEMU HARDDISK"
hda1: 147 sectors (73 kB), Pintos OS kernel (20)
hda2: 4,096 sectors (2 MB), Pintos file system (21)
hda3: 107 sectors (53 kB), Pintos scratch (22)
filesys: using hda2
scratch: using hda3
Formatting file system...done.
Boot complete.
Extracting ustar archive from scratch device into file system...
Putting 'exec-missing' into the file system...
Erasing ustar archive...
Executing 'exec-missing':
Execution of 'exec-missing' complete.
Timer: 85 ticks
Thread: 0 idle ticks, 0 kernel ticks, 0 user ticks
hda2 (filesys): 26 reads, 218 writes
hda3 (scratch): 106 reads, 2 writes
Console: 843 characters output
Keyboard: 0 keys pressed
Exception: 0 page faults
Powering off...

- - - - - - - - - - - - - - - - - - - - - - - - - - - - - - - - - - - - - - 

DETAILS OF tests/userprog/wait-bad-pid FAILURE:

Run didn't produce any output

OUTPUT FROM tests/userprog/wait-bad-pid:

Copying tests/userprog/wait-bad-pid to scratch partition...
qemu -hda /tmp/user/1002/AUu5p9AWfk.dsk -m 4 -net none -nographic -monitor null
PiLo hda1
Loading.........
Kernel command line: -q -f extract run wait-bad-pid
Pintos booting with 3,968 kB RAM...
367 pages available in kernel pool.
367 pages available in user pool.
Calibrating timer...  314,163,200 loops/s.
hda: 5,040 sectors (2 MB), model "QM00001", serial "QEMU HARDDISK"
hda1: 147 sectors (73 kB), Pintos OS kernel (20)
hda2: 4,096 sectors (2 MB), Pintos file system (21)
hda3: 107 sectors (53 kB), Pintos scratch (22)
filesys: using hda2
scratch: using hda3
Formatting file system...done.
Boot complete.
Extracting ustar archive from scratch device into file system...
Putting 'wait-bad-pid' into the file system...
Erasing ustar archive...
Executing 'wait-bad-pid':
Execution of 'wait-bad-pid' complete.
Timer: 88 ticks
Thread: 0 idle ticks, 0 kernel ticks, 0 user ticks
hda2 (filesys): 26 reads, 218 writes
hda3 (scratch): 106 reads, 2 writes
Console: 843 characters output
Keyboard: 0 keys pressed
Exception: 0 page faults
Powering off...

- - - - - - - - - - - - - - - - - - - - - - - - - - - - - - - - - - - - - - 

DETAILS OF tests/userprog/wait-killed FAILURE:

Run didn't produce any output

OUTPUT FROM tests/userprog/wait-killed:

Copying tests/userprog/wait-killed to scratch partition...
Copying tests/userprog/child-bad to scratch partition...
qemu -hda /tmp/user/1002/zaJHRpYBPp.dsk -m 4 -net none -nographic -monitor null
PiLo hda1
Loading.........
Kernel command line: -q -f extract run wait-killed
Pintos booting with 3,968 kB RAM...
367 pages available in kernel pool.
367 pages available in user pool.
Calibrating timer...  209,510,400 loops/s.
hda: 5,040 sectors (2 MB), model "QM00001", serial "QEMU HARDDISK"
hda1: 147 sectors (73 kB), Pintos OS kernel (20)
hda2: 4,096 sectors (2 MB), Pintos file system (21)
hda3: 212 sectors (106 kB), Pintos scratch (22)
filesys: using hda2
scratch: using hda3
Formatting file system...done.
Boot complete.
Extracting ustar archive from scratch device into file system...
Putting 'wait-killed' into the file system...
Putting 'child-bad' into the file system...
Erasing ustar archive...
Executing 'wait-killed':
Execution of 'wait-killed' complete.
Timer: 90 ticks
Thread: 0 idle ticks, 0 kernel ticks, 0 user ticks
hda2 (filesys): 51 reads, 430 writes
hda3 (scratch): 211 reads, 2 writes
Console: 884 characters output
Keyboard: 0 keys pressed
Exception: 0 page faults
Powering off...

- - - - - - - - - - - - - - - - - - - - - - - - - - - - - - - - - - - - - - 

DETAILS OF tests/userprog/bad-read FAILURE:

Run didn't produce any output

OUTPUT FROM tests/userprog/bad-read:

Copying tests/userprog/bad-read to scratch partition...
qemu -hda /tmp/user/1002/3dZT2X7CNw.dsk -m 4 -net none -nographic -monitor null
PiLo hda1
Loading.........
Kernel command line: -q -f extract run bad-read
Pintos booting with 3,968 kB RAM...
367 pages available in kernel pool.
367 pages available in user pool.
Calibrating timer...  314,163,200 loops/s.
hda: 5,040 sectors (2 MB), model "QM00001", serial "QEMU HARDDISK"
hda1: 147 sectors (73 kB), Pintos OS kernel (20)
hda2: 4,096 sectors (2 MB), Pintos file system (21)
hda3: 107 sectors (53 kB), Pintos scratch (22)
filesys: using hda2
scratch: using hda3
Formatting file system...done.
Boot complete.
Extracting ustar archive from scratch device into file system...
Putting 'bad-read' into the file system...
Erasing ustar archive...
Executing 'bad-read':
Execution of 'bad-read' complete.
Timer: 83 ticks
Thread: 0 idle ticks, 0 kernel ticks, 0 user ticks
hda2 (filesys): 26 reads, 218 writes
hda3 (scratch): 106 reads, 2 writes
Console: 827 characters output
Keyboard: 0 keys pressed
Exception: 0 page faults
Powering off...

- - - - - - - - - - - - - - - - - - - - - - - - - - - - - - - - - - - - - - 

DETAILS OF tests/userprog/bad-write FAILURE:

Run didn't produce any output

OUTPUT FROM tests/userprog/bad-write:

Copying tests/userprog/bad-write to scratch partition...
qemu -hda /tmp/user/1002/Z9uWgy_hKC.dsk -m 4 -net none -nographic -monitor null
PiLo hda1
Loading.........
Kernel command line: -q -f extract run bad-write
Pintos booting with 3,968 kB RAM...
367 pages available in kernel pool.
367 pages available in user pool.
Calibrating timer...  287,948,800 loops/s.
hda: 5,040 sectors (2 MB), model "QM00001", serial "QEMU HARDDISK"
hda1: 147 sectors (73 kB), Pintos OS kernel (20)
hda2: 4,096 sectors (2 MB), Pintos file system (21)
hda3: 107 sectors (53 kB), Pintos scratch (22)
filesys: using hda2
scratch: using hda3
Formatting file system...done.
Boot complete.
Extracting ustar archive from scratch device into file system...
Putting 'bad-write' into the file system...
Erasing ustar archive...
Executing 'bad-write':
Execution of 'bad-write' complete.
Timer: 89 ticks
Thread: 0 idle ticks, 0 kernel ticks, 0 user ticks
hda2 (filesys): 26 reads, 218 writes
hda3 (scratch): 106 reads, 2 writes
Console: 831 characters output
Keyboard: 0 keys pressed
Exception: 0 page faults
Powering off...

- - - - - - - - - - - - - - - - - - - - - - - - - - - - - - - - - - - - - - 

DETAILS OF tests/userprog/bad-jump FAILURE:

Run didn't produce any output

OUTPUT FROM tests/userprog/bad-jump:

Copying tests/userprog/bad-jump to scratch partition...
qemu -hda /tmp/user/1002/Rp6ARHY7Ua.dsk -m 4 -net none -nographic -monitor null
PiLo hda1
Loading.........
Kernel command line: -q -f extract run bad-jump
Pintos booting with 3,968 kB RAM...
367 pages available in kernel pool.
367 pages available in user pool.
Calibrating timer...  314,163,200 loops/s.
hda: 5,040 sectors (2 MB), model "QM00001", serial "QEMU HARDDISK"
hda1: 147 sectors (73 kB), Pintos OS kernel (20)
hda2: 4,096 sectors (2 MB), Pintos file system (21)
hda3: 107 sectors (53 kB), Pintos scratch (22)
filesys: using hda2
scratch: using hda3
Formatting file system...done.
Boot complete.
Extracting ustar archive from scratch device into file system...
Putting 'bad-jump' into the file system...
Erasing ustar archive...
Executing 'bad-jump':
Execution of 'bad-jump' complete.
Timer: 82 ticks
Thread: 0 idle ticks, 0 kernel ticks, 0 user ticks
hda2 (filesys): 26 reads, 218 writes
hda3 (scratch): 106 reads, 2 writes
Console: 827 characters output
Keyboard: 0 keys pressed
Exception: 0 page faults
Powering off...

- - - - - - - - - - - - - - - - - - - - - - - - - - - - - - - - - - - - - - 

DETAILS OF tests/userprog/bad-read2 FAILURE:

Run didn't produce any output

OUTPUT FROM tests/userprog/bad-read2:

Copying tests/userprog/bad-read2 to scratch partition...
qemu -hda /tmp/user/1002/tDV4QusM5o.dsk -m 4 -net none -nographic -monitor null
PiLo hda1
Loading.........
Kernel command line: -q -f extract run bad-read2
Pintos booting with 3,968 kB RAM...
367 pages available in kernel pool.
367 pages available in user pool.
Calibrating timer...  314,163,200 loops/s.
hda: 5,040 sectors (2 MB), model "QM00001", serial "QEMU HARDDISK"
hda1: 147 sectors (73 kB), Pintos OS kernel (20)
hda2: 4,096 sectors (2 MB), Pintos file system (21)
hda3: 107 sectors (53 kB), Pintos scratch (22)
filesys: using hda2
scratch: using hda3
Formatting file system...done.
Boot complete.
Extracting ustar archive from scratch device into file system...
Putting 'bad-read2' into the file system...
Erasing ustar archive...
Executing 'bad-read2':
Execution of 'bad-read2' complete.
Timer: 85 ticks
Thread: 0 idle ticks, 0 kernel ticks, 0 user ticks
hda2 (filesys): 26 reads, 218 writes
hda3 (scratch): 106 reads, 2 writes
Console: 831 characters output
Keyboard: 0 keys pressed
Exception: 0 page faults
Powering off...

- - - - - - - - - - - - - - - - - - - - - - - - - - - - - - - - - - - - - - 

DETAILS OF tests/userprog/bad-write2 FAILURE:

Run didn't produce any output

OUTPUT FROM tests/userprog/bad-write2:

Copying tests/userprog/bad-write2 to scratch partition...
qemu -hda /tmp/user/1002/Ju3KN3rt1N.dsk -m 4 -net none -nographic -monitor null
PiLo hda1
Loading.........
Kernel command line: -q -f extract run bad-write2
Pintos booting with 3,968 kB RAM...
367 pages available in kernel pool.
367 pages available in user pool.
Calibrating timer...  314,163,200 loops/s.
hda: 5,040 sectors (2 MB), model "QM00001", serial "QEMU HARDDISK"
hda1: 147 sectors (73 kB), Pintos OS kernel (20)
hda2: 4,096 sectors (2 MB), Pintos file system (21)
hda3: 107 sectors (53 kB), Pintos scratch (22)
filesys: using hda2
scratch: using hda3
Formatting file system...done.
Boot complete.
Extracting ustar archive from scratch device into file system...
Putting 'bad-write2' into the file system...
Erasing ustar archive...
Executing 'bad-write2':
Execution of 'bad-write2' complete.
Timer: 85 ticks
Thread: 0 idle ticks, 0 kernel ticks, 0 user ticks
hda2 (filesys): 26 reads, 218 writes
hda3 (scratch): 106 reads, 2 writes
Console: 835 characters output
Keyboard: 0 keys pressed
Exception: 0 page faults
Powering off...

- - - - - - - - - - - - - - - - - - - - - - - - - - - - - - - - - - - - - - 

DETAILS OF tests/userprog/bad-jump2 FAILURE:

Run didn't produce any output

OUTPUT FROM tests/userprog/bad-jump2:

Copying tests/userprog/bad-jump2 to scratch partition...
qemu -hda /tmp/user/1002/V46mmOT9Xu.dsk -m 4 -net none -nographic -monitor null
PiLo hda1
Loading.........
Kernel command line: -q -f extract run bad-jump2
Pintos booting with 3,968 kB RAM...
367 pages available in kernel pool.
367 pages available in user pool.
Calibrating timer...  314,163,200 loops/s.
hda: 5,040 sectors (2 MB), model "QM00001", serial "QEMU HARDDISK"
hda1: 147 sectors (73 kB), Pintos OS kernel (20)
hda2: 4,096 sectors (2 MB), Pintos file system (21)
hda3: 107 sectors (53 kB), Pintos scratch (22)
filesys: using hda2
scratch: using hda3
Formatting file system...done.
Boot complete.
Extracting ustar archive from scratch device into file system...
Putting 'bad-jump2' into the file system...
Erasing ustar archive...
Executing 'bad-jump2':
Execution of 'bad-jump2' complete.
Timer: 87 ticks
Thread: 0 idle ticks, 0 kernel ticks, 0 user ticks
hda2 (filesys): 26 reads, 218 writes
hda3 (scratch): 106 reads, 2 writes
Console: 831 characters output
Keyboard: 0 keys pressed
Exception: 0 page faults
Powering off...

- - - - - - - - - - - - - - - - - - - - - - - - - - - - - - - - - - - - - - 

DETAILS OF tests/userprog/no-vm/multi-oom FAILURE:

Run didn't produce any output

OUTPUT FROM tests/userprog/no-vm/multi-oom:

Copying tests/userprog/no-vm/multi-oom to scratch partition...
qemu -hda /tmp/user/1002/OxHtxJNowh.dsk -m 4 -net none -nographic -monitor null
PiLo hda1
Loading.........
Kernel command line: -q -f extract run multi-oom
Pintos booting with 3,968 kB RAM...
367 pages available in kernel pool.
367 pages available in user pool.
Calibrating timer...  314,163,200 loops/s.
hda: 5,040 sectors (2 MB), model "QM00001", serial "QEMU HARDDISK"
hda1: 147 sectors (73 kB), Pintos OS kernel (20)
hda2: 4,096 sectors (2 MB), Pintos file system (21)
hda3: 124 sectors (62 kB), Pintos scratch (22)
filesys: using hda2
scratch: using hda3
Formatting file system...done.
Boot complete.
Extracting ustar archive from scratch device into file system...
Putting 'multi-oom' into the file system...
Erasing ustar archive...
Executing 'multi-oom':
Execution of 'multi-oom' complete.
Timer: 85 ticks
Thread: 0 idle ticks, 0 kernel ticks, 0 user ticks
hda2 (filesys): 26 reads, 252 writes
hda3 (scratch): 123 reads, 2 writes
Console: 831 characters output
Keyboard: 0 keys pressed
Exception: 0 page faults
Powering off...

- - - - - - - - - - - - - - - - - - - - - - - - - - - - - - - - - - - - - - 

DETAILS OF tests/filesys/base/sm-create FAILURE:

Run didn't produce any output

OUTPUT FROM tests/filesys/base/sm-create:

Copying tests/filesys/base/sm-create to scratch partition...
qemu -hda /tmp/user/1002/RLx4P45WE1.dsk -m 4 -net none -nographic -monitor null
PiLo hda1
Loading.........
Kernel command line: -q -f extract run sm-create
Pintos booting with 3,968 kB RAM...
367 pages available in kernel pool.
367 pages available in user pool.
Calibrating timer...  314,163,200 loops/s.
hda: 5,040 sectors (2 MB), model "QM00001", serial "QEMU HARDDISK"
hda1: 147 sectors (73 kB), Pintos OS kernel (20)
hda2: 4,096 sectors (2 MB), Pintos file system (21)
hda3: 111 sectors (55 kB), Pintos scratch (22)
filesys: using hda2
scratch: using hda3
Formatting file system...done.
Boot complete.
Extracting ustar archive from scratch device into file system...
Putting 'sm-create' into the file system...
Erasing ustar archive...
Executing 'sm-create':
Execution of 'sm-create' complete.
Timer: 86 ticks
Thread: 0 idle ticks, 0 kernel ticks, 0 user ticks
hda2 (filesys): 26 reads, 226 writes
hda3 (scratch): 110 reads, 2 writes
Console: 831 characters output
Keyboard: 0 keys pressed
Exception: 0 page faults
Powering off...

- - - - - - - - - - - - - - - - - - - - - - - - - - - - - - - - - - - - - - 

DETAILS OF tests/filesys/base/sm-full FAILURE:

Run didn't produce any output

OUTPUT FROM tests/filesys/base/sm-full:

Copying tests/filesys/base/sm-full to scratch partition...
qemu -hda /tmp/user/1002/UajLup_QaQ.dsk -m 4 -net none -nographic -monitor null
PiLo hda1
Loading.........
Kernel command line: -q -f extract run sm-full
Pintos booting with 3,968 kB RAM...
367 pages available in kernel pool.
367 pages available in user pool.
Calibrating timer...  314,163,200 loops/s.
hda: 5,040 sectors (2 MB), model "QM00001", serial "QEMU HARDDISK"
hda1: 147 sectors (73 kB), Pintos OS kernel (20)
hda2: 4,096 sectors (2 MB), Pintos file system (21)
hda3: 111 sectors (55 kB), Pintos scratch (22)
filesys: using hda2
scratch: using hda3
Formatting file system...done.
Boot complete.
Extracting ustar archive from scratch device into file system...
Putting 'sm-full' into the file system...
Erasing ustar archive...
Executing 'sm-full':
Execution of 'sm-full' complete.
Timer: 89 ticks
Thread: 0 idle ticks, 0 kernel ticks, 0 user ticks
hda2 (filesys): 26 reads, 226 writes
hda3 (scratch): 110 reads, 2 writes
Console: 823 characters output
Keyboard: 0 keys pressed
Exception: 0 page faults
Powering off...

- - - - - - - - - - - - - - - - - - - - - - - - - - - - - - - - - - - - - - 

DETAILS OF tests/filesys/base/sm-random FAILURE:

Run didn't produce any output

OUTPUT FROM tests/filesys/base/sm-random:

Copying tests/filesys/base/sm-random to scratch partition...
qemu -hda /tmp/user/1002/rETe2iy5aj.dsk -m 4 -net none -nographic -monitor null
PiLo hda1
Loading.........
Kernel command line: -q -f extract run sm-random
Pintos booting with 3,968 kB RAM...
367 pages available in kernel pool.
367 pages available in user pool.
Calibrating timer...  314,163,200 loops/s.
hda: 5,040 sectors (2 MB), model "QM00001", serial "QEMU HARDDISK"
hda1: 147 sectors (73 kB), Pintos OS kernel (20)
hda2: 4,096 sectors (2 MB), Pintos file system (21)
hda3: 113 sectors (56 kB), Pintos scratch (22)
filesys: using hda2
scratch: using hda3
Formatting file system...done.
Boot complete.
Extracting ustar archive from scratch device into file system...
Putting 'sm-random' into the file system...
Erasing ustar archive...
Executing 'sm-random':
Execution of 'sm-random' complete.
Timer: 86 ticks
Thread: 0 idle ticks, 0 kernel ticks, 0 user ticks
hda2 (filesys): 26 reads, 230 writes
hda3 (scratch): 112 reads, 2 writes
Console: 831 characters output
Keyboard: 0 keys pressed
Exception: 0 page faults
Powering off...

- - - - - - - - - - - - - - - - - - - - - - - - - - - - - - - - - - - - - - 

DETAILS OF tests/filesys/base/sm-seq-block FAILURE:

Run didn't produce any output

OUTPUT FROM tests/filesys/base/sm-seq-block:

Copying tests/filesys/base/sm-seq-block to scratch partition...
qemu -hda /tmp/user/1002/CmYBVMYFHi.dsk -m 4 -net none -nographic -monitor null
PiLo hda1
Loading.........
Kernel command line: -q -f extract run sm-seq-block
Pintos booting with 3,968 kB RAM...
367 pages available in kernel pool.
367 pages available in user pool.
Calibrating timer...  314,163,200 loops/s.
hda: 5,040 sectors (2 MB), model "QM00001", serial "QEMU HARDDISK"
hda1: 147 sectors (73 kB), Pintos OS kernel (20)
hda2: 4,096 sectors (2 MB), Pintos file system (21)
hda3: 111 sectors (55 kB), Pintos scratch (22)
filesys: using hda2
scratch: using hda3
Formatting file system...done.
Boot complete.
Extracting ustar archive from scratch device into file system...
Putting 'sm-seq-block' into the file system...
Erasing ustar archive...
Executing 'sm-seq-block':
Execution of 'sm-seq-block' complete.
Timer: 84 ticks
Thread: 0 idle ticks, 0 kernel ticks, 0 user ticks
hda2 (filesys): 26 reads, 226 writes
hda3 (scratch): 110 reads, 2 writes
Console: 843 characters output
Keyboard: 0 keys pressed
Exception: 0 page faults
Powering off...

- - - - - - - - - - - - - - - - - - - - - - - - - - - - - - - - - - - - - - 

DETAILS OF tests/filesys/base/sm-seq-random FAILURE:

Run didn't produce any output

OUTPUT FROM tests/filesys/base/sm-seq-random:

Copying tests/filesys/base/sm-seq-random to scratch partition...
qemu -hda /tmp/user/1002/BhGdknsfRe.dsk -m 4 -net none -nographic -monitor null
PiLo hda1
Loading.........
Kernel command line: -q -f extract run sm-seq-random
Pintos booting with 3,968 kB RAM...
367 pages available in kernel pool.
367 pages available in user pool.
Calibrating timer...  314,163,200 loops/s.
hda: 5,040 sectors (2 MB), model "QM00001", serial "QEMU HARDDISK"
hda1: 147 sectors (73 kB), Pintos OS kernel (20)
hda2: 4,096 sectors (2 MB), Pintos file system (21)
hda3: 111 sectors (55 kB), Pintos scratch (22)
filesys: using hda2
scratch: using hda3
Formatting file system...done.
Boot complete.
Extracting ustar archive from scratch device into file system...
Putting 'sm-seq-random' into the file system...
Erasing ustar archive...
Executing 'sm-seq-random':
Execution of 'sm-seq-random' complete.
Timer: 89 ticks
Thread: 0 idle ticks, 0 kernel ticks, 0 user ticks
hda2 (filesys): 26 reads, 226 writes
hda3 (scratch): 110 reads, 2 writes
Console: 847 characters output
Keyboard: 0 keys pressed
Exception: 0 page faults
Powering off...

- - - - - - - - - - - - - - - - - - - - - - - - - - - - - - - - - - - - - - 

DETAILS OF tests/filesys/base/lg-create FAILURE:

Run didn't produce any output

OUTPUT FROM tests/filesys/base/lg-create:

Copying tests/filesys/base/lg-create to scratch partition...
qemu -hda /tmp/user/1002/H7rNS3FRcL.dsk -m 4 -net none -nographic -monitor null
PiLo hda1
Loading.........
Kernel command line: -q -f extract run lg-create
Pintos booting with 3,968 kB RAM...
367 pages available in kernel pool.
367 pages available in user pool.
Calibrating timer...  314,163,200 loops/s.
hda: 5,040 sectors (2 MB), model "QM00001", serial "QEMU HARDDISK"
hda1: 147 sectors (73 kB), Pintos OS kernel (20)
hda2: 4,096 sectors (2 MB), Pintos file system (21)
hda3: 111 sectors (55 kB), Pintos scratch (22)
filesys: using hda2
scratch: using hda3
Formatting file system...done.
Boot complete.
Extracting ustar archive from scratch device into file system...
Putting 'lg-create' into the file system...
Erasing ustar archive...
Executing 'lg-create':
Execution of 'lg-create' complete.
Timer: 85 ticks
Thread: 0 idle ticks, 0 kernel ticks, 0 user ticks
hda2 (filesys): 26 reads, 226 writes
hda3 (scratch): 110 reads, 2 writes
Console: 831 characters output
Keyboard: 0 keys pressed
Exception: 0 page faults
Powering off...

- - - - - - - - - - - - - - - - - - - - - - - - - - - - - - - - - - - - - - 

DETAILS OF tests/filesys/base/lg-full FAILURE:

Run didn't produce any output

OUTPUT FROM tests/filesys/base/lg-full:

Copying tests/filesys/base/lg-full to scratch partition...
qemu -hda /tmp/user/1002/bFBS3CJteh.dsk -m 4 -net none -nographic -monitor null
PiLo hda1
Loading.........
Kernel command line: -q -f extract run lg-full
Pintos booting with 3,968 kB RAM...
367 pages available in kernel pool.
367 pages available in user pool.
Calibrating timer...  314,163,200 loops/s.
hda: 5,040 sectors (2 MB), model "QM00001", serial "QEMU HARDDISK"
hda1: 147 sectors (73 kB), Pintos OS kernel (20)
hda2: 4,096 sectors (2 MB), Pintos file system (21)
hda3: 111 sectors (55 kB), Pintos scratch (22)
filesys: using hda2
scratch: using hda3
Formatting file system...done.
Boot complete.
Extracting ustar archive from scratch device into file system...
Putting 'lg-full' into the file system...
Erasing ustar archive...
Executing 'lg-full':
Execution of 'lg-full' complete.
Timer: 86 ticks
Thread: 0 idle ticks, 0 kernel ticks, 0 user ticks
hda2 (filesys): 26 reads, 226 writes
hda3 (scratch): 110 reads, 2 writes
Console: 823 characters output
Keyboard: 0 keys pressed
Exception: 0 page faults
Powering off...

- - - - - - - - - - - - - - - - - - - - - - - - - - - - - - - - - - - - - - 

DETAILS OF tests/filesys/base/lg-random FAILURE:

Run didn't produce any output

OUTPUT FROM tests/filesys/base/lg-random:

Copying tests/filesys/base/lg-random to scratch partition...
qemu -hda /tmp/user/1002/LSXVkx6Us5.dsk -m 4 -net none -nographic -monitor null
PiLo hda1
Loading.........
Kernel command line: -q -f extract run lg-random
Pintos booting with 3,968 kB RAM...
367 pages available in kernel pool.
367 pages available in user pool.
Calibrating timer...  314,163,200 loops/s.
hda: 5,040 sectors (2 MB), model "QM00001", serial "QEMU HARDDISK"
hda1: 147 sectors (73 kB), Pintos OS kernel (20)
hda2: 4,096 sectors (2 MB), Pintos file system (21)
hda3: 113 sectors (56 kB), Pintos scratch (22)
filesys: using hda2
scratch: using hda3
Formatting file system...done.
Boot complete.
Extracting ustar archive from scratch device into file system...
Putting 'lg-random' into the file system...
Erasing ustar archive...
Executing 'lg-random':
Execution of 'lg-random' complete.
Timer: 85 ticks
Thread: 0 idle ticks, 0 kernel ticks, 0 user ticks
hda2 (filesys): 26 reads, 230 writes
hda3 (scratch): 112 reads, 2 writes
Console: 831 characters output
Keyboard: 0 keys pressed
Exception: 0 page faults
Powering off...

- - - - - - - - - - - - - - - - - - - - - - - - - - - - - - - - - - - - - - 

DETAILS OF tests/filesys/base/lg-seq-block FAILURE:

Run didn't produce any output

OUTPUT FROM tests/filesys/base/lg-seq-block:

Copying tests/filesys/base/lg-seq-block to scratch partition...
qemu -hda /tmp/user/1002/18_OW4yDQM.dsk -m 4 -net none -nographic -monitor null
PiLo hda1
Loading.........
Kernel command line: -q -f extract run lg-seq-block
Pintos booting with 3,968 kB RAM...
367 pages available in kernel pool.
367 pages available in user pool.
Calibrating timer...  314,163,200 loops/s.
hda: 5,040 sectors (2 MB), model "QM00001", serial "QEMU HARDDISK"
hda1: 147 sectors (73 kB), Pintos OS kernel (20)
hda2: 4,096 sectors (2 MB), Pintos file system (21)
hda3: 111 sectors (55 kB), Pintos scratch (22)
filesys: using hda2
scratch: using hda3
Formatting file system...done.
Boot complete.
Extracting ustar archive from scratch device into file system...
Putting 'lg-seq-block' into the file system...
Erasing ustar archive...
Executing 'lg-seq-block':
Execution of 'lg-seq-block' complete.
Timer: 84 ticks
Thread: 0 idle ticks, 0 kernel ticks, 0 user ticks
hda2 (filesys): 26 reads, 226 writes
hda3 (scratch): 110 reads, 2 writes
Console: 843 characters output
Keyboard: 0 keys pressed
Exception: 0 page faults
Powering off...

- - - - - - - - - - - - - - - - - - - - - - - - - - - - - - - - - - - - - - 

DETAILS OF tests/filesys/base/lg-seq-random FAILURE:

Run didn't produce any output

OUTPUT FROM tests/filesys/base/lg-seq-random:

Copying tests/filesys/base/lg-seq-random to scratch partition...
qemu -hda /tmp/user/1002/V6JAazSb3i.dsk -m 4 -net none -nographic -monitor null
PiLo hda1
Loading.........
Kernel command line: -q -f extract run lg-seq-random
Pintos booting with 3,968 kB RAM...
367 pages available in kernel pool.
367 pages available in user pool.
Calibrating timer...  314,163,200 loops/s.
hda: 5,040 sectors (2 MB), model "QM00001", serial "QEMU HARDDISK"
hda1: 147 sectors (73 kB), Pintos OS kernel (20)
hda2: 4,096 sectors (2 MB), Pintos file system (21)
hda3: 111 sectors (55 kB), Pintos scratch (22)
filesys: using hda2
scratch: using hda3
Formatting file system...done.
Boot complete.
Extracting ustar archive from scratch device into file system...
Putting 'lg-seq-random' into the file system...
Erasing ustar archive...
Executing 'lg-seq-random':
Execution of 'lg-seq-random' complete.
Timer: 84 ticks
Thread: 0 idle ticks, 0 kernel ticks, 0 user ticks
hda2 (filesys): 26 reads, 226 writes
hda3 (scratch): 110 reads, 2 writes
Console: 847 characters output
Keyboard: 0 keys pressed
Exception: 0 page faults
Powering off...

- - - - - - - - - - - - - - - - - - - - - - - - - - - - - - - - - - - - - - 

DETAILS OF tests/filesys/base/syn-read FAILURE:

Run didn't produce any output

OUTPUT FROM tests/filesys/base/syn-read:

Copying tests/filesys/base/syn-read to scratch partition...
Copying tests/filesys/base/child-syn-read to scratch partition...
qemu -hda /tmp/user/1002/KZtOSyGQGU.dsk -m 4 -net none -nographic -monitor null
PiLo hda1
Loading.........
Kernel command line: -q -f extract run syn-read
Pintos booting with 3,968 kB RAM...
367 pages available in kernel pool.
367 pages available in user pool.
Calibrating timer...  314,163,200 loops/s.
hda: 5,040 sectors (2 MB), model "QM00001", serial "QEMU HARDDISK"
hda1: 147 sectors (73 kB), Pintos OS kernel (20)
hda2: 4,096 sectors (2 MB), Pintos file system (21)
hda3: 233 sectors (116 kB), Pintos scratch (22)
filesys: using hda2
scratch: using hda3
Formatting file system...done.
Boot complete.
Extracting ustar archive from scratch device into file system...
Putting 'syn-read' into the file system...
Putting 'child-syn-read' into the file system...
Erasing ustar archive...
Executing 'syn-read':
Execution of 'syn-read' complete.
Timer: 96 ticks
Thread: 0 idle ticks, 0 kernel ticks, 0 user ticks
hda2 (filesys): 51 reads, 472 writes
hda3 (scratch): 232 reads, 2 writes
Console: 877 characters output
Keyboard: 0 keys pressed
Exception: 0 page faults
Powering off...

- - - - - - - - - - - - - - - - - - - - - - - - - - - - - - - - - - - - - - 

DETAILS OF tests/filesys/base/syn-write FAILURE:

Run didn't produce any output

OUTPUT FROM tests/filesys/base/syn-write:

Copying tests/filesys/base/syn-write to scratch partition...
Copying tests/filesys/base/child-syn-wrt to scratch partition...
qemu -hda /tmp/user/1002/EiyuhkIfP2.dsk -m 4 -net none -nographic -monitor null
PiLo hda1
Loading.........
Kernel command line: -q -f extract run syn-write
Pintos booting with 3,968 kB RAM...
367 pages available in kernel pool.
367 pages available in user pool.
Calibrating timer...  314,163,200 loops/s.
hda: 5,040 sectors (2 MB), model "QM00001", serial "QEMU HARDDISK"
hda1: 147 sectors (73 kB), Pintos OS kernel (20)
hda2: 4,096 sectors (2 MB), Pintos file system (21)
hda3: 233 sectors (116 kB), Pintos scratch (22)
filesys: using hda2
scratch: using hda3
Formatting file system...done.
Boot complete.
Extracting ustar archive from scratch device into file system...
Putting 'syn-write' into the file system...
Putting 'child-syn-wrt' into the file system...
Erasing ustar archive...
Executing 'syn-write':
Execution of 'syn-write' complete.
Timer: 99 ticks
Thread: 0 idle ticks, 0 kernel ticks, 0 user ticks
hda2 (filesys): 51 reads, 472 writes
hda3 (scratch): 232 reads, 2 writes
Console: 880 characters output
Keyboard: 0 keys pressed
Exception: 0 page faults
Powering off...

- - - - - - - - - - - - - - - - - - - - - - - - - - - - - - - - - - - - - - 

DETAILS OF tests/filesys/base/syn-remove FAILURE:

Run didn't produce any output

OUTPUT FROM tests/filesys/base/syn-remove:

Copying tests/filesys/base/syn-remove to scratch partition...
qemu -hda /tmp/user/1002/ItFjKt9V83.dsk -m 4 -net none -nographic -monitor null
PiLo hda1
Loading.........
Kernel command line: -q -f extract run syn-remove
Pintos booting with 3,968 kB RAM...
367 pages available in kernel pool.
367 pages available in user pool.
Calibrating timer...  314,163,200 loops/s.
hda: 5,040 sectors (2 MB), model "QM00001", serial "QEMU HARDDISK"
hda1: 147 sectors (73 kB), Pintos OS kernel (20)
hda2: 4,096 sectors (2 MB), Pintos file system (21)
hda3: 112 sectors (56 kB), Pintos scratch (22)
filesys: using hda2
scratch: using hda3
Formatting file system...done.
Boot complete.
Extracting ustar archive from scratch device into file system...
Putting 'syn-remove' into the file system...
Erasing ustar archive...
Executing 'syn-remove':
Execution of 'syn-remove' complete.
Timer: 86 ticks
Thread: 0 idle ticks, 0 kernel ticks, 0 user ticks
hda2 (filesys): 26 reads, 228 writes
hda3 (scratch): 111 reads, 2 writes
Console: 835 characters output
Keyboard: 0 keys pressed
Exception: 0 page faults
Powering off...
make[1]: Leaving directory '/home/team46a/pintos/src/userprog/build'
